#
# There is insufficient memory for the Java Runtime Environment to continue.
# Native memory allocation (malloc) failed to allocate 1048576 bytes for AllocateHeap
# Possible reasons:
#   The system is out of physical RAM or swap space
#   The process is running with CompressedOops enabled, and the Java Heap may be blocking the growth of the native heap
# Possible solutions:
#   Reduce memory load on the system
#   Increase physical memory or swap space
#   Check if swap backing store is full
#   Decrease Java heap size (-Xmx/-Xms)
#   Decrease number of Java threads
#   Decrease Java thread stack sizes (-Xss)
#   Set larger code cache with -XX:ReservedCodeCacheSize=
#   JVM is running with Unscaled Compressed Oops mode in which the Java heap is
#     placed in the first 4GB address space. The Java Heap base address is the
#     maximum limit for the native heap growth. Please use -XX:HeapBaseMinAddress
#     to set the Java Heap base and to place the Java Heap above 4GB virtual address.
# This output file may be truncated or incomplete.
#
#  Out of Memory Error (t:/workspace/open/src/hotspot/share/memory/allocation.cpp:45), pid=20356, tid=20440
#
# JRE version: Java(TM) SE Runtime Environment (13.0+33) (build 13+33)
# Java VM: Java HotSpot(TM) 64-Bit Server VM (13+33, mixed mode, sharing, tiered, compressed oops, g1 gc, windows-amd64)
# No core dump will be written. Minidumps are not enabled by default on client versions of Windows
#

---------------  S U M M A R Y ------------

Command Line: -Dfile.encoding=Cp1251 yolocha.pr1

Host: AMD FX-8320E Eight-Core Processor              , 8 cores, 7G,  Windows 10 , 64 bit Build 18362 (10.0.18362.329)
Time: Mon Oct  7 15:30:03 2019 RTZ 2 (ceia) elapsed time: 0 seconds (0d 0h 0m 0s)

---------------  T H R E A D  ---------------

Current thread (0x00000211af84b800):  VMThread "VM Thread" [stack: 0x000000457e200000,0x000000457e300000] [id=20440]

Stack: [0x000000457e200000,0x000000457e300000]
[error occurred during error reporting (printing stack bounds), id 0xc0000005, EXCEPTION_ACCESS_VIOLATION (0xc0000005) at pc=0x0000021198e410ad]

Native frames: (J=compiled Java code, j=interpreted, Vv=VM code, C=native code)
V  [jvm.dll+0x626eaa]
V  [jvm.dll+0x772c4a]
V  [jvm.dll+0x7743ff]
V  [jvm.dll+0x774965]
V  [jvm.dll+0x77491b]
V  [jvm.dll+0x6266df]
C  [ntdll.dll+0x78636]
C  [ntdll.dll+0x6a0d6]
C  [ntdll.dll+0x9fe6e]
C  0x0000021198e410ad

VM_Operation (0x000000457dcfc7e0): CollectForMetadataAllocation, mode: safepoint, requested by thread 0x000002119093a800


---------------  P R O C E S S  ---------------

Threads class SMR info:
_java_thread_list=0x00000211b0521cf0, length=13, elements={
0x000002119093a800, 0x00000211af84d000, 0x00000211af850800, 0x00000211af86f000,
0x00000211af86f800, 0x00000211af872800, 0x00000211af87d000, 0x00000211af886000,
0x00000211b02d7800, 0x00000211b02de800, 0x00000211b0518800, 0x00000211b051e800,
0x00000211b0526000
}

Java Threads: ( => current thread )
  0x000002119093a800 JavaThread "main" [_thread_blocked, id=20408, stack(0x000000457dc00000,0x000000457dd00000)]
  0x00000211af84d000 JavaThread "Reference Handler" daemon [_thread_blocked, id=20444, stack(0x000000457e300000,0x000000457e400000)]
  0x00000211af850800 JavaThread "Finalizer" daemon [_thread_blocked, id=20448, stack(0x000000457e400000,0x000000457e500000)]
  0x00000211af86f000 JavaThread "Signal Dispatcher" daemon [_thread_blocked, id=20452, stack(0x000000457e500000,0x000000457e600000)]
  0x00000211af86f800 JavaThread "Attach Listener" daemon [_thread_blocked, id=20456, stack(0x000000457e600000,0x000000457e700000)]
  0x00000211af872800 JavaThread "C2 CompilerThread0" daemon [_thread_blocked, id=20460, stack(0x000000457e700000,0x000000457e800000)]
  0x00000211af87d000 JavaThread "C1 CompilerThread0" daemon [_thread_blocked, id=20464, stack(0x000000457e800000,0x000000457e900000)]
  0x00000211af886000 JavaThread "Sweeper thread" daemon [_thread_blocked, id=20468, stack(0x000000457e900000,0x000000457ea00000)]
  0x00000211b02d7800 JavaThread "Service Thread" daemon [_thread_blocked, id=20472, stack(0x000000457ea00000,0x000000457eb00000)]
  0x00000211b02de800 JavaThread "Common-Cleaner" daemon [_thread_blocked, id=17500, stack(0x000000457ec00000,0x000000457ed00000)]
  0x00000211b0518800 JavaThread "Java2D Disposer" daemon [_thread_blocked, id=18488, stack(0x000000457ed00000,0x000000457ee00000)]
  0x00000211b051e800 JavaThread "AWT-Shutdown" [_thread_blocked, id=19460, stack(0x000000457ee00000,0x000000457ef00000)]
  0x00000211b0526000 JavaThread "AWT-Windows" daemon [_thread_in_native, id=19464, stack(0x000000457ef00000,0x000000457f000000)]

Other Threads:
=>0x00000211af84b800 VMThread "VM Thread" [stack: 0x000000457e200000,0x000000457e300000] [id=20440]
  0x00000211b02d9800 WatcherThread [stack: 0x000000457eb00000,0x000000457ec00000] [id=20476]
  0x000002119097e800 GCTaskThread "GC Thread#0" [stack: 0x000000457dd00000,0x000000457de00000] [id=20420]
  0x00000211b123c800 GCTaskThread "GC Thread#1" [stack: 0x000000457f100000,0x000000457f200000] [id=19512]
  0x00000211b123d800 GCTaskThread "GC Thread#2" [stack: 0x000000457f200000,0x000000457f300000] [id=19600]
  0x00000211b1241000 GCTaskThread "GC Thread#3" [stack: 0x000000457f300000,0x000000457f400000] [id=19536]
  0x0000021190992800 ConcurrentGCThread "G1 Main Marker" [stack: 0x000000457de00000,0x000000457df00000] [id=20424]
  0x0000021190994000 ConcurrentGCThread "G1 Conc#0" [stack: 0x000000457df00000,0x000000457e000000] [id=20428]
  0x00000211af6c4800 ConcurrentGCThread "G1 Refine#0" [stack: 0x000000457e000000,0x000000457e100000] [id=20432]
  0x00000211af6c9000 ConcurrentGCThread "G1 Young RemSet Sampling" [stack: 0x000000457e100000,0x000000457e200000] [id=20436]

Threads with active compile tasks:

VM state:at safepoint (normal execution)

VM Mutex/Monitor currently owned by a thread:  ([mutex/lock_event])
[0x000002118e7d2740] Threads_lock - owner thread: 0x00000211af84b800
[0x000002118e7d15d0] Heap_lock - owner thread: 0x000002119093a800

OutOfMemory and StackOverflow Exception counts:
OutOfMemoryError java_heap_errors=1
LinkageErrors=6

Heap address: 0x0000000080c00000, size: 2036 MB, Compressed Oops mode: 32-bit
Narrow klass base: 0x0000000800000000, Narrow klass shift: 3
Compressed class space size: 1073741824 Address: 0x0000000800b40000

Heap:
 garbage-first heap   total 131072K, used 1427K [0x0000000080c00000, 0x0000000100000000)
  region size 1024K, 2 young (2048K), 2 survivors (2048K)
 Metaspace       used 4811K, capacity 4993K, committed 5120K, reserved 1064960K
  class space    used 533K, capacity 654K, committed 768K, reserved 1048576K
Heap Regions: E=young(eden), S=young(survivor), O=old, HS=humongous(starts), HC=humongous(continues), CS=collection set, F=free, A=archive, TAMS=top-at-mark-start (previous, next)
|   0|0x0000000080c00000, 0x0000000080c00000, 0x0000000080d00000|  0%| F|  |TAMS 0x0000000080c00000, 0x0000000080c00000| Untracked 
|   1|0x0000000080d00000, 0x0000000080d00000, 0x0000000080e00000|  0%| F|  |TAMS 0x0000000080d00000, 0x0000000080d00000| Untracked 
|   2|0x0000000080e00000, 0x0000000080e00000, 0x0000000080f00000|  0%| F|  |TAMS 0x0000000080e00000, 0x0000000080e00000| Untracked 
|   3|0x0000000080f00000, 0x0000000080f00000, 0x0000000081000000|  0%| F|  |TAMS 0x0000000080f00000, 0x0000000080f00000| Untracked 
|   4|0x0000000081000000, 0x0000000081000000, 0x0000000081100000|  0%| F|  |TAMS 0x0000000081000000, 0x0000000081000000| Untracked 
|   5|0x0000000081100000, 0x0000000081100000, 0x0000000081200000|  0%| F|  |TAMS 0x0000000081100000, 0x0000000081100000| Untracked 
|   6|0x0000000081200000, 0x0000000081200000, 0x0000000081300000|  0%| F|  |TAMS 0x0000000081200000, 0x0000000081200000| Untracked 
|   7|0x0000000081300000, 0x0000000081300000, 0x0000000081400000|  0%| F|  |TAMS 0x0000000081300000, 0x0000000081300000| Untracked 
|   8|0x0000000081400000, 0x0000000081400000, 0x0000000081500000|  0%| F|  |TAMS 0x0000000081400000, 0x0000000081400000| Untracked 
|   9|0x0000000081500000, 0x0000000081500000, 0x0000000081600000|  0%| F|  |TAMS 0x0000000081500000, 0x0000000081500000| Untracked 
|  10|0x0000000081600000, 0x0000000081600000, 0x0000000081700000|  0%| F|  |TAMS 0x0000000081600000, 0x0000000081600000| Untracked 
|  11|0x0000000081700000, 0x0000000081700000, 0x0000000081800000|  0%| F|  |TAMS 0x0000000081700000, 0x0000000081700000| Untracked 
|  12|0x0000000081800000, 0x0000000081800000, 0x0000000081900000|  0%| F|  |TAMS 0x0000000081800000, 0x0000000081800000| Untracked 
|  13|0x0000000081900000, 0x0000000081900000, 0x0000000081a00000|  0%| F|  |TAMS 0x0000000081900000, 0x0000000081900000| Untracked 
|  14|0x0000000081a00000, 0x0000000081a00000, 0x0000000081b00000|  0%| F|  |TAMS 0x0000000081a00000, 0x0000000081a00000| Untracked 
|  15|0x0000000081b00000, 0x0000000081b00000, 0x0000000081c00000|  0%| F|  |TAMS 0x0000000081b00000, 0x0000000081b00000| Untracked 
|  16|0x0000000081c00000, 0x0000000081c00000, 0x0000000081d00000|  0%| F|  |TAMS 0x0000000081c00000, 0x0000000081c00000| Untracked 
|  17|0x0000000081d00000, 0x0000000081d00000, 0x0000000081e00000|  0%| F|  |TAMS 0x0000000081d00000, 0x0000000081d00000| Untracked 
|  18|0x0000000081e00000, 0x0000000081e00000, 0x0000000081f00000|  0%| F|  |TAMS 0x0000000081e00000, 0x0000000081e00000| Untracked 
|  19|0x0000000081f00000, 0x0000000081f00000, 0x0000000082000000|  0%| F|  |TAMS 0x0000000081f00000, 0x0000000081f00000| Untracked 
|  20|0x0000000082000000, 0x0000000082000000, 0x0000000082100000|  0%| F|  |TAMS 0x0000000082000000, 0x0000000082000000| Untracked 
|  21|0x0000000082100000, 0x0000000082100000, 0x0000000082200000|  0%| F|  |TAMS 0x0000000082100000, 0x0000000082100000| Untracked 
|  22|0x0000000082200000, 0x0000000082200000, 0x0000000082300000|  0%| F|  |TAMS 0x0000000082200000, 0x0000000082200000| Untracked 
|  23|0x0000000082300000, 0x0000000082300000, 0x0000000082400000|  0%| F|  |TAMS 0x0000000082300000, 0x0000000082300000| Untracked 
|  24|0x0000000082400000, 0x0000000082400000, 0x0000000082500000|  0%| F|  |TAMS 0x0000000082400000, 0x0000000082400000| Untracked 
|  25|0x0000000082500000, 0x0000000082500000, 0x0000000082600000|  0%| F|  |TAMS 0x0000000082500000, 0x0000000082500000| Untracked 
|  26|0x0000000082600000, 0x0000000082600000, 0x0000000082700000|  0%| F|  |TAMS 0x0000000082600000, 0x0000000082600000| Untracked 
|  27|0x0000000082700000, 0x0000000082700000, 0x0000000082800000|  0%| F|  |TAMS 0x0000000082700000, 0x0000000082700000| Untracked 
|  28|0x0000000082800000, 0x0000000082800000, 0x0000000082900000|  0%| F|  |TAMS 0x0000000082800000, 0x0000000082800000| Untracked 
|  29|0x0000000082900000, 0x0000000082900000, 0x0000000082a00000|  0%| F|  |TAMS 0x0000000082900000, 0x0000000082900000| Untracked 
|  30|0x0000000082a00000, 0x0000000082a00000, 0x0000000082b00000|  0%| F|  |TAMS 0x0000000082a00000, 0x0000000082a00000| Untracked 
|  31|0x0000000082b00000, 0x0000000082b00000, 0x0000000082c00000|  0%| F|  |TAMS 0x0000000082b00000, 0x0000000082b00000| Untracked 
|  32|0x0000000082c00000, 0x0000000082c00000, 0x0000000082d00000|  0%| F|  |TAMS 0x0000000082c00000, 0x0000000082c00000| Untracked 
|  33|0x0000000082d00000, 0x0000000082d00000, 0x0000000082e00000|  0%| F|  |TAMS 0x0000000082d00000, 0x0000000082d00000| Untracked 
|  34|0x0000000082e00000, 0x0000000082e00000, 0x0000000082f00000|  0%| F|  |TAMS 0x0000000082e00000, 0x0000000082e00000| Untracked 
|  35|0x0000000082f00000, 0x0000000082f00000, 0x0000000083000000|  0%| F|  |TAMS 0x0000000082f00000, 0x0000000082f00000| Untracked 
|  36|0x0000000083000000, 0x0000000083000000, 0x0000000083100000|  0%| F|  |TAMS 0x0000000083000000, 0x0000000083000000| Untracked 
|  37|0x0000000083100000, 0x0000000083100000, 0x0000000083200000|  0%| F|  |TAMS 0x0000000083100000, 0x0000000083100000| Untracked 
|  38|0x0000000083200000, 0x0000000083200000, 0x0000000083300000|  0%| F|  |TAMS 0x0000000083200000, 0x0000000083200000| Untracked 
|  39|0x0000000083300000, 0x0000000083300000, 0x0000000083400000|  0%| F|  |TAMS 0x0000000083300000, 0x0000000083300000| Untracked 
|  40|0x0000000083400000, 0x0000000083400000, 0x0000000083500000|  0%| F|  |TAMS 0x0000000083400000, 0x0000000083400000| Untracked 
|  41|0x0000000083500000, 0x0000000083500000, 0x0000000083600000|  0%| F|  |TAMS 0x0000000083500000, 0x0000000083500000| Untracked 
|  42|0x0000000083600000, 0x0000000083600000, 0x0000000083700000|  0%| F|  |TAMS 0x0000000083600000, 0x0000000083600000| Untracked 
|  43|0x0000000083700000, 0x0000000083700000, 0x0000000083800000|  0%| F|  |TAMS 0x0000000083700000, 0x0000000083700000| Untracked 
|  44|0x0000000083800000, 0x0000000083800000, 0x0000000083900000|  0%| F|  |TAMS 0x0000000083800000, 0x0000000083800000| Untracked 
|  45|0x0000000083900000, 0x0000000083900000, 0x0000000083a00000|  0%| F|  |TAMS 0x0000000083900000, 0x0000000083900000| Untracked 
|  46|0x0000000083a00000, 0x0000000083a00000, 0x0000000083b00000|  0%| F|  |TAMS 0x0000000083a00000, 0x0000000083a00000| Untracked 
|  47|0x0000000083b00000, 0x0000000083b00000, 0x0000000083c00000|  0%| F|  |TAMS 0x0000000083b00000, 0x0000000083b00000| Untracked 
|  48|0x0000000083c00000, 0x0000000083c00000, 0x0000000083d00000|  0%| F|  |TAMS 0x0000000083c00000, 0x0000000083c00000| Untracked 
|  49|0x0000000083d00000, 0x0000000083d00000, 0x0000000083e00000|  0%| F|  |TAMS 0x0000000083d00000, 0x0000000083d00000| Untracked 
|  50|0x0000000083e00000, 0x0000000083e00000, 0x0000000083f00000|  0%| F|  |TAMS 0x0000000083e00000, 0x0000000083e00000| Untracked 
|  51|0x0000000083f00000, 0x0000000083f00000, 0x0000000084000000|  0%| F|  |TAMS 0x0000000083f00000, 0x0000000083f00000| Untracked 
|  52|0x0000000084000000, 0x0000000084000000, 0x0000000084100000|  0%| F|  |TAMS 0x0000000084000000, 0x0000000084000000| Untracked 
|  53|0x0000000084100000, 0x0000000084100000, 0x0000000084200000|  0%| F|  |TAMS 0x0000000084100000, 0x0000000084100000| Untracked 
|  54|0x0000000084200000, 0x0000000084200000, 0x0000000084300000|  0%| F|  |TAMS 0x0000000084200000, 0x0000000084200000| Untracked 
|  55|0x0000000084300000, 0x0000000084300000, 0x0000000084400000|  0%| F|  |TAMS 0x0000000084300000, 0x0000000084300000| Untracked 
|  56|0x0000000084400000, 0x0000000084400000, 0x0000000084500000|  0%| F|  |TAMS 0x0000000084400000, 0x0000000084400000| Untracked 
|  57|0x0000000084500000, 0x0000000084500000, 0x0000000084600000|  0%| F|  |TAMS 0x0000000084500000, 0x0000000084500000| Untracked 
|  58|0x0000000084600000, 0x0000000084600000, 0x0000000084700000|  0%| F|  |TAMS 0x0000000084600000, 0x0000000084600000| Untracked 
|  59|0x0000000084700000, 0x0000000084700000, 0x0000000084800000|  0%| F|  |TAMS 0x0000000084700000, 0x0000000084700000| Untracked 
|  60|0x0000000084800000, 0x0000000084800000, 0x0000000084900000|  0%| F|  |TAMS 0x0000000084800000, 0x0000000084800000| Untracked 
|  61|0x0000000084900000, 0x0000000084900000, 0x0000000084a00000|  0%| F|  |TAMS 0x0000000084900000, 0x0000000084900000| Untracked 
|  62|0x0000000084a00000, 0x0000000084a00000, 0x0000000084b00000|  0%| F|  |TAMS 0x0000000084a00000, 0x0000000084a00000| Untracked 
|  63|0x0000000084b00000, 0x0000000084b00000, 0x0000000084c00000|  0%| F|  |TAMS 0x0000000084b00000, 0x0000000084b00000| Untracked 
|  64|0x0000000084c00000, 0x0000000084c00000, 0x0000000084d00000|  0%| F|  |TAMS 0x0000000084c00000, 0x0000000084c00000| Untracked 
|  65|0x0000000084d00000, 0x0000000084d00000, 0x0000000084e00000|  0%| F|  |TAMS 0x0000000084d00000, 0x0000000084d00000| Untracked 
|  66|0x0000000084e00000, 0x0000000084e00000, 0x0000000084f00000|  0%| F|  |TAMS 0x0000000084e00000, 0x0000000084e00000| Untracked 
|  67|0x0000000084f00000, 0x0000000084f00000, 0x0000000085000000|  0%| F|  |TAMS 0x0000000084f00000, 0x0000000084f00000| Untracked 
|  68|0x0000000085000000, 0x0000000085000000, 0x0000000085100000|  0%| F|  |TAMS 0x0000000085000000, 0x0000000085000000| Untracked 
|  69|0x0000000085100000, 0x0000000085100000, 0x0000000085200000|  0%| F|  |TAMS 0x0000000085100000, 0x0000000085100000| Untracked 
|  70|0x0000000085200000, 0x0000000085200000, 0x0000000085300000|  0%| F|  |TAMS 0x0000000085200000, 0x0000000085200000| Untracked 
|  71|0x0000000085300000, 0x0000000085300000, 0x0000000085400000|  0%| F|  |TAMS 0x0000000085300000, 0x0000000085300000| Untracked 
|  72|0x0000000085400000, 0x0000000085400000, 0x0000000085500000|  0%| F|  |TAMS 0x0000000085400000, 0x0000000085400000| Untracked 
|  73|0x0000000085500000, 0x0000000085500000, 0x0000000085600000|  0%| F|  |TAMS 0x0000000085500000, 0x0000000085500000| Untracked 
|  74|0x0000000085600000, 0x0000000085600000, 0x0000000085700000|  0%| F|  |TAMS 0x0000000085600000, 0x0000000085600000| Untracked 
|  75|0x0000000085700000, 0x0000000085700000, 0x0000000085800000|  0%| F|  |TAMS 0x0000000085700000, 0x0000000085700000| Untracked 
|  76|0x0000000085800000, 0x0000000085800000, 0x0000000085900000|  0%| F|  |TAMS 0x0000000085800000, 0x0000000085800000| Untracked 
|  77|0x0000000085900000, 0x0000000085900000, 0x0000000085a00000|  0%| F|  |TAMS 0x0000000085900000, 0x0000000085900000| Untracked 
|  78|0x0000000085a00000, 0x0000000085a00000, 0x0000000085b00000|  0%| F|  |TAMS 0x0000000085a00000, 0x0000000085a00000| Untracked 
|  79|0x0000000085b00000, 0x0000000085b00000, 0x0000000085c00000|  0%| F|  |TAMS 0x0000000085b00000, 0x0000000085b00000| Untracked 
|  80|0x0000000085c00000, 0x0000000085c00000, 0x0000000085d00000|  0%| F|  |TAMS 0x0000000085c00000, 0x0000000085c00000| Untracked 
|  81|0x0000000085d00000, 0x0000000085d00000, 0x0000000085e00000|  0%| F|  |TAMS 0x0000000085d00000, 0x0000000085d00000| Untracked 
|  82|0x0000000085e00000, 0x0000000085e00000, 0x0000000085f00000|  0%| F|  |TAMS 0x0000000085e00000, 0x0000000085e00000| Untracked 
|  83|0x0000000085f00000, 0x0000000085f00000, 0x0000000086000000|  0%| F|  |TAMS 0x0000000085f00000, 0x0000000085f00000| Untracked 
|  84|0x0000000086000000, 0x0000000086000000, 0x0000000086100000|  0%| F|  |TAMS 0x0000000086000000, 0x0000000086000000| Untracked 
|  85|0x0000000086100000, 0x0000000086100000, 0x0000000086200000|  0%| F|  |TAMS 0x0000000086100000, 0x0000000086100000| Untracked 
|  86|0x0000000086200000, 0x0000000086200000, 0x0000000086300000|  0%| F|  |TAMS 0x0000000086200000, 0x0000000086200000| Untracked 
|  87|0x0000000086300000, 0x0000000086300000, 0x0000000086400000|  0%| F|  |TAMS 0x0000000086300000, 0x0000000086300000| Untracked 
|  88|0x0000000086400000, 0x0000000086400000, 0x0000000086500000|  0%| F|  |TAMS 0x0000000086400000, 0x0000000086400000| Untracked 
|  89|0x0000000086500000, 0x0000000086500000, 0x0000000086600000|  0%| F|  |TAMS 0x0000000086500000, 0x0000000086500000| Untracked 
|  90|0x0000000086600000, 0x0000000086600000, 0x0000000086700000|  0%| F|  |TAMS 0x0000000086600000, 0x0000000086600000| Untracked 
|  91|0x0000000086700000, 0x0000000086700000, 0x0000000086800000|  0%| F|  |TAMS 0x0000000086700000, 0x0000000086700000| Untracked 
|  92|0x0000000086800000, 0x0000000086800000, 0x0000000086900000|  0%| F|  |TAMS 0x0000000086800000, 0x0000000086800000| Untracked 
|  93|0x0000000086900000, 0x0000000086900000, 0x0000000086a00000|  0%| F|  |TAMS 0x0000000086900000, 0x0000000086900000| Untracked 
|  94|0x0000000086a00000, 0x0000000086a00000, 0x0000000086b00000|  0%| F|  |TAMS 0x0000000086a00000, 0x0000000086a00000| Untracked 
|  95|0x0000000086b00000, 0x0000000086b00000, 0x0000000086c00000|  0%| F|  |TAMS 0x0000000086b00000, 0x0000000086b00000| Untracked 
|  96|0x0000000086c00000, 0x0000000086c00000, 0x0000000086d00000|  0%| F|  |TAMS 0x0000000086c00000, 0x0000000086c00000| Untracked 
|  97|0x0000000086d00000, 0x0000000086d00000, 0x0000000086e00000|  0%| F|  |TAMS 0x0000000086d00000, 0x0000000086d00000| Untracked 
|  98|0x0000000086e00000, 0x0000000086e00000, 0x0000000086f00000|  0%| F|  |TAMS 0x0000000086e00000, 0x0000000086e00000| Untracked 
|  99|0x0000000086f00000, 0x0000000086f00000, 0x0000000087000000|  0%| F|  |TAMS 0x0000000086f00000, 0x0000000086f00000| Untracked 
| 100|0x0000000087000000, 0x0000000087000000, 0x0000000087100000|  0%| F|  |TAMS 0x0000000087000000, 0x0000000087000000| Untracked 
| 101|0x0000000087100000, 0x0000000087100000, 0x0000000087200000|  0%| F|  |TAMS 0x0000000087100000, 0x0000000087100000| Untracked 
| 102|0x0000000087200000, 0x0000000087200000, 0x0000000087300000|  0%| F|  |TAMS 0x0000000087200000, 0x0000000087200000| Untracked 
| 103|0x0000000087300000, 0x0000000087300000, 0x0000000087400000|  0%| F|  |TAMS 0x0000000087300000, 0x0000000087300000| Untracked 
| 104|0x0000000087400000, 0x0000000087400000, 0x0000000087500000|  0%| F|  |TAMS 0x0000000087400000, 0x0000000087400000| Untracked 
| 105|0x0000000087500000, 0x0000000087500000, 0x0000000087600000|  0%| F|  |TAMS 0x0000000087500000, 0x0000000087500000| Untracked 
| 106|0x0000000087600000, 0x0000000087600000, 0x0000000087700000|  0%| F|  |TAMS 0x0000000087600000, 0x0000000087600000| Untracked 
| 107|0x0000000087700000, 0x0000000087700000, 0x0000000087800000|  0%| F|  |TAMS 0x0000000087700000, 0x0000000087700000| Untracked 
| 108|0x0000000087800000, 0x0000000087800000, 0x0000000087900000|  0%| F|  |TAMS 0x0000000087800000, 0x0000000087800000| Untracked 
| 109|0x0000000087900000, 0x0000000087900000, 0x0000000087a00000|  0%| F|  |TAMS 0x0000000087900000, 0x0000000087900000| Untracked 
| 110|0x0000000087a00000, 0x0000000087a00000, 0x0000000087b00000|  0%| F|  |TAMS 0x0000000087a00000, 0x0000000087a00000| Untracked 
| 111|0x0000000087b00000, 0x0000000087b00000, 0x0000000087c00000|  0%| F|  |TAMS 0x0000000087b00000, 0x0000000087b00000| Untracked 
| 112|0x0000000087c00000, 0x0000000087c00000, 0x0000000087d00000|  0%| F|  |TAMS 0x0000000087c00000, 0x0000000087c00000| Untracked 
| 113|0x0000000087d00000, 0x0000000087d00000, 0x0000000087e00000|  0%| F|  |TAMS 0x0000000087d00000, 0x0000000087d00000| Untracked 
| 114|0x0000000087e00000, 0x0000000087e00000, 0x0000000087f00000|  0%| F|  |TAMS 0x0000000087e00000, 0x0000000087e00000| Untracked 
| 115|0x0000000087f00000, 0x0000000087f00000, 0x0000000088000000|  0%| F|  |TAMS 0x0000000087f00000, 0x0000000087f00000| Untracked 
| 116|0x0000000088000000, 0x0000000088000000, 0x0000000088100000|  0%| F|  |TAMS 0x0000000088000000, 0x0000000088000000| Untracked 
| 117|0x0000000088100000, 0x0000000088100000, 0x0000000088200000|  0%| F|  |TAMS 0x0000000088100000, 0x0000000088100000| Untracked 
| 118|0x0000000088200000, 0x0000000088200000, 0x0000000088300000|  0%| F|  |TAMS 0x0000000088200000, 0x0000000088200000| Untracked 
| 119|0x0000000088300000, 0x0000000088300000, 0x0000000088400000|  0%| F|  |TAMS 0x0000000088300000, 0x0000000088300000| Untracked 
| 120|0x0000000088400000, 0x0000000088400000, 0x0000000088500000|  0%| F|  |TAMS 0x0000000088400000, 0x0000000088400000| Untracked 
| 121|0x0000000088500000, 0x0000000088564ca0, 0x0000000088600000| 39%| S|CS|TAMS 0x0000000088500000, 0x0000000088500000| Complete 
| 122|0x0000000088600000, 0x0000000088700000, 0x0000000088700000|100%| S|CS|TAMS 0x0000000088600000, 0x0000000088600000| Complete 
| 123|0x0000000088700000, 0x0000000088700000, 0x0000000088800000|  0%| F|  |TAMS 0x0000000088700000, 0x0000000088700000| Untracked 
| 124|0x0000000088800000, 0x0000000088800000, 0x0000000088900000|  0%| F|  |TAMS 0x0000000088800000, 0x0000000088800000| Untracked 
| 125|0x0000000088900000, 0x0000000088900000, 0x0000000088a00000|  0%| F|  |TAMS 0x0000000088900000, 0x0000000088900000| Untracked 
| 126|0x0000000088a00000, 0x0000000088a00000, 0x0000000088b00000|  0%| F|  |TAMS 0x0000000088a00000, 0x0000000088a00000| Untracked 
| 127|0x0000000088b00000, 0x0000000088b00000, 0x0000000088c00000|  0%| F|  |TAMS 0x0000000088b00000, 0x0000000088b00000| Untracked 

Card table byte_map: [0x00000211a8680000,0x00000211a8a80000] _byte_map_base: 0x00000211a827a000

Marking Bits (Prev, Next): (CMBitMap*) 0x0000021190980438, (CMBitMap*) 0x0000021190980478
 Prev Bits: [0x00000211a8e80000, 0x00000211aae50000)
 Next Bits: [0x00000211aae50000, 0x00000211ace20000)

Polling page: 0x000002118e8b0000

Metaspace:

Usage:
  Non-class:      4.24 MB capacity,     4.18 MB ( 99%) used,    46.53 KB (  1%) free+waste,    14.13 KB ( <1%) overhead. 
      Class:    654.00 KB capacity,   533.12 KB ( 82%) used,   110.13 KB ( 17%) free+waste,    10.75 KB (  2%) overhead. 
       Both:      4.88 MB capacity,     4.70 MB ( 96%) used,   156.66 KB (  3%) free+waste,    24.88 KB ( <1%) overhead. 

Virtual space:
  Non-class space:       16.00 MB reserved,       4.25 MB ( 27%) committed 
      Class space:        1.00 GB reserved,     768.00 KB ( <1%) committed 
             Both:        1.02 GB reserved,       5.00 MB ( <1%) committed 

Chunk freelists:
   Non-Class:  13.00 KB
       Class:  18.00 KB
        Both:  31.00 KB

MaxMetaspaceSize: 17179869184.00 GB
CompressedClassSpaceSize: 1.00 GB

CodeHeap 'non-profiled nmethods': size=120000Kb used=141Kb max_used=141Kb free=119858Kb
 bounds [0x00000211a0910000, 0x00000211a0b80000, 0x00000211a7e40000]
CodeHeap 'profiled nmethods': size=120000Kb used=723Kb max_used=723Kb free=119277Kb
 bounds [0x00000211993e0000, 0x0000021199650000, 0x00000211a0910000]
CodeHeap 'non-nmethods': size=5760Kb used=1218Kb max_used=1224Kb free=4542Kb
 bounds [0x0000021198e40000, 0x00000211990b0000, 0x00000211993e0000]
 total_blobs=1292 nmethods=469 adapters=394
 compilation: enabled
              stopped_count=0, restarted_count=0
 full_count=0

Compilation events (20 events):
Event: 0.402 Thread 0x00000211af87d000 nmethod 458 0x0000021199490610 code [0x0000021199490860, 0x00000211994913e0]
Event: 0.402 Thread 0x00000211af87d000  459       3       java.util.Arrays::binarySearch (10 bytes)
Event: 0.402 Thread 0x00000211af87d000 nmethod 459 0x0000021199491690 code [0x0000021199491840, 0x00000211994919d0]
Event: 0.402 Thread 0x00000211af87d000  460       1       sun.java2d.loops.SurfaceType::getSuperType (5 bytes)
Event: 0.402 Thread 0x00000211af87d000 nmethod 460 0x00000211a0932a10 code [0x00000211a0932ba0, 0x00000211a0932cd8]
Event: 0.402 Thread 0x00000211af872800 nmethod 461 0x00000211a0932d90 code [0x00000211a0932f20, 0x00000211a0933038]
Event: 0.404 Thread 0x00000211af872800  462       4       java.lang.invoke.MemberName::getReferenceKind (12 bytes)
Event: 0.404 Thread 0x00000211af87d000  463       3       java.lang.invoke.MethodTypeForm::cachedLambdaForm (44 bytes)
Event: 0.404 Thread 0x00000211af87d000 nmethod 463 0x0000021199491a90 code [0x0000021199491c60, 0x0000021199492050]
Event: 0.404 Thread 0x00000211af872800 nmethod 462 0x00000211a0933490 code [0x00000211a0933620, 0x00000211a0933698]
Event: 0.404 Thread 0x00000211af87d000  465       3       java.lang.invoke.MemberName::<init> (50 bytes)
Event: 0.404 Thread 0x00000211af87d000 nmethod 465 0x0000021199492190 code [0x0000021199492380, 0x0000021199492720]
Event: 0.406 Thread 0x00000211af87d000  466       3       java.util.concurrent.ConcurrentHashMap$Traverser::advance (188 bytes)
Event: 0.406 Thread 0x00000211af87d000 nmethod 466 0x0000021199492890 code [0x0000021199492ae0, 0x00000211994939a0]
Event: 0.413 Thread 0x00000211af87d000  467       3       java.lang.invoke.LambdaFormEditor$Transform::<init> (17 bytes)
Event: 0.413 Thread 0x00000211af87d000 nmethod 467 0x0000021199493c90 code [0x0000021199493e60, 0x00000211994942b8]
Event: 0.414 Thread 0x00000211af87d000  468       3       java.util.ArrayList$Itr::hasNext (20 bytes)
Event: 0.415 Thread 0x00000211af87d000 nmethod 468 0x0000021199494410 code [0x00000211994945c0, 0x00000211994947b8]
Event: 0.415 Thread 0x00000211af87d000  469       3       java.lang.invoke.LambdaFormEditor$Transform::bval (26 bytes)
Event: 0.415 Thread 0x00000211af87d000 nmethod 469 0x0000021199494890 code [0x0000021199494a20, 0x0000021199494b78]

GC Heap History (2 events):
Event: 0.415 GC heap before
{Heap before GC invocations=0 (full 0):
 garbage-first heap   total 131072K, used 4096K [0x0000000080c00000, 0x0000000100000000)
  region size 1024K, 5 young (5120K), 0 survivors (0K)
 Metaspace       used 4811K, capacity 4993K, committed 5120K, reserved 1062912K
  class space    used 533K, capacity 654K, committed 768K, reserved 1048576K
}
Event: 0.420 GC heap after
{Heap after GC invocations=1 (full 0):
 garbage-first heap   total 131072K, used 1427K [0x0000000080c00000, 0x0000000100000000)
  region size 1024K, 2 young (2048K), 2 survivors (2048K)
 Metaspace       used 4811K, capacity 4993K, committed 5120K, reserved 1062912K
  class space    used 533K, capacity 654K, committed 768K, reserved 1048576K
}

Deoptimization events (8 events):
Event: 0.166 Thread 0x000002119093a800 Uncommon trap: trap_request=0xffffff45 fr.pc=0x00000211a0914e48 relative=0x00000000000001a8
Event: 0.166 Thread 0x000002119093a800 Uncommon trap: reason=unstable_if action=reinterpret pc=0x00000211a0914e48 method=java.lang.String.hashCode()I @ 13 c2
Event: 0.166 Thread 0x000002119093a800 DEOPT PACKING pc=0x00000211a0914e48 sp=0x000000457dcfcea0
Event: 0.166 Thread 0x000002119093a800 DEOPT UNPACKING pc=0x0000021198e8942f sp=0x000000457dcfce38 mode 2
Event: 0.197 Thread 0x000002119093a800 Uncommon trap: trap_request=0xffffff45 fr.pc=0x00000211a0918e2c relative=0x000000000000008c
Event: 0.197 Thread 0x000002119093a800 Uncommon trap: reason=unstable_if action=reinterpret pc=0x00000211a0918e2c method=java.lang.String.charAt(I)C @ 4 c2
Event: 0.197 Thread 0x000002119093a800 DEOPT PACKING pc=0x00000211a0918e2c sp=0x000000457dcfd400
Event: 0.197 Thread 0x000002119093a800 DEOPT UNPACKING pc=0x0000021198e8942f sp=0x000000457dcfd3a0 mode 2

Classes unloaded (0 events):
No events

Classes redefined (0 events):
No events

Internal exceptions (12 events):
Event: 0.166 Thread 0x000002119093a800 Exception <a 'java/lang/ClassNotFoundException'{0x0000000088a47cc0}: sun/awt/resources/spi/awtProvider> (0x0000000088a47cc0) 
thrown [t:/workspace/open/src/hotspot/share/classfile/systemDictionary.cpp, line 232]
Event: 0.198 Thread 0x000002119093a800 Exception <a 'java/io/FileNotFoundException'{0x0000000088a96450}> (0x0000000088a96450) 
thrown [t:/workspace/open/src/hotspot/share/prims/jni.cpp, line 598]
Event: 0.207 Thread 0x000002119093a800 Exception <a 'java/io/FileNotFoundException'{0x0000000088abccf0}> (0x0000000088abccf0) 
thrown [t:/workspace/open/src/hotspot/share/prims/jni.cpp, line 598]
Event: 0.270 Thread 0x00000211b0526000 Exception <a 'java/lang/NoSuchMethodError'{0x0000000088980510}: 'void java.lang.invoke.DirectMethodHandle$Holder.invokeSpecial(java.lang.Object, java.lang.Object)'> (0x0000000088980510) 
thrown [t:/workspace/open/src/hotspot/share/interpreter/linkResolver.cpp, line 767]
Event: 0.333 Thread 0x000002119093a800 Exception <a 'java/lang/NoSuchMethodError'{0x00000000889f97d8}: 'java.lang.Object java.lang.invoke.DirectMethodHandle$Holder.invokeStatic(java.lang.Object, int, java.lang.Object, java.lang.Object, java.lang.Object, java.lang.Object)'> (0x00000000889f97d8) 
thrown [t:/workspace/open/src/hotspot/share/interpreter/linkResolver.cpp, line 767]
Event: 0.333 Thread 0x000002119093a800 Exception <a 'java/lang/NoSuchMethodError'{0x0000000088800380}: 'java.lang.Object java.lang.invoke.DirectMethodHandle$Holder.invokeStatic(java.lang.Object, int, java.lang.Object, java.lang.Object, java.lang.Object)'> (0x0000000088800380) 
thrown [t:/workspace/open/src/hotspot/share/interpreter/linkResolver.cpp, line 767]
Event: 0.334 Thread 0x000002119093a800 Exception <a 'java/lang/NoSuchMethodError'{0x0000000088803ea8}: 'java.lang.Object java.lang.invoke.DirectMethodHandle$Holder.invokeSpecial(java.lang.Object, java.lang.Object, int, java.lang.Object, java.lang.Object, java.lang.Object)'> (0x0000000088803ea8) 
thrown [t:/workspace/open/src/hotspot/share/interpreter/linkResolver.cpp, line 767]
Event: 0.338 Thread 0x000002119093a800 Exception <a 'java/lang/NoSuchMethodError'{0x000000008881a1d0}: 'java.lang.Object java.lang.invoke.DirectMethodHandle$Holder.invokeStatic(java.lang.Object, int, java.lang.Object)'> (0x000000008881a1d0) 
thrown [t:/workspace/open/src/hotspot/share/interpreter/linkResolver.cpp, line 767]
Event: 0.363 Thread 0x000002119093a800 Exception <a 'java/lang/ClassNotFoundException'{0x00000000888bd450}: com/sun/swing/internal/plaf/metal/resources/spi/metalProvider> (0x00000000888bd450) 
thrown [t:/workspace/open/src/hotspot/share/classfile/systemDictionary.cpp, line 232]
Event: 0.365 Thread 0x000002119093a800 Exception <a 'java/lang/ClassNotFoundException'{0x00000000888c1728}: com/sun/swing/internal/plaf/basic/resources/spi/basicProvider> (0x00000000888c1728) 
thrown [t:/workspace/open/src/hotspot/share/classfile/systemDictionary.cpp, line 232]
Event: 0.386 Thread 0x00000211b0526000 Exception <a 'java/lang/OutOfMemoryError'{0x000000008898d3e0}: unable to create native thread: possibly out of memory or process/resource limits reached> (0x000000008898d3e0) 
thrown [t:/workspace/open/src/hotspot/share/prims/jvm.cpp, line 2800]
Event: 0.404 Thread 0x000002119093a800 Exception <a 'java/lang/NoSuchMethodError'{0x00000000888fc318}: 'void java.lang.invoke.DirectMethodHandle$Holder.invokeStaticInit(java.lang.Object)'> (0x00000000888fc318) 
thrown [t:/workspace/open/src/hotspot/share/interpreter/linkResolver.cpp, line 767]

Events (20 events):
Event: 0.412 loading class sun/font/GlyphList
Event: 0.412 loading class sun/font/GlyphList done
Event: 0.413 loading class sun/font/FontManagerFactory
Event: 0.413 loading class sun/font/FontManagerFactory done
Event: 0.413 loading class sun/font/FontUtilities
Event: 0.413 loading class sun/font/FontUtilities done
Event: 0.413 loading class sun/font/FontUtilities$1
Event: 0.414 loading class sun/font/FontUtilities$1 done
Event: 0.414 loading class sun/font/FontManagerFactory$1
Event: 0.414 loading class sun/font/FontManagerFactory$1 done
Event: 0.414 loading class sun/awt/Win32FontManager
Event: 0.414 loading class sun/awt/Win32FontManager done
Event: 0.414 loading class sun/awt/Win32FontManager$1
Event: 0.414 loading class sun/awt/Win32FontManager$1 done
Event: 0.414 loading class sun/font/CompositeFont
Event: 0.414 loading class sun/font/CompositeFont done
Event: 0.414 loading class sun/font/SunFontManager$2
Event: 0.414 loading class sun/font/SunFontManager$2 done
Event: 0.415 loading class sun/awt/windows/WFontConfiguration
Event: 0.415 Executing VM operation: CollectForMetadataAllocation


Dynamic libraries:
0x00007ff6c65f0000 - 0x00007ff6c65ff000 	C:\Program Files\Java\jdk-13\bin\javaw.exe
0x00007ffd3d500000 - 0x00007ffd3d6f0000 	C:\WINDOWS\SYSTEM32\ntdll.dll
0x00007ffd3cc80000 - 0x00007ffd3cd32000 	C:\WINDOWS\System32\KERNEL32.DLL
0x00007ffd3a760000 - 0x00007ffd3aa03000 	C:\WINDOWS\System32\KERNELBASE.dll
0x00007ffd3b480000 - 0x00007ffd3b57a000 	C:\WINDOWS\System32\ucrtbase.dll
0x00007ffd2ee50000 - 0x00007ffd2ee68000 	C:\Program Files\Java\jdk-13\bin\jli.dll
0x00007ffd3b580000 - 0x00007ffd3b623000 	C:\WINDOWS\System32\ADVAPI32.dll
0x00007ffd2ee30000 - 0x00007ffd2ee45000 	C:\Program Files\Java\jdk-13\bin\VCRUNTIME140.dll
0x00007ffd3c430000 - 0x00007ffd3c4ce000 	C:\WINDOWS\System32\msvcrt.dll
0x00007ffd3c260000 - 0x00007ffd3c2f7000 	C:\WINDOWS\System32\sechost.dll
0x00007ffd3c310000 - 0x00007ffd3c430000 	C:\WINDOWS\System32\RPCRT4.dll
0x00007ffd3c850000 - 0x00007ffd3c9e3000 	C:\WINDOWS\System32\USER32.dll
0x00007ffd3a590000 - 0x00007ffd3a5b1000 	C:\WINDOWS\System32\win32u.dll
0x00007ffd2f4c0000 - 0x00007ffd2f745000 	C:\WINDOWS\WinSxS\amd64_microsoft.windows.common-controls_6595b64144ccf1df_6.0.18362.388_none_e6c6afa5130d5b6d\COMCTL32.dll
0x00007ffd3b970000 - 0x00007ffd3b996000 	C:\WINDOWS\System32\GDI32.dll
0x00007ffd3ab00000 - 0x00007ffd3ac94000 	C:\WINDOWS\System32\gdi32full.dll
0x00007ffd3b630000 - 0x00007ffd3b966000 	C:\WINDOWS\System32\combase.dll
0x00007ffd3aa10000 - 0x00007ffd3aaae000 	C:\WINDOWS\System32\msvcp_win.dll
0x00007ffd3a510000 - 0x00007ffd3a590000 	C:\WINDOWS\System32\bcryptPrimitives.dll
0x00007ffd36d40000 - 0x00007ffd36d4a000 	C:\WINDOWS\SYSTEM32\VERSION.dll
0x00007ffd3c090000 - 0x00007ffd3c0be000 	C:\WINDOWS\System32\IMM32.DLL
0x00007ffd22aa0000 - 0x00007ffd22b3b000 	C:\Program Files\Java\jdk-13\bin\msvcp140.dll
0x00007ffd0c650000 - 0x00007ffd0d1b6000 	C:\Program Files\Java\jdk-13\bin\server\jvm.dll
0x00007ffd3caa0000 - 0x00007ffd3caa8000 	C:\WINDOWS\System32\PSAPI.DLL
0x00007ffd2d130000 - 0x00007ffd2d139000 	C:\WINDOWS\SYSTEM32\WSOCK32.dll
0x00007ffd384d0000 - 0x00007ffd384f4000 	C:\WINDOWS\SYSTEM32\WINMM.dll
0x00007ffd3cc10000 - 0x00007ffd3cc7f000 	C:\WINDOWS\System32\WS2_32.dll
0x00007ffd384a0000 - 0x00007ffd384cd000 	C:\WINDOWS\SYSTEM32\WINMMBASE.dll
0x00007ffd3a710000 - 0x00007ffd3a75a000 	C:\WINDOWS\System32\cfgmgr32.dll
0x00007ffd3a3d0000 - 0x00007ffd3a3e1000 	C:\WINDOWS\System32\kernel.appcore.dll
0x00007ffd36d60000 - 0x00007ffd36d70000 	C:\Program Files\Java\jdk-13\bin\verify.dll
0x00007ffd08f10000 - 0x00007ffd09104000 	C:\WINDOWS\SYSTEM32\DBGHELP.DLL
0x00007ffd08ec0000 - 0x00007ffd08eea000 	C:\WINDOWS\SYSTEM32\dbgcore.DLL
0x00007ffd2eff0000 - 0x00007ffd2f016000 	C:\Program Files\Java\jdk-13\bin\java.dll
0x00007ffd32860000 - 0x00007ffd32877000 	C:\Program Files\Java\jdk-13\bin\zip.dll
0x00007ffd36d50000 - 0x00007ffd36d5a000 	C:\Program Files\Java\jdk-13\bin\jimage.dll
0x00007ffd3b9a0000 - 0x00007ffd3c085000 	C:\WINDOWS\System32\SHELL32.dll
0x00007ffd3c9f0000 - 0x00007ffd3ca99000 	C:\WINDOWS\System32\shcore.dll
0x00007ffd3ad00000 - 0x00007ffd3b47f000 	C:\WINDOWS\System32\windows.storage.dll
0x00007ffd3a3b0000 - 0x00007ffd3a3cf000 	C:\WINDOWS\System32\profapi.dll
0x00007ffd3a3f0000 - 0x00007ffd3a43a000 	C:\WINDOWS\System32\powrprof.dll
0x00007ffd3a3a0000 - 0x00007ffd3a3b0000 	C:\WINDOWS\System32\UMPDC.dll
0x00007ffd3cf50000 - 0x00007ffd3cfa2000 	C:\WINDOWS\System32\shlwapi.dll
0x00007ffd3aae0000 - 0x00007ffd3aaf7000 	C:\WINDOWS\System32\cryptsp.dll
0x00007ffd13610000 - 0x00007ffd137a9000 	C:\Program Files\Java\jdk-13\bin\awt.dll
0x00007ffd3c0c0000 - 0x00007ffd3c184000 	C:\WINDOWS\System32\OLEAUT32.dll
0x00007ffd35b40000 - 0x00007ffd36100000 	C:\WINDOWS\SYSTEM32\d2d1.dll
0x00007ffd38140000 - 0x00007ffd381cf000 	C:\WINDOWS\SYSTEM32\apphelp.dll
0x00007ffd38b40000 - 0x00007ffd38b6d000 	C:\WINDOWS\system32\DWMAPI.DLL
0x00007ffd38700000 - 0x00007ffd38799000 	C:\WINDOWS\system32\uxtheme.dll
0x00007ffd128d0000 - 0x00007ffd12a26000 	C:\WINDOWS\system32\opengl32.dll
0x00007ffd2ee00000 - 0x00007ffd2ee2c000 	C:\WINDOWS\SYSTEM32\GLU32.dll
0x00007ffd39010000 - 0x00007ffd39030000 	C:\WINDOWS\SYSTEM32\dxcore.dll
0x00007ffd3c4d0000 - 0x00007ffd3c606000 	C:\WINDOWS\System32\MSCTF.dll
0x00007ffd3cab0000 - 0x00007ffd3cc06000 	C:\WINDOWS\System32\ole32.dll
0x00007ffd3a5c0000 - 0x00007ffd3a709000 	C:\WINDOWS\System32\crypt32.dll
0x00007ffd3a440000 - 0x00007ffd3a452000 	C:\WINDOWS\System32\MSASN1.dll
0x00007ffd3aca0000 - 0x00007ffd3acfc000 	C:\WINDOWS\System32\WINTRUST.DLL
0x00007ffd3c830000 - 0x00007ffd3c84d000 	C:\WINDOWS\System32\imagehlp.dll
0x00007ffd1b440000 - 0x00007ffd1b4c2000 	C:\Program Files\Java\jdk-13\bin\freetype.dll
0x00007ffd18ea0000 - 0x00007ffd18f46000 	C:\Program Files\Java\jdk-13\bin\fontmanager.dll

dbghelp: loaded successfully - version: 4.0.5 - missing functions: none
symbol engine: initialized successfully - sym options: 0x614 - pdb path: .;C:\Program Files\Java\jdk-13\bin;C:\WINDOWS\SYSTEM32;C:\WINDOWS\WinSxS\amd64_microsoft.windows.common-controls_6595b64144ccf1df_6.0.18362.388_none_e6c6afa5130d5b6d;C:\Program Files\Java\jdk-13\bin\server

VM Arguments:
jvm_args: -Dfile.encoding=Cp1251 
java_command: yolocha.pr1
java_class_path (initial): F:\worcks\yolocha\bin
Launcher Type: SUN_STANDARD

[Global flags]
     intx CICompilerCount                          = 4                                         {product} {ergonomic}
     uint ConcGCThreads                            = 2                                         {product} {ergonomic}
     uint G1ConcRefinementThreads                  = 8                                         {product} {ergonomic}
   size_t G1HeapRegionSize                         = 1048576                                   {product} {ergonomic}
    uintx GCDrainStackTargetSize                   = 64                                        {product} {ergonomic}
   size_t InitialHeapSize                          = 134217728                                 {product} {ergonomic}
   size_t MarkStackSize                            = 4194304                                   {product} {ergonomic}
   size_t MaxHeapSize                              = 2134900736                                {product} {ergonomic}
   size_t MaxNewSize                               = 1280311296                                {product} {ergonomic}
   size_t MinHeapDeltaBytes                        = 1048576                                   {product} {ergonomic}
   size_t MinHeapSize                              = 8388608                                   {product} {ergonomic}
    uintx NonNMethodCodeHeapSize                   = 5836300                                {pd product} {ergonomic}
    uintx NonProfiledCodeHeapSize                  = 122910970                              {pd product} {ergonomic}
    uintx ProfiledCodeHeapSize                     = 122910970                              {pd product} {ergonomic}
    uintx ReservedCodeCacheSize                    = 251658240                              {pd product} {ergonomic}
     bool SegmentedCodeCache                       = true                                      {product} {ergonomic}
   size_t SoftMaxHeapSize                          = 2134900736                             {manageable} {ergonomic}
     bool UseCompressedClassPointers               = true                                 {lp64_product} {ergonomic}
     bool UseCompressedOops                        = true                                 {lp64_product} {ergonomic}
     bool UseG1GC                                  = true                                      {product} {ergonomic}
     bool UseLargePagesIndividualAllocation        = false                                  {pd product} {ergonomic}

Logging:
Log output configuration:
 #0: stdout all=warning uptime,level,tags
 #1: stderr all=off uptime,level,tags

Environment Variables:
PATH=C:/Program Files/Java/jdk-13/bin/server;C:/Program Files/Java/jdk-13/bin;C:\Program Files (x86)\Common Files\Oracle\Java\javapath;C:\Windows\system32;C:\Windows;C:\Windows\System32\Wbem;C:\Windows\System32\WindowsPowerShell\v1.0\;C:\Windows\System32\OpenSSH\;C:\WINDOWS\system32;C:\WINDOWS;C:\WINDOWS\System32\Wbem;C:\WINDOWS\System32\WindowsPowerShell\v1.0\;C:\WINDOWS\System32\OpenSSH\;C:\Program Files\NVIDIA Corporation\NVIDIA NGX;C:\Program Files (x86)\NVIDIA Corporation\PhysX\Common;%SystemRoot%\system32;%SystemRoot%;%SystemRoot%\System32\Wbem;%SYSTEMROOT%\System32\WindowsPowerShell\v1.0\;%SYSTEMROOT%\System32\OpenSSH\;C:\Program Files\NVIDIA Corporation\NVIDIA NvDLISR;F:\Scripts\;F:\;C:\Users\Дом\AppData\Local\Microsoft\WindowsApps;;C:\Users\Дом\Desktop;
USERNAME=Дом
OS=Windows_NT
PROCESSOR_IDENTIFIER=AMD64 Family 21 Model 2 Stepping 0, AuthenticAMD



---------------  S Y S T E M  ---------------

OS: Windows 10 , 64 bit Build 18362 (10.0.18362.329)

CPU:total 8 (initial active 8) (8 cores per cpu, 1 threads per core) family 21 model 2 stepping 0, cmov, cx8, fxsr, mmx, sse, sse2, sse3, ssse3, sse4.1, sse4.2, popcnt, avx, aes, clmul, mmxext, 3dnowpref, lzcnt, sse4a, tsc, tscinvbit, tscinv, bmi1, fma

Memory: 4k page, system-wide physical 8137M (2804M free)
TotalPageFile size 22408M (AvailPageFile size 2M)
current process WorkingSet (physical memory assigned to process): 47M, peak: 47M
current process commit charge ("private bytes"): 218M, peak: 219M

vm_info: Java HotSpot(TM) 64-Bit Server VM (13+33) for windows-amd64 JRE (13+33), built on Sep 18 2019 21:38:00 by "mach5one" with unknown MS VC++:1916

END.
