#
# There is insufficient memory for the Java Runtime Environment to continue.
# Native memory allocation (malloc) failed to allocate 32744 bytes for ChunkPool::allocate
# Possible reasons:
#   The system is out of physical RAM or swap space
#   The process is running with CompressedOops enabled, and the Java Heap may be blocking the growth of the native heap
# Possible solutions:
#   Reduce memory load on the system
#   Increase physical memory or swap space
#   Check if swap backing store is full
#   Decrease Java heap size (-Xmx/-Xms)
#   Decrease number of Java threads
#   Decrease Java thread stack sizes (-Xss)
#   Set larger code cache with -XX:ReservedCodeCacheSize=
#   JVM is running with Unscaled Compressed Oops mode in which the Java heap is
#     placed in the first 4GB address space. The Java Heap base address is the
#     maximum limit for the native heap growth. Please use -XX:HeapBaseMinAddress
#     to set the Java Heap base and to place the Java Heap above 4GB virtual address.
# This output file may be truncated or incomplete.
#
#  Out of Memory Error (t:/workspace/open/src/hotspot/share/memory/arena.cpp:80), pid=22000, tid=19412
#
# JRE version: Java(TM) SE Runtime Environment (13.0+33) (build 13+33)
# Java VM: Java HotSpot(TM) 64-Bit Server VM (13+33, mixed mode, tiered, compressed oops, g1 gc, windows-amd64)
# No core dump will be written. Minidumps are not enabled by default on client versions of Windows
#

---------------  S U M M A R Y ------------

Command Line: -Dfile.encoding=Cp1251 yolocha.pr1

Host: AMD FX-8320E Eight-Core Processor              , 8 cores, 7G,  Windows 10 , 64 bit Build 18362 (10.0.18362.329)
Time: Sun Oct  6 21:13:57 2019 RTZ 2 (ceia) elapsed time: 0 seconds (0d 0h 0m 0s)

---------------  T H R E A D  ---------------

Current thread (0x0000026d7b14f800):  JavaThread "C2 CompilerThread0" daemon [_thread_in_native, id=19412, stack(0x000000fc10300000,0x000000fc10400000)]


Current CompileTask:
C2:    107   73       4       java.lang.String::hashCode (60 bytes)

Stack: [0x000000fc10300000,0x000000fc10400000]
Native frames: (J=compiled Java code, j=interpreted, Vv=VM code, C=native code)
V  [jvm.dll+0x626eaa]
V  [jvm.dll+0x772c4a]
V  [jvm.dll+0x7743ff]
V  [jvm.dll+0x774a03]
V  [jvm.dll+0x24da38]
V  [jvm.dll+0xc3d16]
V  [jvm.dll+0xc406c]
V  [jvm.dll+0x545b6c]
V  [jvm.dll+0x20fd2a]
V  [jvm.dll+0x209740]
V  [jvm.dll+0x2069bd]
V  [jvm.dll+0x18b94c]
V  [jvm.dll+0x2159bd]
V  [jvm.dll+0x213e6b]
V  [jvm.dll+0x738af6]
V  [jvm.dll+0x731bea]
V  [jvm.dll+0x6260a6]
C  [ucrtbase.dll+0x20e72]
C  [KERNEL32.DLL+0x17bd4]
C  [ntdll.dll+0x6ced1]


---------------  P R O C E S S  ---------------

Threads class SMR info:
_java_thread_list=0x0000026d7b2c00b0, length=9, elements={
0x0000026d6a4fe000, 0x0000026d7b12d800, 0x0000026d7b139000, 0x0000026d7b177800,
0x0000026d7b178800, 0x0000026d7b14f800, 0x0000026d7b181000, 0x0000026d7a50a000,
0x0000026d7b2d9000
}

Java Threads: ( => current thread )
  0x0000026d6a4fe000 JavaThread "main" [_thread_blocked, id=6924, stack(0x000000fc0f800000,0x000000fc0f900000)]
  0x0000026d7b12d800 JavaThread "Reference Handler" daemon [_thread_blocked, id=20508, stack(0x000000fc0ff00000,0x000000fc10000000)]
  0x0000026d7b139000 JavaThread "Finalizer" daemon [_thread_blocked, id=21964, stack(0x000000fc10000000,0x000000fc10100000)]
  0x0000026d7b177800 JavaThread "Signal Dispatcher" daemon [_thread_blocked, id=15784, stack(0x000000fc10100000,0x000000fc10200000)]
  0x0000026d7b178800 JavaThread "Attach Listener" daemon [_thread_blocked, id=19804, stack(0x000000fc10200000,0x000000fc10300000)]
=>0x0000026d7b14f800 JavaThread "C2 CompilerThread0" daemon [_thread_in_native, id=19412, stack(0x000000fc10300000,0x000000fc10400000)]
  0x0000026d7b181000 JavaThread "C1 CompilerThread0" daemon [_thread_blocked, id=7752, stack(0x000000fc10400000,0x000000fc10500000)]
  0x0000026d7a50a000 JavaThread "Sweeper thread" daemon [_thread_blocked, id=7432, stack(0x000000fc10500000,0x000000fc10600000)]
  0x0000026d7b2d9000 JavaThread "Service Thread" daemon [_thread_new, id=18684, stack(0x000000fc10600000,0x000000fc10700000)]

Other Threads:
  0x0000026d7b119800 VMThread "VM Thread" [stack: 0x000000fc0fe00000,0x000000fc0ff00000] [id=11372] _threads_hazard_ptr=0x0000026d7b2c00b0
  0x0000026d6a541800 GCTaskThread "GC Thread#0" [stack: 0x000000fc0f900000,0x000000fc0fa00000] [id=21144]
  0x0000026d6a554800 ConcurrentGCThread "G1 Main Marker" [stack: 0x000000fc0fa00000,0x000000fc0fb00000] [id=19660]
  0x0000026d6a556000 ConcurrentGCThread "G1 Conc#0" [stack: 0x000000fc0fb00000,0x000000fc0fc00000] [id=20488]
  0x0000026d6a5ce800 ConcurrentGCThread "G1 Refine#0" [stack: 0x000000fc0fc00000,0x000000fc0fd00000] [id=21884]
  0x0000026d7a33d800 ConcurrentGCThread "G1 Young RemSet Sampling" [stack: 0x000000fc0fd00000,0x000000fc0fe00000] [id=20520]

Threads with active compile tasks:
C2 CompilerThread0      125   73       4       java.lang.String::hashCode (60 bytes)

VM state:synchronizing (normal execution)

VM Mutex/Monitor currently owned by a thread:  ([mutex/lock_event])
[0x0000026d6a4fa320] Threads_lock - owner thread: 0x0000026d7b119800

Heap address: 0x0000000080c00000, size: 2036 MB, Compressed Oops mode: 32-bit
Narrow klass base: 0x0000000000000000, Narrow klass shift: 3
Compressed class space size: 1073741824 Address: 0x0000000100000000

Heap:
 garbage-first heap   total 131072K, used 1024K [0x0000000080c00000, 0x0000000100000000)
  region size 1024K, 2 young (2048K), 0 survivors (0K)
 Metaspace       used 3282K, capacity 3400K, committed 3456K, reserved 1060864K
  class space    used 275K, capacity 384K, committed 384K, reserved 1048576K
Heap Regions: E=young(eden), S=young(survivor), O=old, HS=humongous(starts), HC=humongous(continues), CS=collection set, F=free, A=archive, TAMS=top-at-mark-start (previous, next)
|   0|0x0000000080c00000, 0x0000000080c00000, 0x0000000080d00000|  0%| F|  |TAMS 0x0000000080c00000, 0x0000000080c00000| Untracked 
|   1|0x0000000080d00000, 0x0000000080d00000, 0x0000000080e00000|  0%| F|  |TAMS 0x0000000080d00000, 0x0000000080d00000| Untracked 
|   2|0x0000000080e00000, 0x0000000080e00000, 0x0000000080f00000|  0%| F|  |TAMS 0x0000000080e00000, 0x0000000080e00000| Untracked 
|   3|0x0000000080f00000, 0x0000000080f00000, 0x0000000081000000|  0%| F|  |TAMS 0x0000000080f00000, 0x0000000080f00000| Untracked 
|   4|0x0000000081000000, 0x0000000081000000, 0x0000000081100000|  0%| F|  |TAMS 0x0000000081000000, 0x0000000081000000| Untracked 
|   5|0x0000000081100000, 0x0000000081100000, 0x0000000081200000|  0%| F|  |TAMS 0x0000000081100000, 0x0000000081100000| Untracked 
|   6|0x0000000081200000, 0x0000000081200000, 0x0000000081300000|  0%| F|  |TAMS 0x0000000081200000, 0x0000000081200000| Untracked 
|   7|0x0000000081300000, 0x0000000081300000, 0x0000000081400000|  0%| F|  |TAMS 0x0000000081300000, 0x0000000081300000| Untracked 
|   8|0x0000000081400000, 0x0000000081400000, 0x0000000081500000|  0%| F|  |TAMS 0x0000000081400000, 0x0000000081400000| Untracked 
|   9|0x0000000081500000, 0x0000000081500000, 0x0000000081600000|  0%| F|  |TAMS 0x0000000081500000, 0x0000000081500000| Untracked 
|  10|0x0000000081600000, 0x0000000081600000, 0x0000000081700000|  0%| F|  |TAMS 0x0000000081600000, 0x0000000081600000| Untracked 
|  11|0x0000000081700000, 0x0000000081700000, 0x0000000081800000|  0%| F|  |TAMS 0x0000000081700000, 0x0000000081700000| Untracked 
|  12|0x0000000081800000, 0x0000000081800000, 0x0000000081900000|  0%| F|  |TAMS 0x0000000081800000, 0x0000000081800000| Untracked 
|  13|0x0000000081900000, 0x0000000081900000, 0x0000000081a00000|  0%| F|  |TAMS 0x0000000081900000, 0x0000000081900000| Untracked 
|  14|0x0000000081a00000, 0x0000000081a00000, 0x0000000081b00000|  0%| F|  |TAMS 0x0000000081a00000, 0x0000000081a00000| Untracked 
|  15|0x0000000081b00000, 0x0000000081b00000, 0x0000000081c00000|  0%| F|  |TAMS 0x0000000081b00000, 0x0000000081b00000| Untracked 
|  16|0x0000000081c00000, 0x0000000081c00000, 0x0000000081d00000|  0%| F|  |TAMS 0x0000000081c00000, 0x0000000081c00000| Untracked 
|  17|0x0000000081d00000, 0x0000000081d00000, 0x0000000081e00000|  0%| F|  |TAMS 0x0000000081d00000, 0x0000000081d00000| Untracked 
|  18|0x0000000081e00000, 0x0000000081e00000, 0x0000000081f00000|  0%| F|  |TAMS 0x0000000081e00000, 0x0000000081e00000| Untracked 
|  19|0x0000000081f00000, 0x0000000081f00000, 0x0000000082000000|  0%| F|  |TAMS 0x0000000081f00000, 0x0000000081f00000| Untracked 
|  20|0x0000000082000000, 0x0000000082000000, 0x0000000082100000|  0%| F|  |TAMS 0x0000000082000000, 0x0000000082000000| Untracked 
|  21|0x0000000082100000, 0x0000000082100000, 0x0000000082200000|  0%| F|  |TAMS 0x0000000082100000, 0x0000000082100000| Untracked 
|  22|0x0000000082200000, 0x0000000082200000, 0x0000000082300000|  0%| F|  |TAMS 0x0000000082200000, 0x0000000082200000| Untracked 
|  23|0x0000000082300000, 0x0000000082300000, 0x0000000082400000|  0%| F|  |TAMS 0x0000000082300000, 0x0000000082300000| Untracked 
|  24|0x0000000082400000, 0x0000000082400000, 0x0000000082500000|  0%| F|  |TAMS 0x0000000082400000, 0x0000000082400000| Untracked 
|  25|0x0000000082500000, 0x0000000082500000, 0x0000000082600000|  0%| F|  |TAMS 0x0000000082500000, 0x0000000082500000| Untracked 
|  26|0x0000000082600000, 0x0000000082600000, 0x0000000082700000|  0%| F|  |TAMS 0x0000000082600000, 0x0000000082600000| Untracked 
|  27|0x0000000082700000, 0x0000000082700000, 0x0000000082800000|  0%| F|  |TAMS 0x0000000082700000, 0x0000000082700000| Untracked 
|  28|0x0000000082800000, 0x0000000082800000, 0x0000000082900000|  0%| F|  |TAMS 0x0000000082800000, 0x0000000082800000| Untracked 
|  29|0x0000000082900000, 0x0000000082900000, 0x0000000082a00000|  0%| F|  |TAMS 0x0000000082900000, 0x0000000082900000| Untracked 
|  30|0x0000000082a00000, 0x0000000082a00000, 0x0000000082b00000|  0%| F|  |TAMS 0x0000000082a00000, 0x0000000082a00000| Untracked 
|  31|0x0000000082b00000, 0x0000000082b00000, 0x0000000082c00000|  0%| F|  |TAMS 0x0000000082b00000, 0x0000000082b00000| Untracked 
|  32|0x0000000082c00000, 0x0000000082c00000, 0x0000000082d00000|  0%| F|  |TAMS 0x0000000082c00000, 0x0000000082c00000| Untracked 
|  33|0x0000000082d00000, 0x0000000082d00000, 0x0000000082e00000|  0%| F|  |TAMS 0x0000000082d00000, 0x0000000082d00000| Untracked 
|  34|0x0000000082e00000, 0x0000000082e00000, 0x0000000082f00000|  0%| F|  |TAMS 0x0000000082e00000, 0x0000000082e00000| Untracked 
|  35|0x0000000082f00000, 0x0000000082f00000, 0x0000000083000000|  0%| F|  |TAMS 0x0000000082f00000, 0x0000000082f00000| Untracked 
|  36|0x0000000083000000, 0x0000000083000000, 0x0000000083100000|  0%| F|  |TAMS 0x0000000083000000, 0x0000000083000000| Untracked 
|  37|0x0000000083100000, 0x0000000083100000, 0x0000000083200000|  0%| F|  |TAMS 0x0000000083100000, 0x0000000083100000| Untracked 
|  38|0x0000000083200000, 0x0000000083200000, 0x0000000083300000|  0%| F|  |TAMS 0x0000000083200000, 0x0000000083200000| Untracked 
|  39|0x0000000083300000, 0x0000000083300000, 0x0000000083400000|  0%| F|  |TAMS 0x0000000083300000, 0x0000000083300000| Untracked 
|  40|0x0000000083400000, 0x0000000083400000, 0x0000000083500000|  0%| F|  |TAMS 0x0000000083400000, 0x0000000083400000| Untracked 
|  41|0x0000000083500000, 0x0000000083500000, 0x0000000083600000|  0%| F|  |TAMS 0x0000000083500000, 0x0000000083500000| Untracked 
|  42|0x0000000083600000, 0x0000000083600000, 0x0000000083700000|  0%| F|  |TAMS 0x0000000083600000, 0x0000000083600000| Untracked 
|  43|0x0000000083700000, 0x0000000083700000, 0x0000000083800000|  0%| F|  |TAMS 0x0000000083700000, 0x0000000083700000| Untracked 
|  44|0x0000000083800000, 0x0000000083800000, 0x0000000083900000|  0%| F|  |TAMS 0x0000000083800000, 0x0000000083800000| Untracked 
|  45|0x0000000083900000, 0x0000000083900000, 0x0000000083a00000|  0%| F|  |TAMS 0x0000000083900000, 0x0000000083900000| Untracked 
|  46|0x0000000083a00000, 0x0000000083a00000, 0x0000000083b00000|  0%| F|  |TAMS 0x0000000083a00000, 0x0000000083a00000| Untracked 
|  47|0x0000000083b00000, 0x0000000083b00000, 0x0000000083c00000|  0%| F|  |TAMS 0x0000000083b00000, 0x0000000083b00000| Untracked 
|  48|0x0000000083c00000, 0x0000000083c00000, 0x0000000083d00000|  0%| F|  |TAMS 0x0000000083c00000, 0x0000000083c00000| Untracked 
|  49|0x0000000083d00000, 0x0000000083d00000, 0x0000000083e00000|  0%| F|  |TAMS 0x0000000083d00000, 0x0000000083d00000| Untracked 
|  50|0x0000000083e00000, 0x0000000083e00000, 0x0000000083f00000|  0%| F|  |TAMS 0x0000000083e00000, 0x0000000083e00000| Untracked 
|  51|0x0000000083f00000, 0x0000000083f00000, 0x0000000084000000|  0%| F|  |TAMS 0x0000000083f00000, 0x0000000083f00000| Untracked 
|  52|0x0000000084000000, 0x0000000084000000, 0x0000000084100000|  0%| F|  |TAMS 0x0000000084000000, 0x0000000084000000| Untracked 
|  53|0x0000000084100000, 0x0000000084100000, 0x0000000084200000|  0%| F|  |TAMS 0x0000000084100000, 0x0000000084100000| Untracked 
|  54|0x0000000084200000, 0x0000000084200000, 0x0000000084300000|  0%| F|  |TAMS 0x0000000084200000, 0x0000000084200000| Untracked 
|  55|0x0000000084300000, 0x0000000084300000, 0x0000000084400000|  0%| F|  |TAMS 0x0000000084300000, 0x0000000084300000| Untracked 
|  56|0x0000000084400000, 0x0000000084400000, 0x0000000084500000|  0%| F|  |TAMS 0x0000000084400000, 0x0000000084400000| Untracked 
|  57|0x0000000084500000, 0x0000000084500000, 0x0000000084600000|  0%| F|  |TAMS 0x0000000084500000, 0x0000000084500000| Untracked 
|  58|0x0000000084600000, 0x0000000084600000, 0x0000000084700000|  0%| F|  |TAMS 0x0000000084600000, 0x0000000084600000| Untracked 
|  59|0x0000000084700000, 0x0000000084700000, 0x0000000084800000|  0%| F|  |TAMS 0x0000000084700000, 0x0000000084700000| Untracked 
|  60|0x0000000084800000, 0x0000000084800000, 0x0000000084900000|  0%| F|  |TAMS 0x0000000084800000, 0x0000000084800000| Untracked 
|  61|0x0000000084900000, 0x0000000084900000, 0x0000000084a00000|  0%| F|  |TAMS 0x0000000084900000, 0x0000000084900000| Untracked 
|  62|0x0000000084a00000, 0x0000000084a00000, 0x0000000084b00000|  0%| F|  |TAMS 0x0000000084a00000, 0x0000000084a00000| Untracked 
|  63|0x0000000084b00000, 0x0000000084b00000, 0x0000000084c00000|  0%| F|  |TAMS 0x0000000084b00000, 0x0000000084b00000| Untracked 
|  64|0x0000000084c00000, 0x0000000084c00000, 0x0000000084d00000|  0%| F|  |TAMS 0x0000000084c00000, 0x0000000084c00000| Untracked 
|  65|0x0000000084d00000, 0x0000000084d00000, 0x0000000084e00000|  0%| F|  |TAMS 0x0000000084d00000, 0x0000000084d00000| Untracked 
|  66|0x0000000084e00000, 0x0000000084e00000, 0x0000000084f00000|  0%| F|  |TAMS 0x0000000084e00000, 0x0000000084e00000| Untracked 
|  67|0x0000000084f00000, 0x0000000084f00000, 0x0000000085000000|  0%| F|  |TAMS 0x0000000084f00000, 0x0000000084f00000| Untracked 
|  68|0x0000000085000000, 0x0000000085000000, 0x0000000085100000|  0%| F|  |TAMS 0x0000000085000000, 0x0000000085000000| Untracked 
|  69|0x0000000085100000, 0x0000000085100000, 0x0000000085200000|  0%| F|  |TAMS 0x0000000085100000, 0x0000000085100000| Untracked 
|  70|0x0000000085200000, 0x0000000085200000, 0x0000000085300000|  0%| F|  |TAMS 0x0000000085200000, 0x0000000085200000| Untracked 
|  71|0x0000000085300000, 0x0000000085300000, 0x0000000085400000|  0%| F|  |TAMS 0x0000000085300000, 0x0000000085300000| Untracked 
|  72|0x0000000085400000, 0x0000000085400000, 0x0000000085500000|  0%| F|  |TAMS 0x0000000085400000, 0x0000000085400000| Untracked 
|  73|0x0000000085500000, 0x0000000085500000, 0x0000000085600000|  0%| F|  |TAMS 0x0000000085500000, 0x0000000085500000| Untracked 
|  74|0x0000000085600000, 0x0000000085600000, 0x0000000085700000|  0%| F|  |TAMS 0x0000000085600000, 0x0000000085600000| Untracked 
|  75|0x0000000085700000, 0x0000000085700000, 0x0000000085800000|  0%| F|  |TAMS 0x0000000085700000, 0x0000000085700000| Untracked 
|  76|0x0000000085800000, 0x0000000085800000, 0x0000000085900000|  0%| F|  |TAMS 0x0000000085800000, 0x0000000085800000| Untracked 
|  77|0x0000000085900000, 0x0000000085900000, 0x0000000085a00000|  0%| F|  |TAMS 0x0000000085900000, 0x0000000085900000| Untracked 
|  78|0x0000000085a00000, 0x0000000085a00000, 0x0000000085b00000|  0%| F|  |TAMS 0x0000000085a00000, 0x0000000085a00000| Untracked 
|  79|0x0000000085b00000, 0x0000000085b00000, 0x0000000085c00000|  0%| F|  |TAMS 0x0000000085b00000, 0x0000000085b00000| Untracked 
|  80|0x0000000085c00000, 0x0000000085c00000, 0x0000000085d00000|  0%| F|  |TAMS 0x0000000085c00000, 0x0000000085c00000| Untracked 
|  81|0x0000000085d00000, 0x0000000085d00000, 0x0000000085e00000|  0%| F|  |TAMS 0x0000000085d00000, 0x0000000085d00000| Untracked 
|  82|0x0000000085e00000, 0x0000000085e00000, 0x0000000085f00000|  0%| F|  |TAMS 0x0000000085e00000, 0x0000000085e00000| Untracked 
|  83|0x0000000085f00000, 0x0000000085f00000, 0x0000000086000000|  0%| F|  |TAMS 0x0000000085f00000, 0x0000000085f00000| Untracked 
|  84|0x0000000086000000, 0x0000000086000000, 0x0000000086100000|  0%| F|  |TAMS 0x0000000086000000, 0x0000000086000000| Untracked 
|  85|0x0000000086100000, 0x0000000086100000, 0x0000000086200000|  0%| F|  |TAMS 0x0000000086100000, 0x0000000086100000| Untracked 
|  86|0x0000000086200000, 0x0000000086200000, 0x0000000086300000|  0%| F|  |TAMS 0x0000000086200000, 0x0000000086200000| Untracked 
|  87|0x0000000086300000, 0x0000000086300000, 0x0000000086400000|  0%| F|  |TAMS 0x0000000086300000, 0x0000000086300000| Untracked 
|  88|0x0000000086400000, 0x0000000086400000, 0x0000000086500000|  0%| F|  |TAMS 0x0000000086400000, 0x0000000086400000| Untracked 
|  89|0x0000000086500000, 0x0000000086500000, 0x0000000086600000|  0%| F|  |TAMS 0x0000000086500000, 0x0000000086500000| Untracked 
|  90|0x0000000086600000, 0x0000000086600000, 0x0000000086700000|  0%| F|  |TAMS 0x0000000086600000, 0x0000000086600000| Untracked 
|  91|0x0000000086700000, 0x0000000086700000, 0x0000000086800000|  0%| F|  |TAMS 0x0000000086700000, 0x0000000086700000| Untracked 
|  92|0x0000000086800000, 0x0000000086800000, 0x0000000086900000|  0%| F|  |TAMS 0x0000000086800000, 0x0000000086800000| Untracked 
|  93|0x0000000086900000, 0x0000000086900000, 0x0000000086a00000|  0%| F|  |TAMS 0x0000000086900000, 0x0000000086900000| Untracked 
|  94|0x0000000086a00000, 0x0000000086a00000, 0x0000000086b00000|  0%| F|  |TAMS 0x0000000086a00000, 0x0000000086a00000| Untracked 
|  95|0x0000000086b00000, 0x0000000086b00000, 0x0000000086c00000|  0%| F|  |TAMS 0x0000000086b00000, 0x0000000086b00000| Untracked 
|  96|0x0000000086c00000, 0x0000000086c00000, 0x0000000086d00000|  0%| F|  |TAMS 0x0000000086c00000, 0x0000000086c00000| Untracked 
|  97|0x0000000086d00000, 0x0000000086d00000, 0x0000000086e00000|  0%| F|  |TAMS 0x0000000086d00000, 0x0000000086d00000| Untracked 
|  98|0x0000000086e00000, 0x0000000086e00000, 0x0000000086f00000|  0%| F|  |TAMS 0x0000000086e00000, 0x0000000086e00000| Untracked 
|  99|0x0000000086f00000, 0x0000000086f00000, 0x0000000087000000|  0%| F|  |TAMS 0x0000000086f00000, 0x0000000086f00000| Untracked 
| 100|0x0000000087000000, 0x0000000087000000, 0x0000000087100000|  0%| F|  |TAMS 0x0000000087000000, 0x0000000087000000| Untracked 
| 101|0x0000000087100000, 0x0000000087100000, 0x0000000087200000|  0%| F|  |TAMS 0x0000000087100000, 0x0000000087100000| Untracked 
| 102|0x0000000087200000, 0x0000000087200000, 0x0000000087300000|  0%| F|  |TAMS 0x0000000087200000, 0x0000000087200000| Untracked 
| 103|0x0000000087300000, 0x0000000087300000, 0x0000000087400000|  0%| F|  |TAMS 0x0000000087300000, 0x0000000087300000| Untracked 
| 104|0x0000000087400000, 0x0000000087400000, 0x0000000087500000|  0%| F|  |TAMS 0x0000000087400000, 0x0000000087400000| Untracked 
| 105|0x0000000087500000, 0x0000000087500000, 0x0000000087600000|  0%| F|  |TAMS 0x0000000087500000, 0x0000000087500000| Untracked 
| 106|0x0000000087600000, 0x0000000087600000, 0x0000000087700000|  0%| F|  |TAMS 0x0000000087600000, 0x0000000087600000| Untracked 
| 107|0x0000000087700000, 0x0000000087700000, 0x0000000087800000|  0%| F|  |TAMS 0x0000000087700000, 0x0000000087700000| Untracked 
| 108|0x0000000087800000, 0x0000000087800000, 0x0000000087900000|  0%| F|  |TAMS 0x0000000087800000, 0x0000000087800000| Untracked 
| 109|0x0000000087900000, 0x0000000087900000, 0x0000000087a00000|  0%| F|  |TAMS 0x0000000087900000, 0x0000000087900000| Untracked 
| 110|0x0000000087a00000, 0x0000000087a00000, 0x0000000087b00000|  0%| F|  |TAMS 0x0000000087a00000, 0x0000000087a00000| Untracked 
| 111|0x0000000087b00000, 0x0000000087b00000, 0x0000000087c00000|  0%| F|  |TAMS 0x0000000087b00000, 0x0000000087b00000| Untracked 
| 112|0x0000000087c00000, 0x0000000087c00000, 0x0000000087d00000|  0%| F|  |TAMS 0x0000000087c00000, 0x0000000087c00000| Untracked 
| 113|0x0000000087d00000, 0x0000000087d00000, 0x0000000087e00000|  0%| F|  |TAMS 0x0000000087d00000, 0x0000000087d00000| Untracked 
| 114|0x0000000087e00000, 0x0000000087e00000, 0x0000000087f00000|  0%| F|  |TAMS 0x0000000087e00000, 0x0000000087e00000| Untracked 
| 115|0x0000000087f00000, 0x0000000087f00000, 0x0000000088000000|  0%| F|  |TAMS 0x0000000087f00000, 0x0000000087f00000| Untracked 
| 116|0x0000000088000000, 0x0000000088000000, 0x0000000088100000|  0%| F|  |TAMS 0x0000000088000000, 0x0000000088000000| Untracked 
| 117|0x0000000088100000, 0x0000000088100000, 0x0000000088200000|  0%| F|  |TAMS 0x0000000088100000, 0x0000000088100000| Untracked 
| 118|0x0000000088200000, 0x0000000088200000, 0x0000000088300000|  0%| F|  |TAMS 0x0000000088200000, 0x0000000088200000| Untracked 
| 119|0x0000000088300000, 0x0000000088300000, 0x0000000088400000|  0%| F|  |TAMS 0x0000000088300000, 0x0000000088300000| Untracked 
| 120|0x0000000088400000, 0x0000000088400000, 0x0000000088500000|  0%| F|  |TAMS 0x0000000088400000, 0x0000000088400000| Untracked 
| 121|0x0000000088500000, 0x0000000088500000, 0x0000000088600000|  0%| F|  |TAMS 0x0000000088500000, 0x0000000088500000| Untracked 
| 122|0x0000000088600000, 0x0000000088600000, 0x0000000088700000|  0%| F|  |TAMS 0x0000000088600000, 0x0000000088600000| Untracked 
| 123|0x0000000088700000, 0x0000000088700000, 0x0000000088800000|  0%| F|  |TAMS 0x0000000088700000, 0x0000000088700000| Untracked 
| 124|0x0000000088800000, 0x0000000088800000, 0x0000000088900000|  0%| F|  |TAMS 0x0000000088800000, 0x0000000088800000| Untracked 
| 125|0x0000000088900000, 0x0000000088900000, 0x0000000088a00000|  0%| F|  |TAMS 0x0000000088900000, 0x0000000088900000| Untracked 
| 126|0x0000000088a00000, 0x0000000088a7b628, 0x0000000088b00000| 48%| E|  |TAMS 0x0000000088a00000, 0x0000000088a00000| Complete 
| 127|0x0000000088b00000, 0x0000000088c00000, 0x0000000088c00000|100%| E|CS|TAMS 0x0000000088b00000, 0x0000000088b00000| Complete 

Card table byte_map: [0x0000026d73240000,0x0000026d73640000] _byte_map_base: 0x0000026d72e3a000

Marking Bits (Prev, Next): (CMBitMap*) 0x0000026d6a5437e8, (CMBitMap*) 0x0000026d6a543828
 Prev Bits: [0x0000026d73a40000, 0x0000026d75a10000)
 Next Bits: [0x0000026d75a10000, 0x0000026d779e0000)

Polling page: 0x0000026d69cd0000

Metaspace:

Usage:
  Non-class:      2.95 MB capacity,     2.94 MB (>99%) used,     6.75 KB ( <1%) free+waste,     3.06 KB ( <1%) overhead. 
      Class:    384.00 KB capacity,   275.98 KB ( 72%) used,   107.95 KB ( 28%) free+waste,    64 bytes ( <1%) overhead. 
       Both:      3.32 MB capacity,     3.21 MB ( 97%) used,   114.70 KB (  3%) free+waste,     3.13 KB ( <1%) overhead. 

Virtual space:
  Non-class space:       12.00 MB reserved,       3.00 MB ( 25%) committed 
      Class space:        1.00 GB reserved,     384.00 KB ( <1%) committed 
             Both:        1.01 GB reserved,       3.38 MB ( <1%) committed 

Chunk freelists:
   Non-Class:  56.00 KB
       Class:  0 bytes
        Both:  56.00 KB

MaxMetaspaceSize: 17179869184.00 GB
CompressedClassSpaceSize: 1.00 GB

CodeHeap 'non-profiled nmethods': size=120000Kb used=17Kb max_used=17Kb free=119982Kb
 bounds [0x0000026d07ad0000, 0x0000026d07d40000, 0x0000026d0f000000]
CodeHeap 'profiled nmethods': size=120000Kb used=112Kb max_used=112Kb free=119887Kb
 bounds [0x0000026d005a0000, 0x0000026d00810000, 0x0000026d07ad0000]
CodeHeap 'non-nmethods': size=5760Kb used=1036Kb max_used=1048Kb free=4723Kb
 bounds [0x0000026d00000000, 0x0000026d00270000, 0x0000026d005a0000]
 total_blobs=627 nmethods=79 adapters=157
 compilation: enabled
              stopped_count=0, restarted_count=0
 full_count=0

Compilation events (20 events):
Event: 0.100 Thread 0x0000026d7b181000   63       1       java.lang.module.ResolvedModule::configuration (5 bytes)
Event: 0.100 Thread 0x0000026d7b181000 nmethod 63 0x0000026d07ad3110 code [0x0000026d07ad32a0, 0x0000026d07ad33b8]
Event: 0.100 Thread 0x0000026d7b181000   66       3       java.util.HashMap::<init> (11 bytes)
Event: 0.101 Thread 0x0000026d7b181000 nmethod 66 0x0000026d005b7010 code [0x0000026d005b71c0, 0x0000026d005b73d8]
Event: 0.101 Thread 0x0000026d7b181000   67       1       java.lang.module.ModuleDescriptor$Exports::targets (5 bytes)
Event: 0.101 Thread 0x0000026d7b181000 nmethod 67 0x0000026d07ad3410 code [0x0000026d07ad35a0, 0x0000026d07ad36b8]
Event: 0.101 Thread 0x0000026d7b181000   68       1       java.util.ImmutableCollections$Set12::isEmpty (2 bytes)
Event: 0.101 Thread 0x0000026d7b181000 nmethod 68 0x0000026d07ad3710 code [0x0000026d07ad38a0, 0x0000026d07ad39b8]
Event: 0.102 Thread 0x0000026d7b181000   69       3       java.util.ImmutableCollections$Set12::iterator (9 bytes)
Event: 0.102 Thread 0x0000026d7b181000 nmethod 69 0x0000026d005b7490 code [0x0000026d005b7660, 0x0000026d005b79f8]
Event: 0.102 Thread 0x0000026d7b181000   70       3       java.util.ImmutableCollections$Set12$1::<init> (21 bytes)
Event: 0.102 Thread 0x0000026d7b181000 nmethod 70 0x0000026d005b7b10 code [0x0000026d005b7cc0, 0x0000026d005b7f98]
Event: 0.102 Thread 0x0000026d7b181000   71       3       java.util.Map::entry (10 bytes)
Event: 0.102 Thread 0x0000026d7b181000 nmethod 71 0x0000026d005b8090 code [0x0000026d005b8280, 0x0000026d005b8840]
Event: 0.103 Thread 0x0000026d7b181000   72       1       java.lang.module.ModuleDescriptor::isOpen (5 bytes)
Event: 0.103 Thread 0x0000026d7b181000 nmethod 72 0x0000026d07ad3a10 code [0x0000026d07ad3ba0, 0x0000026d07ad3cb8]
Event: 0.103 Thread 0x0000026d7b14f800   73       4       java.lang.String::hashCode (60 bytes)
Event: 0.104 Thread 0x0000026d7b181000   74       3       java.util.HashMap::resize (356 bytes)
Event: 0.105 Thread 0x0000026d7b181000 nmethod 74 0x0000026d005b8a10 code [0x0000026d005b8cc0, 0x0000026d005ba150]
Event: 0.105 Thread 0x0000026d7b181000   77       3       java.util.ImmutableCollections$Set12$1::next (92 bytes)

GC Heap History (0 events):
No events

Deoptimization events (0 events):
No events

Classes unloaded (0 events):
No events

Classes redefined (0 events):
No events

Internal exceptions (0 events):
No events

Events (20 events):
Event: 0.102 loading class java/util/HashMap$KeySet
Event: 0.102 loading class java/util/HashMap$KeySet done
Event: 0.102 loading class java/util/HashMap$KeyIterator
Event: 0.102 loading class java/util/HashMap$KeyIterator done
Event: 0.102 loading class java/lang/ModuleLayer$Controller
Event: 0.102 loading class java/lang/ModuleLayer$Controller done
Event: 0.102 loading class jdk/internal/module/IllegalAccessLogger$Mode
Event: 0.102 loading class jdk/internal/module/IllegalAccessLogger$Mode done
Event: 0.102 loading class jdk/internal/module/IllegalAccessLogger$Builder
Event: 0.102 loading class jdk/internal/module/IllegalAccessLogger$Builder done
Event: 0.102 loading class java/util/HashMap$Values
Event: 0.102 loading class java/util/HashMap$Values done
Event: 0.102 loading class java/util/HashMap$ValueIterator
Event: 0.103 loading class java/util/HashMap$ValueIterator done
Event: 0.103 loading class java/util/Collections$UnmodifiableSet
Event: 0.103 loading class java/util/Collections$UnmodifiableCollection
Event: 0.103 loading class java/util/Collections$UnmodifiableCollection done
Event: 0.103 loading class java/util/Collections$UnmodifiableSet done
Event: 0.103 loading class jdk/internal/module/ModuleBootstrap$2
Event: 0.103 loading class jdk/internal/module/ModuleBootstrap$2 done


Dynamic libraries:
0x00007ff732f90000 - 0x00007ff732f9f000 	C:\Program Files\Java\jdk-13\bin\javaw.exe
0x00007ffdaf720000 - 0x00007ffdaf910000 	C:\WINDOWS\SYSTEM32\ntdll.dll
0x00007ffdaeb90000 - 0x00007ffdaec42000 	C:\WINDOWS\System32\KERNEL32.DLL
0x00007ffdad3f0000 - 0x00007ffdad693000 	C:\WINDOWS\System32\KERNELBASE.dll
0x00007ffdad2c0000 - 0x00007ffdad3ba000 	C:\WINDOWS\System32\ucrtbase.dll
0x00007ffda6d80000 - 0x00007ffda6d98000 	C:\Program Files\Java\jdk-13\bin\jli.dll
0x00007ffda6d60000 - 0x00007ffda6d75000 	C:\Program Files\Java\jdk-13\bin\VCRUNTIME140.dll
0x00007ffdad810000 - 0x00007ffdad8b3000 	C:\WINDOWS\System32\ADVAPI32.dll
0x00007ffdadde0000 - 0x00007ffdade7e000 	C:\WINDOWS\System32\msvcrt.dll
0x00007ffdaeaf0000 - 0x00007ffdaeb87000 	C:\WINDOWS\System32\sechost.dll
0x00007ffdade80000 - 0x00007ffdadfa0000 	C:\WINDOWS\System32\RPCRT4.dll
0x00007ffdaf510000 - 0x00007ffdaf6a3000 	C:\WINDOWS\System32\USER32.dll
0x00007ffdad3c0000 - 0x00007ffdad3e1000 	C:\WINDOWS\System32\win32u.dll
0x00007ffd9e890000 - 0x00007ffd9eb15000 	C:\WINDOWS\WinSxS\amd64_microsoft.windows.common-controls_6595b64144ccf1df_6.0.18362.388_none_e6c6afa5130d5b6d\COMCTL32.dll
0x00007ffdadda0000 - 0x00007ffdaddc6000 	C:\WINDOWS\System32\GDI32.dll
0x00007ffdae6e0000 - 0x00007ffdaea16000 	C:\WINDOWS\System32\combase.dll
0x00007ffdacf80000 - 0x00007ffdad114000 	C:\WINDOWS\System32\gdi32full.dll
0x00007ffdad140000 - 0x00007ffdad1c0000 	C:\WINDOWS\System32\bcryptPrimitives.dll
0x00007ffdad6a0000 - 0x00007ffdad73e000 	C:\WINDOWS\System32\msvcp_win.dll
0x00007ffda9460000 - 0x00007ffda946a000 	C:\WINDOWS\SYSTEM32\VERSION.dll
0x00007ffdae240000 - 0x00007ffdae26e000 	C:\WINDOWS\System32\IMM32.DLL
0x00007ffda0b80000 - 0x00007ffda0c1b000 	C:\Program Files\Java\jdk-13\bin\msvcp140.dll
0x00007ffd79db0000 - 0x00007ffd7a916000 	C:\Program Files\Java\jdk-13\bin\server\jvm.dll
0x00007ffdaf340000 - 0x00007ffdaf348000 	C:\WINDOWS\System32\PSAPI.DLL
0x00007ffda3600000 - 0x00007ffda3609000 	C:\WINDOWS\SYSTEM32\WSOCK32.dll
0x00007ffda36c0000 - 0x00007ffda36e4000 	C:\WINDOWS\SYSTEM32\WINMM.dll
0x00007ffdae1d0000 - 0x00007ffdae23f000 	C:\WINDOWS\System32\WS2_32.dll
0x00007ffda3670000 - 0x00007ffda369d000 	C:\WINDOWS\SYSTEM32\WINMMBASE.dll
0x00007ffdad1c0000 - 0x00007ffdad20a000 	C:\WINDOWS\System32\cfgmgr32.dll
0x00007ffdac5d0000 - 0x00007ffdac5e1000 	C:\WINDOWS\System32\kernel.appcore.dll
0x00007ffd9c010000 - 0x00007ffd9c020000 	C:\Program Files\Java\jdk-13\bin\verify.dll
0x00007ffda6660000 - 0x00007ffda6854000 	C:\WINDOWS\SYSTEM32\DBGHELP.DLL
0x00007ffda6420000 - 0x00007ffda644a000 	C:\WINDOWS\SYSTEM32\dbgcore.DLL
0x00007ffd80d70000 - 0x00007ffd80d96000 	C:\Program Files\Java\jdk-13\bin\java.dll
0x00007ffd84380000 - 0x00007ffd84397000 	C:\Program Files\Java\jdk-13\bin\zip.dll
0x00007ffd9baa0000 - 0x00007ffd9baaa000 	C:\Program Files\Java\jdk-13\bin\jimage.dll
0x00007ffdaec50000 - 0x00007ffdaf335000 	C:\WINDOWS\System32\SHELL32.dll
0x00007ffdaf460000 - 0x00007ffdaf509000 	C:\WINDOWS\System32\shcore.dll
0x00007ffdac7d0000 - 0x00007ffdacf4f000 	C:\WINDOWS\System32\windows.storage.dll
0x00007ffdac5f0000 - 0x00007ffdac60f000 	C:\WINDOWS\System32\profapi.dll
0x00007ffdac610000 - 0x00007ffdac65a000 	C:\WINDOWS\System32\powrprof.dll
0x00007ffdac5c0000 - 0x00007ffdac5d0000 	C:\WINDOWS\System32\UMPDC.dll
0x00007ffdae3d0000 - 0x00007ffdae422000 	C:\WINDOWS\System32\shlwapi.dll
0x00007ffdad120000 - 0x00007ffdad137000 	C:\WINDOWS\System32\cryptsp.dll

dbghelp: loaded successfully - version: 4.0.5 - missing functions: none
symbol engine: initialized successfully - sym options: 0x614 - pdb path: .;C:\Program Files\Java\jdk-13\bin;C:\WINDOWS\SYSTEM32;C:\WINDOWS\WinSxS\amd64_microsoft.windows.common-controls_6595b64144ccf1df_6.0.18362.388_none_e6c6afa5130d5b6d;C:\Program Files\Java\jdk-13\bin\server

VM Arguments:
jvm_args: -Dfile.encoding=Cp1251 
java_command: yolocha.pr1
java_class_path (initial): F:\worcks\yolocha\bin
Launcher Type: SUN_STANDARD

[Global flags]
     intx CICompilerCount                          = 4                                         {product} {ergonomic}
     uint ConcGCThreads                            = 2                                         {product} {ergonomic}
     uint G1ConcRefinementThreads                  = 8                                         {product} {ergonomic}
   size_t G1HeapRegionSize                         = 1048576                                   {product} {ergonomic}
    uintx GCDrainStackTargetSize                   = 64                                        {product} {ergonomic}
   size_t InitialHeapSize                          = 134217728                                 {product} {ergonomic}
   size_t MarkStackSize                            = 4194304                                   {product} {ergonomic}
   size_t MaxHeapSize                              = 2134900736                                {product} {ergonomic}
   size_t MaxNewSize                               = 1280311296                                {product} {ergonomic}
   size_t MinHeapDeltaBytes                        = 1048576                                   {product} {ergonomic}
   size_t MinHeapSize                              = 8388608                                   {product} {ergonomic}
    uintx NonNMethodCodeHeapSize                   = 5836300                                {pd product} {ergonomic}
    uintx NonProfiledCodeHeapSize                  = 122910970                              {pd product} {ergonomic}
    uintx ProfiledCodeHeapSize                     = 122910970                              {pd product} {ergonomic}
    uintx ReservedCodeCacheSize                    = 251658240                              {pd product} {ergonomic}
     bool SegmentedCodeCache                       = true                                      {product} {ergonomic}
   size_t SoftMaxHeapSize                          = 2134900736                             {manageable} {ergonomic}
     bool UseCompressedClassPointers               = true                                 {lp64_product} {ergonomic}
     bool UseCompressedOops                        = true                                 {lp64_product} {ergonomic}
     bool UseG1GC                                  = true                                      {product} {ergonomic}
     bool UseLargePagesIndividualAllocation        = false                                  {pd product} {ergonomic}

Logging:
Log output configuration:
 #0: stdout all=warning uptime,level,tags
 #1: stderr all=off uptime,level,tags

Environment Variables:
PATH=C:/Program Files/Java/jdk-13/bin/server;C:/Program Files/Java/jdk-13/bin;C:\Program Files (x86)\Common Files\Oracle\Java\javapath;C:\Windows\system32;C:\Windows;C:\Windows\System32\Wbem;C:\Windows\System32\WindowsPowerShell\v1.0\;C:\Windows\System32\OpenSSH\;C:\WINDOWS\system32;C:\WINDOWS;C:\WINDOWS\System32\Wbem;C:\WINDOWS\System32\WindowsPowerShell\v1.0\;C:\WINDOWS\System32\OpenSSH\;C:\Program Files\NVIDIA Corporation\NVIDIA NGX;C:\Program Files (x86)\NVIDIA Corporation\PhysX\Common;%SystemRoot%\system32;%SystemRoot%;%SystemRoot%\System32\Wbem;%SYSTEMROOT%\System32\WindowsPowerShell\v1.0\;%SYSTEMROOT%\System32\OpenSSH\;C:\Program Files\NVIDIA Corporation\NVIDIA NvDLISR;F:\Scripts\;F:\;C:\Users\Дом\AppData\Local\Microsoft\WindowsApps;;C:\Users\Дом\Desktop;
USERNAME=Дом
OS=Windows_NT
PROCESSOR_IDENTIFIER=AMD64 Family 21 Model 2 Stepping 0, AuthenticAMD



---------------  S Y S T E M  ---------------

OS: Windows 10 , 64 bit Build 18362 (10.0.18362.329)

CPU:total 8 (initial active 8) (8 cores per cpu, 1 threads per core) family 21 model 2 stepping 0, cmov, cx8, fxsr, mmx, sse, sse2, sse3, ssse3, sse4.1, sse4.2, popcnt, avx, aes, clmul, mmxext, 3dnowpref, lzcnt, sse4a, tsc, tscinvbit, tscinv, bmi1, fma

Memory: 4k page, system-wide physical 8137M (2659M free)
TotalPageFile size 22408M (AvailPageFile size 1M)
current process WorkingSet (physical memory assigned to process): 25M, peak: 25M
current process commit charge ("private bytes"): 201M, peak: 205M

vm_info: Java HotSpot(TM) 64-Bit Server VM (13+33) for windows-amd64 JRE (13+33), built on Sep 18 2019 21:38:00 by "mach5one" with unknown MS VC++:1916

END.
