#
# There is insufficient memory for the Java Runtime Environment to continue.
# Native memory allocation (malloc) failed to allocate 32744 bytes for ChunkPool::allocate
# Possible reasons:
#   The system is out of physical RAM or swap space
#   The process is running with CompressedOops enabled, and the Java Heap may be blocking the growth of the native heap
# Possible solutions:
#   Reduce memory load on the system
#   Increase physical memory or swap space
#   Check if swap backing store is full
#   Decrease Java heap size (-Xmx/-Xms)
#   Decrease number of Java threads
#   Decrease Java thread stack sizes (-Xss)
#   Set larger code cache with -XX:ReservedCodeCacheSize=
#   JVM is running with Unscaled Compressed Oops mode in which the Java heap is
#     placed in the first 4GB address space. The Java Heap base address is the
#     maximum limit for the native heap growth. Please use -XX:HeapBaseMinAddress
#     to set the Java Heap base and to place the Java Heap above 4GB virtual address.
# This output file may be truncated or incomplete.
#
#  Out of Memory Error (t:/workspace/open/src/hotspot/share/memory/arena.cpp:80), pid=19064, tid=18944
#
# JRE version: Java(TM) SE Runtime Environment (13.0+33) (build 13+33)
# Java VM: Java HotSpot(TM) 64-Bit Server VM (13+33, mixed mode, sharing, tiered, compressed oops, g1 gc, windows-amd64)
# No core dump will be written. Minidumps are not enabled by default on client versions of Windows
#

---------------  S U M M A R Y ------------

Command Line: -Dfile.encoding=Cp1251 yolocha.pr1

Host: AMD FX-8320E Eight-Core Processor              , 8 cores, 7G,  Windows 10 , 64 bit Build 18362 (10.0.18362.329)
Time: Sun Oct  6 21:35:01 2019 RTZ 2 (ceia) elapsed time: 3719 seconds (0d 1h 1m 59s)

---------------  T H R E A D  ---------------

Current thread (0x00000163a8161000):  JavaThread "C2 CompilerThread0" daemon [_thread_in_native, id=18944, stack(0x00000050d9700000,0x00000050d9800000)]


Current CompileTask:
C2:3719848  676       4       java.util.Arrays::binarySearch0 (95 bytes)

Stack: [0x00000050d9700000,0x00000050d9800000]
Native frames: (J=compiled Java code, j=interpreted, Vv=VM code, C=native code)
V  [jvm.dll+0x626eaa]
V  [jvm.dll+0x772c4a]
V  [jvm.dll+0x7743ff]
V  [jvm.dll+0x774a03]
V  [jvm.dll+0x24da38]
V  [jvm.dll+0xc3d16]
V  [jvm.dll+0xc406c]
V  [jvm.dll+0xc3bcd]
V  [jvm.dll+0x6094bf]
V  [jvm.dll+0x658a0c]
V  [jvm.dll+0x1a10cc]
V  [jvm.dll+0x2079d6]
V  [jvm.dll+0x206adf]
V  [jvm.dll+0x18b94c]
V  [jvm.dll+0x2159bd]
V  [jvm.dll+0x213e6b]
V  [jvm.dll+0x738af6]
V  [jvm.dll+0x731bea]
V  [jvm.dll+0x6260a6]
C  [ucrtbase.dll+0x20e72]
C  [KERNEL32.DLL+0x17bd4]
C  [ntdll.dll+0x6ced1]


---------------  P R O C E S S  ---------------

Threads class SMR info:
_java_thread_list=0x00000163a9f2c2f0, length=15, elements={
0x00000163a813e000, 0x00000163a8141000, 0x00000163a815e800, 0x00000163a815f800,
0x00000163a8161000, 0x00000163a8171800, 0x00000163a8ac0800, 0x00000163a8bcc000,
0x00000163a8bcd800, 0x00000163a8e09800, 0x00000163a8e3a000, 0x00000163a8e41800,
0x00000163a9f82000, 0x00000163871ce000, 0x00000163a8c36800
}

Java Threads: ( => current thread )
  0x00000163a813e000 JavaThread "Reference Handler" daemon [_thread_blocked, id=18956, stack(0x00000050d9300000,0x00000050d9400000)]
  0x00000163a8141000 JavaThread "Finalizer" daemon [_thread_blocked, id=11100, stack(0x00000050d9400000,0x00000050d9500000)]
  0x00000163a815e800 JavaThread "Signal Dispatcher" daemon [_thread_blocked, id=8152, stack(0x00000050d9500000,0x00000050d9600000)]
  0x00000163a815f800 JavaThread "Attach Listener" daemon [_thread_blocked, id=18200, stack(0x00000050d9600000,0x00000050d9700000)]
=>0x00000163a8161000 JavaThread "C2 CompilerThread0" daemon [_thread_in_native, id=18944, stack(0x00000050d9700000,0x00000050d9800000)]
  0x00000163a8171800 JavaThread "C1 CompilerThread0" daemon [_thread_blocked, id=18864, stack(0x00000050d9800000,0x00000050d9900000)]
  0x00000163a8ac0800 JavaThread "Sweeper thread" daemon [_thread_blocked, id=11640, stack(0x00000050d9900000,0x00000050d9a00000)]
  0x00000163a8bcc000 JavaThread "Service Thread" daemon [_thread_blocked, id=18656, stack(0x00000050d9a00000,0x00000050d9b00000)]
  0x00000163a8bcd800 JavaThread "Common-Cleaner" daemon [_thread_blocked, id=18948, stack(0x00000050d9c00000,0x00000050d9d00000)]
  0x00000163a8e09800 JavaThread "Java2D Disposer" daemon [_thread_blocked, id=17544, stack(0x00000050d9d00000,0x00000050d9e00000)]
  0x00000163a8e3a000 JavaThread "AWT-Shutdown" [_thread_blocked, id=3552, stack(0x00000050d9e00000,0x00000050d9f00000)]
  0x00000163a8e41800 JavaThread "AWT-Windows" daemon [_thread_in_native, id=5488, stack(0x00000050d9f00000,0x00000050da000000)]
  0x00000163a9f82000 JavaThread "AWT-EventQueue-0" [_thread_in_native, id=18700, stack(0x00000050da220000,0x00000050da320000)]
  0x00000163871ce000 JavaThread "DestroyJavaVM" [_thread_blocked, id=13120, stack(0x00000050d8c00000,0x00000050d8d00000)]
  0x00000163a8c36800 JavaThread "D3D Screen Updater" daemon [_thread_blocked, id=12916, stack(0x00000050da320000,0x00000050da420000)]

Other Threads:
  0x00000163a813d000 VMThread "VM Thread" [stack: 0x00000050d9200000,0x00000050d9300000] [id=12556]
  0x00000163a8bcc800 WatcherThread [stack: 0x00000050d9b00000,0x00000050d9c00000] [id=18816]
  0x0000016387243000 GCTaskThread "GC Thread#0" [stack: 0x00000050d8d00000,0x00000050d8e00000] [id=12112]
  0x0000016387256000 ConcurrentGCThread "G1 Main Marker" [stack: 0x00000050d8e00000,0x00000050d8f00000] [id=2020]
  0x0000016387257000 ConcurrentGCThread "G1 Conc#0" [stack: 0x00000050d8f00000,0x00000050d9000000] [id=9424]
  0x00000163872ce000 ConcurrentGCThread "G1 Refine#0" [stack: 0x00000050d9000000,0x00000050d9100000] [id=10736]
  0x00000163a7fbf800 ConcurrentGCThread "G1 Young RemSet Sampling" [stack: 0x00000050d9100000,0x00000050d9200000] [id=13124]

Threads with active compile tasks:
C2 CompilerThread0  3719879  676       4       java.util.Arrays::binarySearch0 (95 bytes)

VM state:not at safepoint (normal execution)

VM Mutex/Monitor currently owned by a thread: None

Heap address: 0x0000000080c00000, size: 2036 MB, Compressed Oops mode: 32-bit
Narrow klass base: 0x0000000800000000, Narrow klass shift: 3
Compressed class space size: 1073741824 Address: 0x0000000800b40000

Heap:
 garbage-first heap   total 131072K, used 8192K [0x0000000080c00000, 0x0000000100000000)
  region size 1024K, 7 young (7168K), 0 survivors (0K)
 Metaspace       used 6169K, capacity 6388K, committed 6528K, reserved 1056768K
  class space    used 688K, capacity 817K, committed 896K, reserved 1048576K
Heap Regions: E=young(eden), S=young(survivor), O=old, HS=humongous(starts), HC=humongous(continues), CS=collection set, F=free, A=archive, TAMS=top-at-mark-start (previous, next)
|   0|0x0000000080c00000, 0x0000000080d00000, 0x0000000080d00000|100%|HS|  |TAMS 0x0000000080c00000, 0x0000000080c00000| Complete 
|   1|0x0000000080d00000, 0x0000000080e00000, 0x0000000080e00000|100%|HC|  |TAMS 0x0000000080d00000, 0x0000000080d00000| Complete 
|   2|0x0000000080e00000, 0x0000000080e00000, 0x0000000080f00000|  0%| F|  |TAMS 0x0000000080e00000, 0x0000000080e00000| Untracked 
|   3|0x0000000080f00000, 0x0000000080f00000, 0x0000000081000000|  0%| F|  |TAMS 0x0000000080f00000, 0x0000000080f00000| Untracked 
|   4|0x0000000081000000, 0x0000000081000000, 0x0000000081100000|  0%| F|  |TAMS 0x0000000081000000, 0x0000000081000000| Untracked 
|   5|0x0000000081100000, 0x0000000081100000, 0x0000000081200000|  0%| F|  |TAMS 0x0000000081100000, 0x0000000081100000| Untracked 
|   6|0x0000000081200000, 0x0000000081200000, 0x0000000081300000|  0%| F|  |TAMS 0x0000000081200000, 0x0000000081200000| Untracked 
|   7|0x0000000081300000, 0x0000000081300000, 0x0000000081400000|  0%| F|  |TAMS 0x0000000081300000, 0x0000000081300000| Untracked 
|   8|0x0000000081400000, 0x0000000081400000, 0x0000000081500000|  0%| F|  |TAMS 0x0000000081400000, 0x0000000081400000| Untracked 
|   9|0x0000000081500000, 0x0000000081500000, 0x0000000081600000|  0%| F|  |TAMS 0x0000000081500000, 0x0000000081500000| Untracked 
|  10|0x0000000081600000, 0x0000000081600000, 0x0000000081700000|  0%| F|  |TAMS 0x0000000081600000, 0x0000000081600000| Untracked 
|  11|0x0000000081700000, 0x0000000081700000, 0x0000000081800000|  0%| F|  |TAMS 0x0000000081700000, 0x0000000081700000| Untracked 
|  12|0x0000000081800000, 0x0000000081800000, 0x0000000081900000|  0%| F|  |TAMS 0x0000000081800000, 0x0000000081800000| Untracked 
|  13|0x0000000081900000, 0x0000000081900000, 0x0000000081a00000|  0%| F|  |TAMS 0x0000000081900000, 0x0000000081900000| Untracked 
|  14|0x0000000081a00000, 0x0000000081a00000, 0x0000000081b00000|  0%| F|  |TAMS 0x0000000081a00000, 0x0000000081a00000| Untracked 
|  15|0x0000000081b00000, 0x0000000081b00000, 0x0000000081c00000|  0%| F|  |TAMS 0x0000000081b00000, 0x0000000081b00000| Untracked 
|  16|0x0000000081c00000, 0x0000000081c00000, 0x0000000081d00000|  0%| F|  |TAMS 0x0000000081c00000, 0x0000000081c00000| Untracked 
|  17|0x0000000081d00000, 0x0000000081d00000, 0x0000000081e00000|  0%| F|  |TAMS 0x0000000081d00000, 0x0000000081d00000| Untracked 
|  18|0x0000000081e00000, 0x0000000081e00000, 0x0000000081f00000|  0%| F|  |TAMS 0x0000000081e00000, 0x0000000081e00000| Untracked 
|  19|0x0000000081f00000, 0x0000000081f00000, 0x0000000082000000|  0%| F|  |TAMS 0x0000000081f00000, 0x0000000081f00000| Untracked 
|  20|0x0000000082000000, 0x0000000082000000, 0x0000000082100000|  0%| F|  |TAMS 0x0000000082000000, 0x0000000082000000| Untracked 
|  21|0x0000000082100000, 0x0000000082100000, 0x0000000082200000|  0%| F|  |TAMS 0x0000000082100000, 0x0000000082100000| Untracked 
|  22|0x0000000082200000, 0x0000000082200000, 0x0000000082300000|  0%| F|  |TAMS 0x0000000082200000, 0x0000000082200000| Untracked 
|  23|0x0000000082300000, 0x0000000082300000, 0x0000000082400000|  0%| F|  |TAMS 0x0000000082300000, 0x0000000082300000| Untracked 
|  24|0x0000000082400000, 0x0000000082400000, 0x0000000082500000|  0%| F|  |TAMS 0x0000000082400000, 0x0000000082400000| Untracked 
|  25|0x0000000082500000, 0x0000000082500000, 0x0000000082600000|  0%| F|  |TAMS 0x0000000082500000, 0x0000000082500000| Untracked 
|  26|0x0000000082600000, 0x0000000082600000, 0x0000000082700000|  0%| F|  |TAMS 0x0000000082600000, 0x0000000082600000| Untracked 
|  27|0x0000000082700000, 0x0000000082700000, 0x0000000082800000|  0%| F|  |TAMS 0x0000000082700000, 0x0000000082700000| Untracked 
|  28|0x0000000082800000, 0x0000000082800000, 0x0000000082900000|  0%| F|  |TAMS 0x0000000082800000, 0x0000000082800000| Untracked 
|  29|0x0000000082900000, 0x0000000082900000, 0x0000000082a00000|  0%| F|  |TAMS 0x0000000082900000, 0x0000000082900000| Untracked 
|  30|0x0000000082a00000, 0x0000000082a00000, 0x0000000082b00000|  0%| F|  |TAMS 0x0000000082a00000, 0x0000000082a00000| Untracked 
|  31|0x0000000082b00000, 0x0000000082b00000, 0x0000000082c00000|  0%| F|  |TAMS 0x0000000082b00000, 0x0000000082b00000| Untracked 
|  32|0x0000000082c00000, 0x0000000082c00000, 0x0000000082d00000|  0%| F|  |TAMS 0x0000000082c00000, 0x0000000082c00000| Untracked 
|  33|0x0000000082d00000, 0x0000000082d00000, 0x0000000082e00000|  0%| F|  |TAMS 0x0000000082d00000, 0x0000000082d00000| Untracked 
|  34|0x0000000082e00000, 0x0000000082e00000, 0x0000000082f00000|  0%| F|  |TAMS 0x0000000082e00000, 0x0000000082e00000| Untracked 
|  35|0x0000000082f00000, 0x0000000082f00000, 0x0000000083000000|  0%| F|  |TAMS 0x0000000082f00000, 0x0000000082f00000| Untracked 
|  36|0x0000000083000000, 0x0000000083000000, 0x0000000083100000|  0%| F|  |TAMS 0x0000000083000000, 0x0000000083000000| Untracked 
|  37|0x0000000083100000, 0x0000000083100000, 0x0000000083200000|  0%| F|  |TAMS 0x0000000083100000, 0x0000000083100000| Untracked 
|  38|0x0000000083200000, 0x0000000083200000, 0x0000000083300000|  0%| F|  |TAMS 0x0000000083200000, 0x0000000083200000| Untracked 
|  39|0x0000000083300000, 0x0000000083300000, 0x0000000083400000|  0%| F|  |TAMS 0x0000000083300000, 0x0000000083300000| Untracked 
|  40|0x0000000083400000, 0x0000000083400000, 0x0000000083500000|  0%| F|  |TAMS 0x0000000083400000, 0x0000000083400000| Untracked 
|  41|0x0000000083500000, 0x0000000083500000, 0x0000000083600000|  0%| F|  |TAMS 0x0000000083500000, 0x0000000083500000| Untracked 
|  42|0x0000000083600000, 0x0000000083600000, 0x0000000083700000|  0%| F|  |TAMS 0x0000000083600000, 0x0000000083600000| Untracked 
|  43|0x0000000083700000, 0x0000000083700000, 0x0000000083800000|  0%| F|  |TAMS 0x0000000083700000, 0x0000000083700000| Untracked 
|  44|0x0000000083800000, 0x0000000083800000, 0x0000000083900000|  0%| F|  |TAMS 0x0000000083800000, 0x0000000083800000| Untracked 
|  45|0x0000000083900000, 0x0000000083900000, 0x0000000083a00000|  0%| F|  |TAMS 0x0000000083900000, 0x0000000083900000| Untracked 
|  46|0x0000000083a00000, 0x0000000083a00000, 0x0000000083b00000|  0%| F|  |TAMS 0x0000000083a00000, 0x0000000083a00000| Untracked 
|  47|0x0000000083b00000, 0x0000000083b00000, 0x0000000083c00000|  0%| F|  |TAMS 0x0000000083b00000, 0x0000000083b00000| Untracked 
|  48|0x0000000083c00000, 0x0000000083c00000, 0x0000000083d00000|  0%| F|  |TAMS 0x0000000083c00000, 0x0000000083c00000| Untracked 
|  49|0x0000000083d00000, 0x0000000083d00000, 0x0000000083e00000|  0%| F|  |TAMS 0x0000000083d00000, 0x0000000083d00000| Untracked 
|  50|0x0000000083e00000, 0x0000000083e00000, 0x0000000083f00000|  0%| F|  |TAMS 0x0000000083e00000, 0x0000000083e00000| Untracked 
|  51|0x0000000083f00000, 0x0000000083f00000, 0x0000000084000000|  0%| F|  |TAMS 0x0000000083f00000, 0x0000000083f00000| Untracked 
|  52|0x0000000084000000, 0x0000000084000000, 0x0000000084100000|  0%| F|  |TAMS 0x0000000084000000, 0x0000000084000000| Untracked 
|  53|0x0000000084100000, 0x0000000084100000, 0x0000000084200000|  0%| F|  |TAMS 0x0000000084100000, 0x0000000084100000| Untracked 
|  54|0x0000000084200000, 0x0000000084200000, 0x0000000084300000|  0%| F|  |TAMS 0x0000000084200000, 0x0000000084200000| Untracked 
|  55|0x0000000084300000, 0x0000000084300000, 0x0000000084400000|  0%| F|  |TAMS 0x0000000084300000, 0x0000000084300000| Untracked 
|  56|0x0000000084400000, 0x0000000084400000, 0x0000000084500000|  0%| F|  |TAMS 0x0000000084400000, 0x0000000084400000| Untracked 
|  57|0x0000000084500000, 0x0000000084500000, 0x0000000084600000|  0%| F|  |TAMS 0x0000000084500000, 0x0000000084500000| Untracked 
|  58|0x0000000084600000, 0x0000000084600000, 0x0000000084700000|  0%| F|  |TAMS 0x0000000084600000, 0x0000000084600000| Untracked 
|  59|0x0000000084700000, 0x0000000084700000, 0x0000000084800000|  0%| F|  |TAMS 0x0000000084700000, 0x0000000084700000| Untracked 
|  60|0x0000000084800000, 0x0000000084800000, 0x0000000084900000|  0%| F|  |TAMS 0x0000000084800000, 0x0000000084800000| Untracked 
|  61|0x0000000084900000, 0x0000000084900000, 0x0000000084a00000|  0%| F|  |TAMS 0x0000000084900000, 0x0000000084900000| Untracked 
|  62|0x0000000084a00000, 0x0000000084a00000, 0x0000000084b00000|  0%| F|  |TAMS 0x0000000084a00000, 0x0000000084a00000| Untracked 
|  63|0x0000000084b00000, 0x0000000084b00000, 0x0000000084c00000|  0%| F|  |TAMS 0x0000000084b00000, 0x0000000084b00000| Untracked 
|  64|0x0000000084c00000, 0x0000000084c00000, 0x0000000084d00000|  0%| F|  |TAMS 0x0000000084c00000, 0x0000000084c00000| Untracked 
|  65|0x0000000084d00000, 0x0000000084d00000, 0x0000000084e00000|  0%| F|  |TAMS 0x0000000084d00000, 0x0000000084d00000| Untracked 
|  66|0x0000000084e00000, 0x0000000084e00000, 0x0000000084f00000|  0%| F|  |TAMS 0x0000000084e00000, 0x0000000084e00000| Untracked 
|  67|0x0000000084f00000, 0x0000000084f00000, 0x0000000085000000|  0%| F|  |TAMS 0x0000000084f00000, 0x0000000084f00000| Untracked 
|  68|0x0000000085000000, 0x0000000085000000, 0x0000000085100000|  0%| F|  |TAMS 0x0000000085000000, 0x0000000085000000| Untracked 
|  69|0x0000000085100000, 0x0000000085100000, 0x0000000085200000|  0%| F|  |TAMS 0x0000000085100000, 0x0000000085100000| Untracked 
|  70|0x0000000085200000, 0x0000000085200000, 0x0000000085300000|  0%| F|  |TAMS 0x0000000085200000, 0x0000000085200000| Untracked 
|  71|0x0000000085300000, 0x0000000085300000, 0x0000000085400000|  0%| F|  |TAMS 0x0000000085300000, 0x0000000085300000| Untracked 
|  72|0x0000000085400000, 0x0000000085400000, 0x0000000085500000|  0%| F|  |TAMS 0x0000000085400000, 0x0000000085400000| Untracked 
|  73|0x0000000085500000, 0x0000000085500000, 0x0000000085600000|  0%| F|  |TAMS 0x0000000085500000, 0x0000000085500000| Untracked 
|  74|0x0000000085600000, 0x0000000085600000, 0x0000000085700000|  0%| F|  |TAMS 0x0000000085600000, 0x0000000085600000| Untracked 
|  75|0x0000000085700000, 0x0000000085700000, 0x0000000085800000|  0%| F|  |TAMS 0x0000000085700000, 0x0000000085700000| Untracked 
|  76|0x0000000085800000, 0x0000000085800000, 0x0000000085900000|  0%| F|  |TAMS 0x0000000085800000, 0x0000000085800000| Untracked 
|  77|0x0000000085900000, 0x0000000085900000, 0x0000000085a00000|  0%| F|  |TAMS 0x0000000085900000, 0x0000000085900000| Untracked 
|  78|0x0000000085a00000, 0x0000000085a00000, 0x0000000085b00000|  0%| F|  |TAMS 0x0000000085a00000, 0x0000000085a00000| Untracked 
|  79|0x0000000085b00000, 0x0000000085b00000, 0x0000000085c00000|  0%| F|  |TAMS 0x0000000085b00000, 0x0000000085b00000| Untracked 
|  80|0x0000000085c00000, 0x0000000085c00000, 0x0000000085d00000|  0%| F|  |TAMS 0x0000000085c00000, 0x0000000085c00000| Untracked 
|  81|0x0000000085d00000, 0x0000000085d00000, 0x0000000085e00000|  0%| F|  |TAMS 0x0000000085d00000, 0x0000000085d00000| Untracked 
|  82|0x0000000085e00000, 0x0000000085e00000, 0x0000000085f00000|  0%| F|  |TAMS 0x0000000085e00000, 0x0000000085e00000| Untracked 
|  83|0x0000000085f00000, 0x0000000085f00000, 0x0000000086000000|  0%| F|  |TAMS 0x0000000085f00000, 0x0000000085f00000| Untracked 
|  84|0x0000000086000000, 0x0000000086000000, 0x0000000086100000|  0%| F|  |TAMS 0x0000000086000000, 0x0000000086000000| Untracked 
|  85|0x0000000086100000, 0x0000000086100000, 0x0000000086200000|  0%| F|  |TAMS 0x0000000086100000, 0x0000000086100000| Untracked 
|  86|0x0000000086200000, 0x0000000086200000, 0x0000000086300000|  0%| F|  |TAMS 0x0000000086200000, 0x0000000086200000| Untracked 
|  87|0x0000000086300000, 0x0000000086300000, 0x0000000086400000|  0%| F|  |TAMS 0x0000000086300000, 0x0000000086300000| Untracked 
|  88|0x0000000086400000, 0x0000000086400000, 0x0000000086500000|  0%| F|  |TAMS 0x0000000086400000, 0x0000000086400000| Untracked 
|  89|0x0000000086500000, 0x0000000086500000, 0x0000000086600000|  0%| F|  |TAMS 0x0000000086500000, 0x0000000086500000| Untracked 
|  90|0x0000000086600000, 0x0000000086600000, 0x0000000086700000|  0%| F|  |TAMS 0x0000000086600000, 0x0000000086600000| Untracked 
|  91|0x0000000086700000, 0x0000000086700000, 0x0000000086800000|  0%| F|  |TAMS 0x0000000086700000, 0x0000000086700000| Untracked 
|  92|0x0000000086800000, 0x0000000086800000, 0x0000000086900000|  0%| F|  |TAMS 0x0000000086800000, 0x0000000086800000| Untracked 
|  93|0x0000000086900000, 0x0000000086900000, 0x0000000086a00000|  0%| F|  |TAMS 0x0000000086900000, 0x0000000086900000| Untracked 
|  94|0x0000000086a00000, 0x0000000086a00000, 0x0000000086b00000|  0%| F|  |TAMS 0x0000000086a00000, 0x0000000086a00000| Untracked 
|  95|0x0000000086b00000, 0x0000000086b00000, 0x0000000086c00000|  0%| F|  |TAMS 0x0000000086b00000, 0x0000000086b00000| Untracked 
|  96|0x0000000086c00000, 0x0000000086c00000, 0x0000000086d00000|  0%| F|  |TAMS 0x0000000086c00000, 0x0000000086c00000| Untracked 
|  97|0x0000000086d00000, 0x0000000086d00000, 0x0000000086e00000|  0%| F|  |TAMS 0x0000000086d00000, 0x0000000086d00000| Untracked 
|  98|0x0000000086e00000, 0x0000000086e00000, 0x0000000086f00000|  0%| F|  |TAMS 0x0000000086e00000, 0x0000000086e00000| Untracked 
|  99|0x0000000086f00000, 0x0000000086f00000, 0x0000000087000000|  0%| F|  |TAMS 0x0000000086f00000, 0x0000000086f00000| Untracked 
| 100|0x0000000087000000, 0x0000000087000000, 0x0000000087100000|  0%| F|  |TAMS 0x0000000087000000, 0x0000000087000000| Untracked 
| 101|0x0000000087100000, 0x0000000087100000, 0x0000000087200000|  0%| F|  |TAMS 0x0000000087100000, 0x0000000087100000| Untracked 
| 102|0x0000000087200000, 0x0000000087200000, 0x0000000087300000|  0%| F|  |TAMS 0x0000000087200000, 0x0000000087200000| Untracked 
| 103|0x0000000087300000, 0x0000000087300000, 0x0000000087400000|  0%| F|  |TAMS 0x0000000087300000, 0x0000000087300000| Untracked 
| 104|0x0000000087400000, 0x0000000087400000, 0x0000000087500000|  0%| F|  |TAMS 0x0000000087400000, 0x0000000087400000| Untracked 
| 105|0x0000000087500000, 0x0000000087500000, 0x0000000087600000|  0%| F|  |TAMS 0x0000000087500000, 0x0000000087500000| Untracked 
| 106|0x0000000087600000, 0x0000000087600000, 0x0000000087700000|  0%| F|  |TAMS 0x0000000087600000, 0x0000000087600000| Untracked 
| 107|0x0000000087700000, 0x0000000087700000, 0x0000000087800000|  0%| F|  |TAMS 0x0000000087700000, 0x0000000087700000| Untracked 
| 108|0x0000000087800000, 0x0000000087800000, 0x0000000087900000|  0%| F|  |TAMS 0x0000000087800000, 0x0000000087800000| Untracked 
| 109|0x0000000087900000, 0x0000000087900000, 0x0000000087a00000|  0%| F|  |TAMS 0x0000000087900000, 0x0000000087900000| Untracked 
| 110|0x0000000087a00000, 0x0000000087a00000, 0x0000000087b00000|  0%| F|  |TAMS 0x0000000087a00000, 0x0000000087a00000| Untracked 
| 111|0x0000000087b00000, 0x0000000087b00000, 0x0000000087c00000|  0%| F|  |TAMS 0x0000000087b00000, 0x0000000087b00000| Untracked 
| 112|0x0000000087c00000, 0x0000000087c00000, 0x0000000087d00000|  0%| F|  |TAMS 0x0000000087c00000, 0x0000000087c00000| Untracked 
| 113|0x0000000087d00000, 0x0000000087d00000, 0x0000000087e00000|  0%| F|  |TAMS 0x0000000087d00000, 0x0000000087d00000| Untracked 
| 114|0x0000000087e00000, 0x0000000087e00000, 0x0000000087f00000|  0%| F|  |TAMS 0x0000000087e00000, 0x0000000087e00000| Untracked 
| 115|0x0000000087f00000, 0x0000000087f00000, 0x0000000088000000|  0%| F|  |TAMS 0x0000000087f00000, 0x0000000087f00000| Untracked 
| 116|0x0000000088000000, 0x0000000088000000, 0x0000000088100000|  0%| F|  |TAMS 0x0000000088000000, 0x0000000088000000| Untracked 
| 117|0x0000000088100000, 0x0000000088100000, 0x0000000088200000|  0%| F|  |TAMS 0x0000000088100000, 0x0000000088100000| Untracked 
| 118|0x0000000088200000, 0x0000000088200000, 0x0000000088300000|  0%| F|  |TAMS 0x0000000088200000, 0x0000000088200000| Untracked 
| 119|0x0000000088300000, 0x0000000088300000, 0x0000000088400000|  0%| F|  |TAMS 0x0000000088300000, 0x0000000088300000| Untracked 
| 120|0x0000000088400000, 0x0000000088400000, 0x0000000088500000|  0%| F|  |TAMS 0x0000000088400000, 0x0000000088400000| Untracked 
| 121|0x0000000088500000, 0x000000008857b628, 0x0000000088600000| 48%| E|  |TAMS 0x0000000088500000, 0x0000000088500000| Complete 
| 122|0x0000000088600000, 0x0000000088700000, 0x0000000088700000|100%| E|CS|TAMS 0x0000000088600000, 0x0000000088600000| Complete 
| 123|0x0000000088700000, 0x0000000088800000, 0x0000000088800000|100%| E|CS|TAMS 0x0000000088700000, 0x0000000088700000| Complete 
| 124|0x0000000088800000, 0x0000000088900000, 0x0000000088900000|100%| E|CS|TAMS 0x0000000088800000, 0x0000000088800000| Complete 
| 125|0x0000000088900000, 0x0000000088a00000, 0x0000000088a00000|100%| E|CS|TAMS 0x0000000088900000, 0x0000000088900000| Complete 
| 126|0x0000000088a00000, 0x0000000088b00000, 0x0000000088b00000|100%| E|CS|TAMS 0x0000000088a00000, 0x0000000088a00000| Complete 
| 127|0x0000000088b00000, 0x0000000088c00000, 0x0000000088c00000|100%| E|CS|TAMS 0x0000000088b00000, 0x0000000088b00000| Complete 

Card table byte_map: [0x00000163a0ee0000,0x00000163a12e0000] _byte_map_base: 0x00000163a0ada000

Marking Bits (Prev, Next): (CMBitMap*) 0x0000016387244b38, (CMBitMap*) 0x0000016387244b78
 Prev Bits: [0x00000163a16e0000, 0x00000163a36b0000)
 Next Bits: [0x00000163a36b0000, 0x00000163a5680000)

Polling page: 0x00000163870b0000

Metaspace:

Usage:
  Non-class:      5.44 MB capacity,     5.35 MB ( 98%) used,    72.75 KB (  1%) free+waste,    16.50 KB ( <1%) overhead. 
      Class:    817.00 KB capacity,   688.06 KB ( 84%) used,   117.38 KB ( 14%) free+waste,    11.56 KB (  1%) overhead. 
       Both:      6.24 MB capacity,     6.03 MB ( 97%) used,   190.13 KB (  3%) free+waste,    28.06 KB ( <1%) overhead. 

Virtual space:
  Non-class space:        8.00 MB reserved,       5.50 MB ( 69%) committed 
      Class space:        1.00 GB reserved,     896.00 KB ( <1%) committed 
             Both:        1.01 GB reserved,       6.38 MB ( <1%) committed 

Chunk freelists:
   Non-Class:  61.00 KB
       Class:  15.00 KB
        Both:  76.00 KB

MaxMetaspaceSize: 17179869184.00 GB
CompressedClassSpaceSize: 1.00 GB

CodeHeap 'non-profiled nmethods': size=120000Kb used=199Kb max_used=199Kb free=119800Kb
 bounds [0x0000016398a00000, 0x0000016398c70000, 0x000001639ff30000]
CodeHeap 'profiled nmethods': size=120000Kb used=1048Kb max_used=1048Kb free=118951Kb
 bounds [0x00000163914d0000, 0x0000016391740000, 0x0000016398a00000]
CodeHeap 'non-nmethods': size=5760Kb used=1254Kb max_used=1266Kb free=4505Kb
 bounds [0x0000016390f30000, 0x00000163911a0000, 0x00000163914d0000]
 total_blobs=1566 nmethods=675 adapters=440
 compilation: enabled
              stopped_count=0, restarted_count=0
 full_count=0

Compilation events (20 events):
Event: 1930.344 Thread 0x00000163a8171800 nmethod 666 0x00000163915d1610 code [0x00000163915d1820, 0x00000163915d1ea0]
Event: 1930.344 Thread 0x00000163a8171800  667       3       java.security.AccessController::doPrivileged (17 bytes)
Event: 1930.344 Thread 0x00000163a8171800 nmethod 667 0x00000163915d2110 code [0x00000163915d2300, 0x00000163915d2720]
Event: 1934.667 Thread 0x00000163a8171800  668       3       java.security.ProtectionDomain$JavaSecurityAccessImpl::doIntersectionPrivilege (22 bytes)
Event: 1934.668 Thread 0x00000163a8171800 nmethod 668 0x00000163915d2910 code [0x00000163915d2b80, 0x00000163915d34f0]
Event: 1934.668 Thread 0x00000163a8171800  669       3       java.security.ProtectionDomain$JavaSecurityAccessImpl::getCombinedACC (30 bytes)
Event: 1934.668 Thread 0x00000163a8171800 nmethod 669 0x00000163915d3890 code [0x00000163915d3a60, 0x00000163915d3ec0]
Event: 1934.668 Thread 0x00000163a8171800  670       3       java.security.AccessControlContext::<init> (63 bytes)
Event: 1934.669 Thread 0x00000163a8171800 nmethod 670 0x00000163915d4010 code [0x00000163915d4200, 0x00000163915d4750]
Event: 1934.766 Thread 0x00000163a8171800  671       1       sun.java2d.loops.SurfaceType::getSuperType (5 bytes)
Event: 1934.767 Thread 0x00000163a8171800 nmethod 671 0x0000016398a31690 code [0x0000016398a31820, 0x0000016398a31958]
Event: 1934.767 Thread 0x00000163a8161000  672       4       sun.java2d.loops.GraphicsPrimitiveMgr$2::compare (39 bytes)
Event: 1934.768 Thread 0x00000163a8161000 nmethod 672 0x0000016398a31a10 code [0x0000016398a31ba0, 0x0000016398a31cb8]
Event: 1934.889 Thread 0x00000163a8171800  673       3       java.util.Objects::checkIndex (7 bytes)
Event: 1934.889 Thread 0x00000163a8171800 nmethod 673 0x00000163915d4910 code [0x00000163915d4b20, 0x00000163915d5250]
Event: 1934.889 Thread 0x00000163a8171800  674       3       jdk.internal.util.Preconditions::checkIndex (18 bytes)
Event: 1934.890 Thread 0x00000163a8171800 nmethod 674 0x00000163915d5490 code [0x00000163915d5680, 0x00000163915d5d50]
Event: 3719.133 Thread 0x00000163a8171800  675       3       java.util.ArrayList::elementData (7 bytes)
Event: 3719.133 Thread 0x00000163a8171800 nmethod 675 0x00000163915d5f10 code [0x00000163915d60c0, 0x00000163915d6278]
Event: 3719.830 Thread 0x00000163a8161000  676       4       java.util.Arrays::binarySearch0 (95 bytes)

GC Heap History (0 events):
No events

Deoptimization events (20 events):
Event: 0.128 Thread 0x00000163871ce000 Uncommon trap: trap_request=0xffffff45 fr.pc=0x0000016398a04e5c relative=0x00000000000001bc
Event: 0.128 Thread 0x00000163871ce000 Uncommon trap: reason=unstable_if action=reinterpret pc=0x0000016398a04e5c method=java.lang.String.hashCode()I @ 13 c2
Event: 0.128 Thread 0x00000163871ce000 DEOPT PACKING pc=0x0000016398a04e5c sp=0x00000050d8cfcd50
Event: 0.128 Thread 0x00000163871ce000 DEOPT UNPACKING pc=0x0000016390f7942f sp=0x00000050d8cfcce8 mode 2
Event: 0.159 Thread 0x00000163871ce000 Uncommon trap: trap_request=0xffffff45 fr.pc=0x0000016398a0942c relative=0x000000000000008c
Event: 0.159 Thread 0x00000163871ce000 Uncommon trap: reason=unstable_if action=reinterpret pc=0x0000016398a0942c method=java.lang.String.charAt(I)C @ 4 c2
Event: 0.159 Thread 0x00000163871ce000 DEOPT PACKING pc=0x0000016398a0942c sp=0x00000050d8cfd2b0
Event: 0.159 Thread 0x00000163871ce000 DEOPT UNPACKING pc=0x0000016390f7942f sp=0x00000050d8cfd250 mode 2
Event: 431.976 Thread 0x00000163a8c36800 Uncommon trap: trap_request=0xffffffcc fr.pc=0x0000016398a2e878 relative=0x0000000000000238
Event: 431.976 Thread 0x00000163a8c36800 Uncommon trap: reason=intrinsic_or_type_checked_inlining action=make_not_entrant pc=0x0000016398a2e878 method=java.util.Arrays.copyOf([Ljava/lang/Object;ILjava/lang/Class;)[Ljava/lang/Object; @ 35 c2
Event: 431.976 Thread 0x00000163a8c36800 DEOPT PACKING pc=0x0000016398a2e878 sp=0x00000050da41ee10
Event: 431.976 Thread 0x00000163a8c36800 DEOPT UNPACKING pc=0x0000016390f7942f sp=0x00000050da41eda0 mode 2
Event: 536.023 Thread 0x00000163a8c36800 Uncommon trap: trap_request=0xffffffdc fr.pc=0x0000016398a2fb28 relative=0x0000000000000188
Event: 536.023 Thread 0x00000163a8c36800 Uncommon trap: reason=class_check action=make_not_entrant pc=0x0000016398a2fb28 method=java.util.ArrayList.toArray([Ljava/lang/Object;)[Ljava/lang/Object; @ 21 c2
Event: 536.023 Thread 0x00000163a8c36800 DEOPT PACKING pc=0x0000016398a2fb28 sp=0x00000050da41ee70
Event: 536.023 Thread 0x00000163a8c36800 DEOPT UNPACKING pc=0x0000016390f7942f sp=0x00000050da41ee30 mode 2
Event: 1925.774 Thread 0x00000163a8c36800 Uncommon trap: trap_request=0xffffff45 fr.pc=0x0000016398a30ad0 relative=0x0000000000000430
Event: 1925.775 Thread 0x00000163a8c36800 Uncommon trap: reason=unstable_if action=reinterpret pc=0x0000016398a30ad0 method=java.util.ArrayList.toArray([Ljava/lang/Object;)[Ljava/lang/Object; @ 6 c2
Event: 1925.775 Thread 0x00000163a8c36800 DEOPT PACKING pc=0x0000016398a30ad0 sp=0x00000050da41ee50
Event: 1925.775 Thread 0x00000163a8c36800 DEOPT UNPACKING pc=0x0000016390f7942f sp=0x00000050da41ee38 mode 2

Classes unloaded (0 events):
No events

Classes redefined (0 events):
No events

Internal exceptions (13 events):
Event: 0.128 Thread 0x00000163871ce000 Exception <a 'java/lang/ClassNotFoundException'{0x0000000088a47558}: sun/awt/resources/spi/awtProvider> (0x0000000088a47558) 
thrown [t:/workspace/open/src/hotspot/share/classfile/systemDictionary.cpp, line 232]
Event: 0.159 Thread 0x00000163871ce000 Exception <a 'java/io/FileNotFoundException'{0x0000000088a959b8}> (0x0000000088a959b8) 
thrown [t:/workspace/open/src/hotspot/share/prims/jni.cpp, line 598]
Event: 0.169 Thread 0x00000163871ce000 Exception <a 'java/io/FileNotFoundException'{0x0000000088abc258}> (0x0000000088abc258) 
thrown [t:/workspace/open/src/hotspot/share/prims/jni.cpp, line 598]
Event: 0.295 Thread 0x00000163a8e41800 Exception <a 'java/lang/NoSuchMethodError'{0x0000000088980510}: 'void java.lang.invoke.DirectMethodHandle$Holder.invokeSpecial(java.lang.Object, java.lang.Object)'> (0x0000000088980510) 
thrown [t:/workspace/open/src/hotspot/share/interpreter/linkResolver.cpp, line 767]
Event: 0.508 Thread 0x00000163871ce000 Exception <a 'java/lang/NoSuchMethodError'{0x00000000889f9b88}: 'java.lang.Object java.lang.invoke.DirectMethodHandle$Holder.invokeStatic(java.lang.Object, int, java.lang.Object, java.lang.Object, java.lang.Object, java.lang.Object)'> (0x00000000889f9b88) 
thrown [t:/workspace/open/src/hotspot/share/interpreter/linkResolver.cpp, line 767]
Event: 0.509 Thread 0x00000163871ce000 Exception <a 'java/lang/NoSuchMethodError'{0x00000000888009a0}: 'java.lang.Object java.lang.invoke.DirectMethodHandle$Holder.invokeStatic(java.lang.Object, int, java.lang.Object, java.lang.Object, java.lang.Object)'> (0x00000000888009a0) 
thrown [t:/workspace/open/src/hotspot/share/interpreter/linkResolver.cpp, line 767]
Event: 0.509 Thread 0x00000163871ce000 Exception <a 'java/lang/NoSuchMethodError'{0x0000000088804208}: 'java.lang.Object java.lang.invoke.DirectMethodHandle$Holder.invokeSpecial(java.lang.Object, java.lang.Object, int, java.lang.Object, java.lang.Object, java.lang.Object)'> (0x0000000088804208) 
thrown [t:/workspace/open/src/hotspot/share/interpreter/linkResolver.cpp, line 767]
Event: 0.513 Thread 0x00000163871ce000 Exception <a 'java/lang/NoSuchMethodError'{0x000000008881a530}: 'java.lang.Object java.lang.invoke.DirectMethodHandle$Holder.invokeStatic(java.lang.Object, int, java.lang.Object)'> (0x000000008881a530) 
thrown [t:/workspace/open/src/hotspot/share/interpreter/linkResolver.cpp, line 767]
Event: 0.537 Thread 0x00000163871ce000 Exception <a 'java/lang/ClassNotFoundException'{0x00000000888bd940}: com/sun/swing/internal/plaf/metal/resources/spi/metalProvider> (0x00000000888bd940) 
thrown [t:/workspace/open/src/hotspot/share/classfile/systemDictionary.cpp, line 232]
Event: 0.539 Thread 0x00000163871ce000 Exception <a 'java/lang/ClassNotFoundException'{0x00000000888c1c18}: com/sun/swing/internal/plaf/basic/resources/spi/basicProvider> (0x00000000888c1c18) 
thrown [t:/workspace/open/src/hotspot/share/classfile/systemDictionary.cpp, line 232]
Event: 0.582 Thread 0x00000163871ce000 Exception <a 'java/lang/NoSuchMethodError'{0x000000008870a778}: 'void java.lang.invoke.DirectMethodHandle$Holder.invokeStaticInit(java.lang.Object)'> (0x000000008870a778) 
thrown [t:/workspace/open/src/hotspot/share/interpreter/linkResolver.cpp, line 767]
Event: 0.615 Thread 0x00000163871ce000 Exception <a 'java/lang/NoSuchMethodError'{0x0000000088761728}: 'java.lang.Object java.lang.invoke.Invokers$Holder.linkToTargetMethod(java.lang.Object, int, java.lang.Object)'> (0x0000000088761728) 
thrown [t:/workspace/open/src/hotspot/share/interpreter/linkResolver.cpp, line 767]
Event: 1925.122 Thread 0x00000163a9f82000 Exception <a 'java/lang/NoSuchMethodError'{0x000000008861ffb8}: 'void java.lang.invoke.DirectMethodHandle$Holder.invokeVirtual(java.lang.Object, java.lang.Object)'> (0x000000008861ffb8) 
thrown [t:/workspace/open/src/hotspot/share/interpreter/linkResolver.cpp, line 767]

Events (20 events):
Event: 1925.669 loading class sun/awt/image/BufImgSurfaceData$ICMColorData
Event: 1925.669 loading class sun/awt/image/BufImgSurfaceData$ICMColorData done
Event: 1925.669 loading class sun/java2d/loops/RenderLoops
Event: 1925.669 loading class sun/java2d/loops/RenderLoops done
Event: 1925.670 Executing VM operation: RevokeBias
Event: 1925.670 Executing VM operation: RevokeBias done
Event: 1925.671 loading class javax/swing/RepaintManager$DisplayChangedRunnable
Event: 1925.671 loading class javax/swing/RepaintManager$DisplayChangedRunnable done
Event: 1925.778 Executing VM operation: RevokeBias
Event: 1925.778 Executing VM operation: RevokeBias done
Event: 1925.778 Executing VM operation: RevokeBias
Event: 1925.778 Executing VM operation: RevokeBias done
Event: 1925.778 Executing VM operation: RevokeBias
Event: 1925.778 Executing VM operation: RevokeBias done
Event: 1925.778 Executing VM operation: RevokeBias
Event: 1925.779 Executing VM operation: RevokeBias done
Event: 1925.779 Executing VM operation: RevokeBias
Event: 1925.779 Executing VM operation: RevokeBias done
Event: 1925.779 Executing VM operation: RevokeBias
Event: 1925.779 Executing VM operation: RevokeBias done


Dynamic libraries:
0x00007ff732f90000 - 0x00007ff732f9f000 	C:\Program Files\Java\jdk-13\bin\javaw.exe
0x00007ffdaf720000 - 0x00007ffdaf910000 	C:\WINDOWS\SYSTEM32\ntdll.dll
0x00007ffdaeb90000 - 0x00007ffdaec42000 	C:\WINDOWS\System32\KERNEL32.DLL
0x00007ffdad3f0000 - 0x00007ffdad693000 	C:\WINDOWS\System32\KERNELBASE.dll
0x00007ffdad2c0000 - 0x00007ffdad3ba000 	C:\WINDOWS\System32\ucrtbase.dll
0x00007ffda6d60000 - 0x00007ffda6d75000 	C:\Program Files\Java\jdk-13\bin\VCRUNTIME140.dll
0x00007ffda6d80000 - 0x00007ffda6d98000 	C:\Program Files\Java\jdk-13\bin\jli.dll
0x00007ffdad810000 - 0x00007ffdad8b3000 	C:\WINDOWS\System32\ADVAPI32.dll
0x00007ffdadde0000 - 0x00007ffdade7e000 	C:\WINDOWS\System32\msvcrt.dll
0x00007ffdaeaf0000 - 0x00007ffdaeb87000 	C:\WINDOWS\System32\sechost.dll
0x00007ffdade80000 - 0x00007ffdadfa0000 	C:\WINDOWS\System32\RPCRT4.dll
0x00007ffdaf510000 - 0x00007ffdaf6a3000 	C:\WINDOWS\System32\USER32.dll
0x00007ffdad3c0000 - 0x00007ffdad3e1000 	C:\WINDOWS\System32\win32u.dll
0x00007ffd9e890000 - 0x00007ffd9eb15000 	C:\WINDOWS\WinSxS\amd64_microsoft.windows.common-controls_6595b64144ccf1df_6.0.18362.388_none_e6c6afa5130d5b6d\COMCTL32.dll
0x00007ffdadda0000 - 0x00007ffdaddc6000 	C:\WINDOWS\System32\GDI32.dll
0x00007ffdae6e0000 - 0x00007ffdaea16000 	C:\WINDOWS\System32\combase.dll
0x00007ffdacf80000 - 0x00007ffdad114000 	C:\WINDOWS\System32\gdi32full.dll
0x00007ffdad140000 - 0x00007ffdad1c0000 	C:\WINDOWS\System32\bcryptPrimitives.dll
0x00007ffdad6a0000 - 0x00007ffdad73e000 	C:\WINDOWS\System32\msvcp_win.dll
0x00007ffda9460000 - 0x00007ffda946a000 	C:\WINDOWS\SYSTEM32\VERSION.dll
0x00007ffdae240000 - 0x00007ffdae26e000 	C:\WINDOWS\System32\IMM32.DLL
0x00007ffda0b80000 - 0x00007ffda0c1b000 	C:\Program Files\Java\jdk-13\bin\msvcp140.dll
0x00007ffd79db0000 - 0x00007ffd7a916000 	C:\Program Files\Java\jdk-13\bin\server\jvm.dll
0x00007ffdaf340000 - 0x00007ffdaf348000 	C:\WINDOWS\System32\PSAPI.DLL
0x00007ffda36c0000 - 0x00007ffda36e4000 	C:\WINDOWS\SYSTEM32\WINMM.dll
0x00007ffda3600000 - 0x00007ffda3609000 	C:\WINDOWS\SYSTEM32\WSOCK32.dll
0x00007ffdae1d0000 - 0x00007ffdae23f000 	C:\WINDOWS\System32\WS2_32.dll
0x00007ffda3670000 - 0x00007ffda369d000 	C:\WINDOWS\SYSTEM32\WINMMBASE.dll
0x00007ffdad1c0000 - 0x00007ffdad20a000 	C:\WINDOWS\System32\cfgmgr32.dll
0x00007ffdac5d0000 - 0x00007ffdac5e1000 	C:\WINDOWS\System32\kernel.appcore.dll
0x00007ffd9c010000 - 0x00007ffd9c020000 	C:\Program Files\Java\jdk-13\bin\verify.dll
0x00007ffda6660000 - 0x00007ffda6854000 	C:\WINDOWS\SYSTEM32\DBGHELP.DLL
0x00007ffda6420000 - 0x00007ffda644a000 	C:\WINDOWS\SYSTEM32\dbgcore.DLL
0x00007ffd80d70000 - 0x00007ffd80d96000 	C:\Program Files\Java\jdk-13\bin\java.dll
0x00007ffd84380000 - 0x00007ffd84397000 	C:\Program Files\Java\jdk-13\bin\zip.dll
0x00007ffd9baa0000 - 0x00007ffd9baaa000 	C:\Program Files\Java\jdk-13\bin\jimage.dll
0x00007ffdaec50000 - 0x00007ffdaf335000 	C:\WINDOWS\System32\SHELL32.dll
0x00007ffdaf460000 - 0x00007ffdaf509000 	C:\WINDOWS\System32\shcore.dll
0x00007ffdac7d0000 - 0x00007ffdacf4f000 	C:\WINDOWS\System32\windows.storage.dll
0x00007ffdac5f0000 - 0x00007ffdac60f000 	C:\WINDOWS\System32\profapi.dll
0x00007ffdac610000 - 0x00007ffdac65a000 	C:\WINDOWS\System32\powrprof.dll
0x00007ffdac5c0000 - 0x00007ffdac5d0000 	C:\WINDOWS\System32\UMPDC.dll
0x00007ffdae3d0000 - 0x00007ffdae422000 	C:\WINDOWS\System32\shlwapi.dll
0x00007ffdad120000 - 0x00007ffdad137000 	C:\WINDOWS\System32\cryptsp.dll
0x00007ffd901a0000 - 0x00007ffd90339000 	C:\Program Files\Java\jdk-13\bin\awt.dll
0x00007ffdaea20000 - 0x00007ffdaeae4000 	C:\WINDOWS\System32\OLEAUT32.dll
0x00007ffda8760000 - 0x00007ffda8d20000 	C:\WINDOWS\SYSTEM32\d2d1.dll
0x00007ffdaa840000 - 0x00007ffdaa8cf000 	C:\WINDOWS\SYSTEM32\apphelp.dll
0x00007ffdaaf30000 - 0x00007ffdaaf5d000 	C:\WINDOWS\system32\DWMAPI.DLL
0x00007ffdaa940000 - 0x00007ffdaa9d9000 	C:\WINDOWS\system32\uxtheme.dll
0x00007ffd80e50000 - 0x00007ffd80fa6000 	C:\WINDOWS\system32\opengl32.dll
0x00007ffda6d30000 - 0x00007ffda6d5c000 	C:\WINDOWS\SYSTEM32\GLU32.dll
0x00007ffdab230000 - 0x00007ffdab250000 	C:\WINDOWS\SYSTEM32\dxcore.dll
0x00007ffdae5a0000 - 0x00007ffdae6d6000 	C:\WINDOWS\System32\MSCTF.dll
0x0000000180000000 - 0x0000000180272000 	C:\Program Files (x86)\RivaTuner Statistics Server\RTSSHooks64.dll
0x00007ffdae270000 - 0x00007ffdae3c6000 	C:\WINDOWS\System32\ole32.dll
0x00007ffd9f900000 - 0x00007ffd9fac7000 	C:\WINDOWS\system32\d3d9.dll
0x00007ffda7990000 - 0x00007ffda7a7e000 	C:\WINDOWS\System32\DriverStore\FileRepository\nv_dispi.inf_amd64_827405c7c65146ab\nvldumdx.dll
0x00007ffdac680000 - 0x00007ffdac7c9000 	C:\WINDOWS\System32\crypt32.dll
0x00007ffdac660000 - 0x00007ffdac672000 	C:\WINDOWS\System32\MSASN1.dll
0x00007ffdad740000 - 0x00007ffdad79c000 	C:\WINDOWS\System32\WINTRUST.DLL
0x00007ffdae430000 - 0x00007ffdae44d000 	C:\WINDOWS\System32\imagehlp.dll
0x00007ffdab940000 - 0x00007ffdab973000 	C:\WINDOWS\system32\rsaenh.dll
0x00007ffdacf50000 - 0x00007ffdacf76000 	C:\WINDOWS\System32\bcrypt.dll
0x00007ffdabfa0000 - 0x00007ffdabfac000 	C:\WINDOWS\SYSTEM32\CRYPTBASE.dll
0x00007ffd665e0000 - 0x00007ffd67aa9000 	C:\WINDOWS\System32\DriverStore\FileRepository\nv_dispi.inf_amd64_827405c7c65146ab\nvd3dumx.dll
0x00007ffd84590000 - 0x00007ffd84851000 	C:\WINDOWS\system32\nvspcap64.dll
0x00007ffdab620000 - 0x00007ffdab651000 	C:\WINDOWS\SYSTEM32\ntmarta.dll
0x00007ffdab1e0000 - 0x00007ffdab202000 	C:\WINDOWS\SYSTEM32\gpapi.dll
0x00007ffda3e00000 - 0x00007ffda3e2f000 	C:\WINDOWS\SYSTEM32\cryptnet.dll
0x00007ffda0200000 - 0x00007ffda0282000 	C:\Program Files\Java\jdk-13\bin\freetype.dll
0x00007ffd9cbc0000 - 0x00007ffd9cc66000 	C:\Program Files\Java\jdk-13\bin\fontmanager.dll
0x00007ffda5440000 - 0x00007ffda54de000 	C:\WINDOWS\System32\TextInputFramework.dll
0x00007ffda98f0000 - 0x00007ffda99c4000 	C:\WINDOWS\System32\CoreMessaging.dll
0x00007ffd9b720000 - 0x00007ffd9ba4a000 	C:\WINDOWS\System32\CoreUIComponents.dll
0x00007ffdaa230000 - 0x00007ffdaa383000 	C:\WINDOWS\SYSTEM32\wintypes.dll
0x00007ffd9f200000 - 0x00007ffd9f4a6000 	C:\WINDOWS\System32\iertutil.dll

dbghelp: loaded successfully - version: 4.0.5 - missing functions: none
symbol engine: initialized successfully - sym options: 0x614 - pdb path: .;C:\Program Files\Java\jdk-13\bin;C:\WINDOWS\SYSTEM32;C:\WINDOWS\WinSxS\amd64_microsoft.windows.common-controls_6595b64144ccf1df_6.0.18362.388_none_e6c6afa5130d5b6d;C:\Program Files\Java\jdk-13\bin\server;C:\Program Files (x86)\RivaTuner Statistics Server;C:\WINDOWS\System32\DriverStore\FileRepository\nv_dispi.inf_amd64_827405c7c65146ab

VM Arguments:
jvm_args: -Dfile.encoding=Cp1251 
java_command: yolocha.pr1
java_class_path (initial): F:\worcks\yolocha\bin
Launcher Type: SUN_STANDARD

[Global flags]
     intx CICompilerCount                          = 4                                         {product} {ergonomic}
     uint ConcGCThreads                            = 2                                         {product} {ergonomic}
     uint G1ConcRefinementThreads                  = 8                                         {product} {ergonomic}
   size_t G1HeapRegionSize                         = 1048576                                   {product} {ergonomic}
    uintx GCDrainStackTargetSize                   = 64                                        {product} {ergonomic}
   size_t InitialHeapSize                          = 134217728                                 {product} {ergonomic}
   size_t MarkStackSize                            = 4194304                                   {product} {ergonomic}
   size_t MaxHeapSize                              = 2134900736                                {product} {ergonomic}
   size_t MaxNewSize                               = 1280311296                                {product} {ergonomic}
   size_t MinHeapDeltaBytes                        = 1048576                                   {product} {ergonomic}
   size_t MinHeapSize                              = 8388608                                   {product} {ergonomic}
    uintx NonNMethodCodeHeapSize                   = 5836300                                {pd product} {ergonomic}
    uintx NonProfiledCodeHeapSize                  = 122910970                              {pd product} {ergonomic}
    uintx ProfiledCodeHeapSize                     = 122910970                              {pd product} {ergonomic}
    uintx ReservedCodeCacheSize                    = 251658240                              {pd product} {ergonomic}
     bool SegmentedCodeCache                       = true                                      {product} {ergonomic}
   size_t SoftMaxHeapSize                          = 2134900736                             {manageable} {ergonomic}
     bool UseCompressedClassPointers               = true                                 {lp64_product} {ergonomic}
     bool UseCompressedOops                        = true                                 {lp64_product} {ergonomic}
     bool UseG1GC                                  = true                                      {product} {ergonomic}
     bool UseLargePagesIndividualAllocation        = false                                  {pd product} {ergonomic}

Logging:
Log output configuration:
 #0: stdout all=warning uptime,level,tags
 #1: stderr all=off uptime,level,tags

Environment Variables:
PATH=C:/Program Files/Java/jdk-13/bin/server;C:/Program Files/Java/jdk-13/bin;C:\Program Files (x86)\Common Files\Oracle\Java\javapath;C:\Windows\system32;C:\Windows;C:\Windows\System32\Wbem;C:\Windows\System32\WindowsPowerShell\v1.0\;C:\Windows\System32\OpenSSH\;C:\WINDOWS\system32;C:\WINDOWS;C:\WINDOWS\System32\Wbem;C:\WINDOWS\System32\WindowsPowerShell\v1.0\;C:\WINDOWS\System32\OpenSSH\;C:\Program Files\NVIDIA Corporation\NVIDIA NGX;C:\Program Files (x86)\NVIDIA Corporation\PhysX\Common;%SystemRoot%\system32;%SystemRoot%;%SystemRoot%\System32\Wbem;%SYSTEMROOT%\System32\WindowsPowerShell\v1.0\;%SYSTEMROOT%\System32\OpenSSH\;C:\Program Files\NVIDIA Corporation\NVIDIA NvDLISR;F:\Scripts\;F:\;C:\Users\Дом\AppData\Local\Microsoft\WindowsApps;;C:\Users\Дом\Desktop;
USERNAME=Дом
OS=Windows_NT
PROCESSOR_IDENTIFIER=AMD64 Family 21 Model 2 Stepping 0, AuthenticAMD



---------------  S Y S T E M  ---------------

OS: Windows 10 , 64 bit Build 18362 (10.0.18362.329)

CPU:total 8 (initial active 8) (8 cores per cpu, 1 threads per core) family 21 model 2 stepping 0, cmov, cx8, fxsr, mmx, sse, sse2, sse3, ssse3, sse4.1, sse4.2, popcnt, avx, aes, clmul, mmxext, 3dnowpref, lzcnt, sse4a, tsc, tscinvbit, tscinv, bmi1, fma

Memory: 4k page, system-wide physical 8137M (3847M free)
TotalPageFile size 22408M (AvailPageFile size 1M)
current process WorkingSet (physical memory assigned to process): 50M, peak: 66M
current process commit charge ("private bytes"): 242M, peak: 245M

vm_info: Java HotSpot(TM) 64-Bit Server VM (13+33) for windows-amd64 JRE (13+33), built on Sep 18 2019 21:38:00 by "mach5one" with unknown MS VC++:1916

END.
