#
# There is insufficient memory for the Java Runtime Environment to continue.
# Native memory allocation (malloc) failed to allocate 1048576 bytes for AllocateHeap
# Possible reasons:
#   The system is out of physical RAM or swap space
#   The process is running with CompressedOops enabled, and the Java Heap may be blocking the growth of the native heap
# Possible solutions:
#   Reduce memory load on the system
#   Increase physical memory or swap space
#   Check if swap backing store is full
#   Decrease Java heap size (-Xmx/-Xms)
#   Decrease number of Java threads
#   Decrease Java thread stack sizes (-Xss)
#   Set larger code cache with -XX:ReservedCodeCacheSize=
#   JVM is running with Unscaled Compressed Oops mode in which the Java heap is
#     placed in the first 4GB address space. The Java Heap base address is the
#     maximum limit for the native heap growth. Please use -XX:HeapBaseMinAddress
#     to set the Java Heap base and to place the Java Heap above 4GB virtual address.
# This output file may be truncated or incomplete.
#
#  Out of Memory Error (t:/workspace/open/src/hotspot/share/memory/allocation.cpp:45), pid=9496, tid=22232
#
# JRE version: Java(TM) SE Runtime Environment (13.0+33) (build 13+33)
# Java VM: Java HotSpot(TM) 64-Bit Server VM (13+33, mixed mode, tiered, compressed oops, g1 gc, windows-amd64)
# No core dump will be written. Minidumps are not enabled by default on client versions of Windows
#

---------------  S U M M A R Y ------------

Command Line: -Dfile.encoding=Cp1251 yolocha.pr1

Host: AMD FX-8320E Eight-Core Processor              , 8 cores, 7G,  Windows 10 , 64 bit Build 18362 (10.0.18362.329)
Time: Sun Oct  6 21:11:24 2019 RTZ 2 (ceia) elapsed time: 0 seconds (0d 0h 0m 0s)

---------------  T H R E A D  ---------------

Current thread (0x000002a3d1687000):  VMThread "VM Thread" [stack: 0x000000afd8800000,0x000000afd8900000] [id=22232]

Stack: [0x000000afd8800000,0x000000afd8900000]
[error occurred during error reporting (printing stack bounds), id 0xc0000005, EXCEPTION_ACCESS_VIOLATION (0xc0000005) at pc=0x000002a3bab910ad]

Native frames: (J=compiled Java code, j=interpreted, Vv=VM code, C=native code)
V  [jvm.dll+0x626eaa]
V  [jvm.dll+0x772c4a]
V  [jvm.dll+0x7743ff]
V  [jvm.dll+0x774965]
V  [jvm.dll+0x77491b]
V  [jvm.dll+0x6266df]
C  [ntdll.dll+0x78636]
C  [ntdll.dll+0x6a0d6]
C  [ntdll.dll+0x9fe6e]
C  0x000002a3bab910ad

VM_Operation (0x000000afd82fc1c0): CollectForMetadataAllocation, mode: safepoint, requested by thread 0x000002a3b268c800


---------------  P R O C E S S  ---------------

Threads class SMR info:
_java_thread_list=0x000002a3d2079440, length=10, elements={
0x000002a3b268c800, 0x000002a3d1eb3800, 0x000002a3d168b000, 0x000002a3d168c800,
0x000002a3d1eeb800, 0x000002a3d1eec000, 0x000002a3d1ef6800, 0x000002a3d1ef8800,
0x000002a3d2074000, 0x000002a3d207a800
}

Java Threads: ( => current thread )
  0x000002a3b268c800 JavaThread "main" [_thread_blocked, id=21168, stack(0x000000afd8200000,0x000000afd8300000)]
  0x000002a3d1eb3800 JavaThread "Reference Handler" daemon [_thread_blocked, id=16964, stack(0x000000afd8900000,0x000000afd8a00000)]
  0x000002a3d168b000 JavaThread "Finalizer" daemon [_thread_blocked, id=5532, stack(0x000000afd8a00000,0x000000afd8b00000)]
  0x000002a3d168c800 JavaThread "Signal Dispatcher" daemon [_thread_blocked, id=16184, stack(0x000000afd8b00000,0x000000afd8c00000)]
  0x000002a3d1eeb800 JavaThread "Attach Listener" daemon [_thread_blocked, id=22444, stack(0x000000afd8c00000,0x000000afd8d00000)]
  0x000002a3d1eec000 JavaThread "C2 CompilerThread0" daemon [_thread_blocked, id=21768, stack(0x000000afd8d00000,0x000000afd8e00000)]
  0x000002a3d1ef6800 JavaThread "C1 CompilerThread0" daemon [_thread_blocked, id=21804, stack(0x000000afd8e00000,0x000000afd8f00000)]
  0x000002a3d1ef8800 JavaThread "Sweeper thread" daemon [_thread_blocked, id=22448, stack(0x000000afd8f00000,0x000000afd9000000)]
  0x000002a3d2074000 JavaThread "Service Thread" daemon [_thread_blocked, id=17308, stack(0x000000afd9000000,0x000000afd9100000)]
  0x000002a3d207a800 JavaThread "Common-Cleaner" daemon [_thread_blocked, id=21280, stack(0x000000afd9200000,0x000000afd9300000)]

Other Threads:
=>0x000002a3d1687000 VMThread "VM Thread" [stack: 0x000000afd8800000,0x000000afd8900000] [id=22232]
  0x000002a3d2078800 WatcherThread [stack: 0x000000afd9100000,0x000000afd9200000] [id=17656]
  0x000002a3b26cf800 GCTaskThread "GC Thread#0" [stack: 0x000000afd8300000,0x000000afd8400000] [id=22160]
  0x000002a3d207c000 GCTaskThread "GC Thread#1" [stack: 0x000000afd9300000,0x000000afd9400000] [id=12872]
  0x000002a3d20ce800 GCTaskThread "GC Thread#2" [stack: 0x000000afd9400000,0x000000afd9500000] [id=8008]
  0x000002a3b26e1800 ConcurrentGCThread "G1 Main Marker" [stack: 0x000000afd8400000,0x000000afd8500000] [id=21644]
  0x000002a3b26e3000 ConcurrentGCThread "G1 Conc#0" [stack: 0x000000afd8500000,0x000000afd8600000] [id=21652]
  0x000002a3d20e5800 ConcurrentGCThread "G1 Conc#1" [stack: 0x000000afd9500000,0x000000afd9600000] [id=21812]
  0x000002a3d14b6800 ConcurrentGCThread "G1 Refine#0" [stack: 0x000000afd8600000,0x000000afd8700000] [id=7776]
  0x000002a3d14ba000 ConcurrentGCThread "G1 Young RemSet Sampling" [stack: 0x000000afd8700000,0x000000afd8800000] [id=19928]

Threads with active compile tasks:
C1 CompilerThread0      184  102       3       java.util.concurrent.ConcurrentHashMap::get (162 bytes)

VM state:at safepoint (normal execution)

VM Mutex/Monitor currently owned by a thread:  ([mutex/lock_event])
[0x000002a3b0594e40] Threads_lock - owner thread: 0x000002a3d1687000
[0x000002a3b0595d70] Heap_lock - owner thread: 0x000002a3b268c800

Heap address: 0x0000000080c00000, size: 2036 MB, Compressed Oops mode: 32-bit
Narrow klass base: 0x0000000000000000, Narrow klass shift: 3
Compressed class space size: 1073741824 Address: 0x0000000100000000

Heap:
 garbage-first heap   total 131072K, used 626K [0x0000000080c00000, 0x0000000100000000)
  region size 1024K, 1 young (1024K), 1 survivors (1024K)
 Metaspace       used 5265K, capacity 5313K, committed 5376K, reserved 1075200K
  class space    used 445K, capacity 491K, committed 512K, reserved 1048576K
Heap Regions: E=young(eden), S=young(survivor), O=old, HS=humongous(starts), HC=humongous(continues), CS=collection set, F=free, A=archive, TAMS=top-at-mark-start (previous, next)
|   0|0x0000000080c00000, 0x0000000080c00000, 0x0000000080d00000|  0%| F|  |TAMS 0x0000000080c00000, 0x0000000080c00000| Untracked 
|   1|0x0000000080d00000, 0x0000000080d00000, 0x0000000080e00000|  0%| F|  |TAMS 0x0000000080d00000, 0x0000000080d00000| Untracked 
|   2|0x0000000080e00000, 0x0000000080e00000, 0x0000000080f00000|  0%| F|  |TAMS 0x0000000080e00000, 0x0000000080e00000| Untracked 
|   3|0x0000000080f00000, 0x0000000080f00000, 0x0000000081000000|  0%| F|  |TAMS 0x0000000080f00000, 0x0000000080f00000| Untracked 
|   4|0x0000000081000000, 0x0000000081000000, 0x0000000081100000|  0%| F|  |TAMS 0x0000000081000000, 0x0000000081000000| Untracked 
|   5|0x0000000081100000, 0x0000000081100000, 0x0000000081200000|  0%| F|  |TAMS 0x0000000081100000, 0x0000000081100000| Untracked 
|   6|0x0000000081200000, 0x0000000081200000, 0x0000000081300000|  0%| F|  |TAMS 0x0000000081200000, 0x0000000081200000| Untracked 
|   7|0x0000000081300000, 0x0000000081300000, 0x0000000081400000|  0%| F|  |TAMS 0x0000000081300000, 0x0000000081300000| Untracked 
|   8|0x0000000081400000, 0x0000000081400000, 0x0000000081500000|  0%| F|  |TAMS 0x0000000081400000, 0x0000000081400000| Untracked 
|   9|0x0000000081500000, 0x0000000081500000, 0x0000000081600000|  0%| F|  |TAMS 0x0000000081500000, 0x0000000081500000| Untracked 
|  10|0x0000000081600000, 0x0000000081600000, 0x0000000081700000|  0%| F|  |TAMS 0x0000000081600000, 0x0000000081600000| Untracked 
|  11|0x0000000081700000, 0x0000000081700000, 0x0000000081800000|  0%| F|  |TAMS 0x0000000081700000, 0x0000000081700000| Untracked 
|  12|0x0000000081800000, 0x0000000081800000, 0x0000000081900000|  0%| F|  |TAMS 0x0000000081800000, 0x0000000081800000| Untracked 
|  13|0x0000000081900000, 0x0000000081900000, 0x0000000081a00000|  0%| F|  |TAMS 0x0000000081900000, 0x0000000081900000| Untracked 
|  14|0x0000000081a00000, 0x0000000081a00000, 0x0000000081b00000|  0%| F|  |TAMS 0x0000000081a00000, 0x0000000081a00000| Untracked 
|  15|0x0000000081b00000, 0x0000000081b00000, 0x0000000081c00000|  0%| F|  |TAMS 0x0000000081b00000, 0x0000000081b00000| Untracked 
|  16|0x0000000081c00000, 0x0000000081c00000, 0x0000000081d00000|  0%| F|  |TAMS 0x0000000081c00000, 0x0000000081c00000| Untracked 
|  17|0x0000000081d00000, 0x0000000081d00000, 0x0000000081e00000|  0%| F|  |TAMS 0x0000000081d00000, 0x0000000081d00000| Untracked 
|  18|0x0000000081e00000, 0x0000000081e00000, 0x0000000081f00000|  0%| F|  |TAMS 0x0000000081e00000, 0x0000000081e00000| Untracked 
|  19|0x0000000081f00000, 0x0000000081f00000, 0x0000000082000000|  0%| F|  |TAMS 0x0000000081f00000, 0x0000000081f00000| Untracked 
|  20|0x0000000082000000, 0x0000000082000000, 0x0000000082100000|  0%| F|  |TAMS 0x0000000082000000, 0x0000000082000000| Untracked 
|  21|0x0000000082100000, 0x0000000082100000, 0x0000000082200000|  0%| F|  |TAMS 0x0000000082100000, 0x0000000082100000| Untracked 
|  22|0x0000000082200000, 0x0000000082200000, 0x0000000082300000|  0%| F|  |TAMS 0x0000000082200000, 0x0000000082200000| Untracked 
|  23|0x0000000082300000, 0x0000000082300000, 0x0000000082400000|  0%| F|  |TAMS 0x0000000082300000, 0x0000000082300000| Untracked 
|  24|0x0000000082400000, 0x0000000082400000, 0x0000000082500000|  0%| F|  |TAMS 0x0000000082400000, 0x0000000082400000| Untracked 
|  25|0x0000000082500000, 0x0000000082500000, 0x0000000082600000|  0%| F|  |TAMS 0x0000000082500000, 0x0000000082500000| Untracked 
|  26|0x0000000082600000, 0x0000000082600000, 0x0000000082700000|  0%| F|  |TAMS 0x0000000082600000, 0x0000000082600000| Untracked 
|  27|0x0000000082700000, 0x0000000082700000, 0x0000000082800000|  0%| F|  |TAMS 0x0000000082700000, 0x0000000082700000| Untracked 
|  28|0x0000000082800000, 0x0000000082800000, 0x0000000082900000|  0%| F|  |TAMS 0x0000000082800000, 0x0000000082800000| Untracked 
|  29|0x0000000082900000, 0x0000000082900000, 0x0000000082a00000|  0%| F|  |TAMS 0x0000000082900000, 0x0000000082900000| Untracked 
|  30|0x0000000082a00000, 0x0000000082a00000, 0x0000000082b00000|  0%| F|  |TAMS 0x0000000082a00000, 0x0000000082a00000| Untracked 
|  31|0x0000000082b00000, 0x0000000082b00000, 0x0000000082c00000|  0%| F|  |TAMS 0x0000000082b00000, 0x0000000082b00000| Untracked 
|  32|0x0000000082c00000, 0x0000000082c00000, 0x0000000082d00000|  0%| F|  |TAMS 0x0000000082c00000, 0x0000000082c00000| Untracked 
|  33|0x0000000082d00000, 0x0000000082d00000, 0x0000000082e00000|  0%| F|  |TAMS 0x0000000082d00000, 0x0000000082d00000| Untracked 
|  34|0x0000000082e00000, 0x0000000082e00000, 0x0000000082f00000|  0%| F|  |TAMS 0x0000000082e00000, 0x0000000082e00000| Untracked 
|  35|0x0000000082f00000, 0x0000000082f00000, 0x0000000083000000|  0%| F|  |TAMS 0x0000000082f00000, 0x0000000082f00000| Untracked 
|  36|0x0000000083000000, 0x0000000083000000, 0x0000000083100000|  0%| F|  |TAMS 0x0000000083000000, 0x0000000083000000| Untracked 
|  37|0x0000000083100000, 0x0000000083100000, 0x0000000083200000|  0%| F|  |TAMS 0x0000000083100000, 0x0000000083100000| Untracked 
|  38|0x0000000083200000, 0x0000000083200000, 0x0000000083300000|  0%| F|  |TAMS 0x0000000083200000, 0x0000000083200000| Untracked 
|  39|0x0000000083300000, 0x0000000083300000, 0x0000000083400000|  0%| F|  |TAMS 0x0000000083300000, 0x0000000083300000| Untracked 
|  40|0x0000000083400000, 0x0000000083400000, 0x0000000083500000|  0%| F|  |TAMS 0x0000000083400000, 0x0000000083400000| Untracked 
|  41|0x0000000083500000, 0x0000000083500000, 0x0000000083600000|  0%| F|  |TAMS 0x0000000083500000, 0x0000000083500000| Untracked 
|  42|0x0000000083600000, 0x0000000083600000, 0x0000000083700000|  0%| F|  |TAMS 0x0000000083600000, 0x0000000083600000| Untracked 
|  43|0x0000000083700000, 0x0000000083700000, 0x0000000083800000|  0%| F|  |TAMS 0x0000000083700000, 0x0000000083700000| Untracked 
|  44|0x0000000083800000, 0x0000000083800000, 0x0000000083900000|  0%| F|  |TAMS 0x0000000083800000, 0x0000000083800000| Untracked 
|  45|0x0000000083900000, 0x0000000083900000, 0x0000000083a00000|  0%| F|  |TAMS 0x0000000083900000, 0x0000000083900000| Untracked 
|  46|0x0000000083a00000, 0x0000000083a00000, 0x0000000083b00000|  0%| F|  |TAMS 0x0000000083a00000, 0x0000000083a00000| Untracked 
|  47|0x0000000083b00000, 0x0000000083b00000, 0x0000000083c00000|  0%| F|  |TAMS 0x0000000083b00000, 0x0000000083b00000| Untracked 
|  48|0x0000000083c00000, 0x0000000083c00000, 0x0000000083d00000|  0%| F|  |TAMS 0x0000000083c00000, 0x0000000083c00000| Untracked 
|  49|0x0000000083d00000, 0x0000000083d00000, 0x0000000083e00000|  0%| F|  |TAMS 0x0000000083d00000, 0x0000000083d00000| Untracked 
|  50|0x0000000083e00000, 0x0000000083e00000, 0x0000000083f00000|  0%| F|  |TAMS 0x0000000083e00000, 0x0000000083e00000| Untracked 
|  51|0x0000000083f00000, 0x0000000083f00000, 0x0000000084000000|  0%| F|  |TAMS 0x0000000083f00000, 0x0000000083f00000| Untracked 
|  52|0x0000000084000000, 0x0000000084000000, 0x0000000084100000|  0%| F|  |TAMS 0x0000000084000000, 0x0000000084000000| Untracked 
|  53|0x0000000084100000, 0x0000000084100000, 0x0000000084200000|  0%| F|  |TAMS 0x0000000084100000, 0x0000000084100000| Untracked 
|  54|0x0000000084200000, 0x0000000084200000, 0x0000000084300000|  0%| F|  |TAMS 0x0000000084200000, 0x0000000084200000| Untracked 
|  55|0x0000000084300000, 0x0000000084300000, 0x0000000084400000|  0%| F|  |TAMS 0x0000000084300000, 0x0000000084300000| Untracked 
|  56|0x0000000084400000, 0x0000000084400000, 0x0000000084500000|  0%| F|  |TAMS 0x0000000084400000, 0x0000000084400000| Untracked 
|  57|0x0000000084500000, 0x0000000084500000, 0x0000000084600000|  0%| F|  |TAMS 0x0000000084500000, 0x0000000084500000| Untracked 
|  58|0x0000000084600000, 0x0000000084600000, 0x0000000084700000|  0%| F|  |TAMS 0x0000000084600000, 0x0000000084600000| Untracked 
|  59|0x0000000084700000, 0x0000000084700000, 0x0000000084800000|  0%| F|  |TAMS 0x0000000084700000, 0x0000000084700000| Untracked 
|  60|0x0000000084800000, 0x0000000084800000, 0x0000000084900000|  0%| F|  |TAMS 0x0000000084800000, 0x0000000084800000| Untracked 
|  61|0x0000000084900000, 0x0000000084900000, 0x0000000084a00000|  0%| F|  |TAMS 0x0000000084900000, 0x0000000084900000| Untracked 
|  62|0x0000000084a00000, 0x0000000084a00000, 0x0000000084b00000|  0%| F|  |TAMS 0x0000000084a00000, 0x0000000084a00000| Untracked 
|  63|0x0000000084b00000, 0x0000000084b00000, 0x0000000084c00000|  0%| F|  |TAMS 0x0000000084b00000, 0x0000000084b00000| Untracked 
|  64|0x0000000084c00000, 0x0000000084c00000, 0x0000000084d00000|  0%| F|  |TAMS 0x0000000084c00000, 0x0000000084c00000| Untracked 
|  65|0x0000000084d00000, 0x0000000084d00000, 0x0000000084e00000|  0%| F|  |TAMS 0x0000000084d00000, 0x0000000084d00000| Untracked 
|  66|0x0000000084e00000, 0x0000000084e00000, 0x0000000084f00000|  0%| F|  |TAMS 0x0000000084e00000, 0x0000000084e00000| Untracked 
|  67|0x0000000084f00000, 0x0000000084f00000, 0x0000000085000000|  0%| F|  |TAMS 0x0000000084f00000, 0x0000000084f00000| Untracked 
|  68|0x0000000085000000, 0x0000000085000000, 0x0000000085100000|  0%| F|  |TAMS 0x0000000085000000, 0x0000000085000000| Untracked 
|  69|0x0000000085100000, 0x0000000085100000, 0x0000000085200000|  0%| F|  |TAMS 0x0000000085100000, 0x0000000085100000| Untracked 
|  70|0x0000000085200000, 0x0000000085200000, 0x0000000085300000|  0%| F|  |TAMS 0x0000000085200000, 0x0000000085200000| Untracked 
|  71|0x0000000085300000, 0x0000000085300000, 0x0000000085400000|  0%| F|  |TAMS 0x0000000085300000, 0x0000000085300000| Untracked 
|  72|0x0000000085400000, 0x0000000085400000, 0x0000000085500000|  0%| F|  |TAMS 0x0000000085400000, 0x0000000085400000| Untracked 
|  73|0x0000000085500000, 0x0000000085500000, 0x0000000085600000|  0%| F|  |TAMS 0x0000000085500000, 0x0000000085500000| Untracked 
|  74|0x0000000085600000, 0x0000000085600000, 0x0000000085700000|  0%| F|  |TAMS 0x0000000085600000, 0x0000000085600000| Untracked 
|  75|0x0000000085700000, 0x0000000085700000, 0x0000000085800000|  0%| F|  |TAMS 0x0000000085700000, 0x0000000085700000| Untracked 
|  76|0x0000000085800000, 0x0000000085800000, 0x0000000085900000|  0%| F|  |TAMS 0x0000000085800000, 0x0000000085800000| Untracked 
|  77|0x0000000085900000, 0x0000000085900000, 0x0000000085a00000|  0%| F|  |TAMS 0x0000000085900000, 0x0000000085900000| Untracked 
|  78|0x0000000085a00000, 0x0000000085a00000, 0x0000000085b00000|  0%| F|  |TAMS 0x0000000085a00000, 0x0000000085a00000| Untracked 
|  79|0x0000000085b00000, 0x0000000085b00000, 0x0000000085c00000|  0%| F|  |TAMS 0x0000000085b00000, 0x0000000085b00000| Untracked 
|  80|0x0000000085c00000, 0x0000000085c00000, 0x0000000085d00000|  0%| F|  |TAMS 0x0000000085c00000, 0x0000000085c00000| Untracked 
|  81|0x0000000085d00000, 0x0000000085d00000, 0x0000000085e00000|  0%| F|  |TAMS 0x0000000085d00000, 0x0000000085d00000| Untracked 
|  82|0x0000000085e00000, 0x0000000085e00000, 0x0000000085f00000|  0%| F|  |TAMS 0x0000000085e00000, 0x0000000085e00000| Untracked 
|  83|0x0000000085f00000, 0x0000000085f00000, 0x0000000086000000|  0%| F|  |TAMS 0x0000000085f00000, 0x0000000085f00000| Untracked 
|  84|0x0000000086000000, 0x0000000086000000, 0x0000000086100000|  0%| F|  |TAMS 0x0000000086000000, 0x0000000086000000| Untracked 
|  85|0x0000000086100000, 0x0000000086100000, 0x0000000086200000|  0%| F|  |TAMS 0x0000000086100000, 0x0000000086100000| Untracked 
|  86|0x0000000086200000, 0x0000000086200000, 0x0000000086300000|  0%| F|  |TAMS 0x0000000086200000, 0x0000000086200000| Untracked 
|  87|0x0000000086300000, 0x0000000086300000, 0x0000000086400000|  0%| F|  |TAMS 0x0000000086300000, 0x0000000086300000| Untracked 
|  88|0x0000000086400000, 0x0000000086400000, 0x0000000086500000|  0%| F|  |TAMS 0x0000000086400000, 0x0000000086400000| Untracked 
|  89|0x0000000086500000, 0x0000000086500000, 0x0000000086600000|  0%| F|  |TAMS 0x0000000086500000, 0x0000000086500000| Untracked 
|  90|0x0000000086600000, 0x0000000086600000, 0x0000000086700000|  0%| F|  |TAMS 0x0000000086600000, 0x0000000086600000| Untracked 
|  91|0x0000000086700000, 0x0000000086700000, 0x0000000086800000|  0%| F|  |TAMS 0x0000000086700000, 0x0000000086700000| Untracked 
|  92|0x0000000086800000, 0x0000000086800000, 0x0000000086900000|  0%| F|  |TAMS 0x0000000086800000, 0x0000000086800000| Untracked 
|  93|0x0000000086900000, 0x0000000086900000, 0x0000000086a00000|  0%| F|  |TAMS 0x0000000086900000, 0x0000000086900000| Untracked 
|  94|0x0000000086a00000, 0x0000000086a00000, 0x0000000086b00000|  0%| F|  |TAMS 0x0000000086a00000, 0x0000000086a00000| Untracked 
|  95|0x0000000086b00000, 0x0000000086b00000, 0x0000000086c00000|  0%| F|  |TAMS 0x0000000086b00000, 0x0000000086b00000| Untracked 
|  96|0x0000000086c00000, 0x0000000086c00000, 0x0000000086d00000|  0%| F|  |TAMS 0x0000000086c00000, 0x0000000086c00000| Untracked 
|  97|0x0000000086d00000, 0x0000000086d00000, 0x0000000086e00000|  0%| F|  |TAMS 0x0000000086d00000, 0x0000000086d00000| Untracked 
|  98|0x0000000086e00000, 0x0000000086e00000, 0x0000000086f00000|  0%| F|  |TAMS 0x0000000086e00000, 0x0000000086e00000| Untracked 
|  99|0x0000000086f00000, 0x0000000086f00000, 0x0000000087000000|  0%| F|  |TAMS 0x0000000086f00000, 0x0000000086f00000| Untracked 
| 100|0x0000000087000000, 0x0000000087000000, 0x0000000087100000|  0%| F|  |TAMS 0x0000000087000000, 0x0000000087000000| Untracked 
| 101|0x0000000087100000, 0x0000000087100000, 0x0000000087200000|  0%| F|  |TAMS 0x0000000087100000, 0x0000000087100000| Untracked 
| 102|0x0000000087200000, 0x0000000087200000, 0x0000000087300000|  0%| F|  |TAMS 0x0000000087200000, 0x0000000087200000| Untracked 
| 103|0x0000000087300000, 0x0000000087300000, 0x0000000087400000|  0%| F|  |TAMS 0x0000000087300000, 0x0000000087300000| Untracked 
| 104|0x0000000087400000, 0x0000000087400000, 0x0000000087500000|  0%| F|  |TAMS 0x0000000087400000, 0x0000000087400000| Untracked 
| 105|0x0000000087500000, 0x0000000087500000, 0x0000000087600000|  0%| F|  |TAMS 0x0000000087500000, 0x0000000087500000| Untracked 
| 106|0x0000000087600000, 0x0000000087600000, 0x0000000087700000|  0%| F|  |TAMS 0x0000000087600000, 0x0000000087600000| Untracked 
| 107|0x0000000087700000, 0x0000000087700000, 0x0000000087800000|  0%| F|  |TAMS 0x0000000087700000, 0x0000000087700000| Untracked 
| 108|0x0000000087800000, 0x0000000087800000, 0x0000000087900000|  0%| F|  |TAMS 0x0000000087800000, 0x0000000087800000| Untracked 
| 109|0x0000000087900000, 0x0000000087900000, 0x0000000087a00000|  0%| F|  |TAMS 0x0000000087900000, 0x0000000087900000| Untracked 
| 110|0x0000000087a00000, 0x0000000087a00000, 0x0000000087b00000|  0%| F|  |TAMS 0x0000000087a00000, 0x0000000087a00000| Untracked 
| 111|0x0000000087b00000, 0x0000000087b00000, 0x0000000087c00000|  0%| F|  |TAMS 0x0000000087b00000, 0x0000000087b00000| Untracked 
| 112|0x0000000087c00000, 0x0000000087c00000, 0x0000000087d00000|  0%| F|  |TAMS 0x0000000087c00000, 0x0000000087c00000| Untracked 
| 113|0x0000000087d00000, 0x0000000087d00000, 0x0000000087e00000|  0%| F|  |TAMS 0x0000000087d00000, 0x0000000087d00000| Untracked 
| 114|0x0000000087e00000, 0x0000000087e00000, 0x0000000087f00000|  0%| F|  |TAMS 0x0000000087e00000, 0x0000000087e00000| Untracked 
| 115|0x0000000087f00000, 0x0000000087f00000, 0x0000000088000000|  0%| F|  |TAMS 0x0000000087f00000, 0x0000000087f00000| Untracked 
| 116|0x0000000088000000, 0x0000000088000000, 0x0000000088100000|  0%| F|  |TAMS 0x0000000088000000, 0x0000000088000000| Untracked 
| 117|0x0000000088100000, 0x0000000088100000, 0x0000000088200000|  0%| F|  |TAMS 0x0000000088100000, 0x0000000088100000| Untracked 
| 118|0x0000000088200000, 0x0000000088200000, 0x0000000088300000|  0%| F|  |TAMS 0x0000000088200000, 0x0000000088200000| Untracked 
| 119|0x0000000088300000, 0x0000000088300000, 0x0000000088400000|  0%| F|  |TAMS 0x0000000088300000, 0x0000000088300000| Untracked 
| 120|0x0000000088400000, 0x0000000088400000, 0x0000000088500000|  0%| F|  |TAMS 0x0000000088400000, 0x0000000088400000| Untracked 
| 121|0x0000000088500000, 0x0000000088500000, 0x0000000088600000|  0%| F|  |TAMS 0x0000000088500000, 0x0000000088500000| Untracked 
| 122|0x0000000088600000, 0x0000000088600000, 0x0000000088700000|  0%| F|  |TAMS 0x0000000088600000, 0x0000000088600000| Untracked 
| 123|0x0000000088700000, 0x0000000088700000, 0x0000000088800000|  0%| F|  |TAMS 0x0000000088700000, 0x0000000088700000| Untracked 
| 124|0x0000000088800000, 0x0000000088800000, 0x0000000088900000|  0%| F|  |TAMS 0x0000000088800000, 0x0000000088800000| Untracked 
| 125|0x0000000088900000, 0x000000008899caa0, 0x0000000088a00000| 61%| S|CS|TAMS 0x0000000088900000, 0x0000000088900000| Complete 
| 126|0x0000000088a00000, 0x0000000088a00000, 0x0000000088b00000|  0%| F|  |TAMS 0x0000000088a00000, 0x0000000088a00000| Untracked 
| 127|0x0000000088b00000, 0x0000000088b00000, 0x0000000088c00000|  0%| F|  |TAMS 0x0000000088b00000, 0x0000000088b00000| Untracked 

Card table byte_map: [0x000002a3ca3d0000,0x000002a3ca7d0000] _byte_map_base: 0x000002a3c9fca000

Marking Bits (Prev, Next): (CMBitMap*) 0x000002a3b26d04b8, (CMBitMap*) 0x000002a3b26d04f8
 Prev Bits: [0x000002a3cabd0000, 0x000002a3ccba0000)
 Next Bits: [0x000002a3ccba0000, 0x000002a3ceb70000)

Polling page: 0x000002a3b0820000

Metaspace:

Usage:
  Non-class:      4.71 MB capacity,     4.71 MB (>99%) used,     1.23 KB ( <1%) free+waste,     1.19 KB ( <1%) overhead. 
      Class:    491.00 KB capacity,   445.48 KB ( 91%) used,    44.89 KB (  9%) free+waste,   640 bytes ( <1%) overhead. 
       Both:      5.19 MB capacity,     5.14 MB (>99%) used,    46.12 KB ( <1%) free+waste,     1.81 KB ( <1%) overhead. 

Virtual space:
  Non-class space:       26.00 MB reserved,       4.75 MB ( 18%) committed 
      Class space:        1.00 GB reserved,     512.00 KB ( <1%) committed 
             Both:        1.03 GB reserved,       5.25 MB ( <1%) committed 

Chunk freelists:
   Non-Class:  42.00 KB
       Class:  21.00 KB
        Both:  63.00 KB

MaxMetaspaceSize: 17179869184.00 GB
CompressedClassSpaceSize: 1.00 GB

CodeHeap 'non-profiled nmethods': size=120000Kb used=29Kb max_used=29Kb free=119971Kb
 bounds [0x000002a3c2660000, 0x000002a3c28d0000, 0x000002a3c9b90000]
CodeHeap 'profiled nmethods': size=120000Kb used=125Kb max_used=125Kb free=119875Kb
 bounds [0x000002a3bb130000, 0x000002a3bb3a0000, 0x000002a3c2660000]
CodeHeap 'non-nmethods': size=5760Kb used=1087Kb max_used=1087Kb free=4672Kb
 bounds [0x000002a3bab90000, 0x000002a3bae00000, 0x000002a3bb130000]
 total_blobs=720 nmethods=101 adapters=224
 compilation: enabled
              stopped_count=0, restarted_count=0
 full_count=0

Compilation events (20 events):
Event: 0.118 Thread 0x000002a3d1eec000 nmethod 80 0x000002a3c2664990 code [0x000002a3c2664b20, 0x000002a3c2664bb8]
Event: 0.121 Thread 0x000002a3d1ef6800   84       3       java.lang.AbstractStringBuilder::ensureCapacityInternal (39 bytes)
Event: 0.122 Thread 0x000002a3d1ef6800 nmethod 84 0x000002a3bb14d090 code [0x000002a3bb14d260, 0x000002a3bb14d740]
Event: 0.122 Thread 0x000002a3d1ef6800   85       3       java.lang.String::hashCode (60 bytes)
Event: 0.122 Thread 0x000002a3d1ef6800 nmethod 85 0x000002a3bb14d910 code [0x000002a3bb14dae0, 0x000002a3bb14dfb0]
Event: 0.130 Thread 0x000002a3d1ef6800   86       3       java.lang.StringLatin1::canEncode (13 bytes)
Event: 0.130 Thread 0x000002a3d1ef6800 nmethod 86 0x000002a3bb14e110 code [0x000002a3bb14e2c0, 0x000002a3bb14e458]
Event: 0.140 Thread 0x000002a3d1ef6800   87       3       java.lang.StringLatin1::indexOf (61 bytes)
Event: 0.140 Thread 0x000002a3d1ef6800 nmethod 87 0x000002a3bb14e510 code [0x000002a3bb14e6e0, 0x000002a3bb14eaf8]
Event: 0.158 Thread 0x000002a3d1ef6800   89       1       java.lang.Enum::ordinal (5 bytes)
Event: 0.158 Thread 0x000002a3d1ef6800 nmethod 89 0x000002a3c2664f90 code [0x000002a3c2665120, 0x000002a3c2665238]
Event: 0.160 Thread 0x000002a3d1ef6800   93       3       java.lang.Math::min (11 bytes)
Event: 0.160 Thread 0x000002a3d1ef6800 nmethod 93 0x000002a3bb14ec10 code [0x000002a3bb14edc0, 0x000002a3bb14ef58]
Event: 0.162 Thread 0x000002a3d1ef6800   94       3       java.lang.AbstractStringBuilder::isLatin1 (19 bytes)
Event: 0.163 Thread 0x000002a3d1ef6800 nmethod 94 0x000002a3bb14f010 code [0x000002a3bb14f1c0, 0x000002a3bb14f398]
Event: 0.166 Thread 0x000002a3d1ef6800  100       1       java.util.concurrent.CopyOnWriteArrayList::setArray (6 bytes)
Event: 0.166 Thread 0x000002a3d1ef6800 nmethod 100 0x000002a3c2666d90 code [0x000002a3c2666f20, 0x000002a3c2667098]
Event: 0.166 Thread 0x000002a3d1ef6800  101       1       java.lang.module.ModuleDescriptor::provides (5 bytes)
Event: 0.166 Thread 0x000002a3d1ef6800 nmethod 101 0x000002a3c2667110 code [0x000002a3c26672a0, 0x000002a3c26673b8]
Event: 0.166 Thread 0x000002a3d1ef6800  102       3       java.util.concurrent.ConcurrentHashMap::get (162 bytes)

GC Heap History (2 events):
Event: 0.166 GC heap before
{Heap before GC invocations=0 (full 0):
 garbage-first heap   total 131072K, used 1024K [0x0000000080c00000, 0x0000000100000000)
  region size 1024K, 2 young (2048K), 0 survivors (0K)
 Metaspace       used 5265K, capacity 5313K, committed 5376K, reserved 1073152K
  class space    used 445K, capacity 491K, committed 512K, reserved 1048576K
}
Event: 0.169 GC heap after
{Heap after GC invocations=1 (full 0):
 garbage-first heap   total 131072K, used 626K [0x0000000080c00000, 0x0000000100000000)
  region size 1024K, 1 young (1024K), 1 survivors (1024K)
 Metaspace       used 5265K, capacity 5313K, committed 5376K, reserved 1073152K
  class space    used 445K, capacity 491K, committed 512K, reserved 1048576K
}

Deoptimization events (4 events):
Event: 0.118 Thread 0x000002a3b268c800 Uncommon trap: trap_request=0xffffff45 fr.pc=0x000002a3c26647ac relative=0x000000000000018c
Event: 0.118 Thread 0x000002a3b268c800 Uncommon trap: reason=unstable_if action=reinterpret pc=0x000002a3c26647ac method=java.lang.String.hashCode()I @ 42 c2
Event: 0.118 Thread 0x000002a3b268c800 DEOPT PACKING pc=0x000002a3c26647ac sp=0x000000afd82fe2a0
Event: 0.118 Thread 0x000002a3b268c800 DEOPT UNPACKING pc=0x000002a3babd942f sp=0x000000afd82fe238 mode 2

Classes unloaded (0 events):
No events

Classes redefined (0 events):
No events

Internal exceptions (0 events):
No events

Events (20 events):
Event: 0.163 loading class jdk/internal/org/objectweb/asm/FieldVisitor done
Event: 0.163 loading class jdk/internal/org/objectweb/asm/FieldWriter done
Event: 0.163 loading class jdk/internal/org/objectweb/asm/MethodWriter
Event: 0.163 loading class jdk/internal/org/objectweb/asm/MethodVisitor
Event: 0.163 loading class jdk/internal/org/objectweb/asm/MethodVisitor done
Event: 0.163 loading class jdk/internal/org/objectweb/asm/MethodWriter done
Event: 0.164 loading class jdk/internal/org/objectweb/asm/Label
Event: 0.164 loading class jdk/internal/org/objectweb/asm/Label done
Event: 0.164 loading class jdk/internal/org/objectweb/asm/AnnotationWriter
Event: 0.164 loading class jdk/internal/org/objectweb/asm/AnnotationVisitor
Event: 0.164 loading class jdk/internal/org/objectweb/asm/AnnotationVisitor done
Event: 0.164 loading class jdk/internal/org/objectweb/asm/AnnotationWriter done
Event: 0.164 loading class java/lang/invoke/InnerClassLambdaMetafactory$ForwardingMethodGenerator
Event: 0.164 loading class java/lang/invoke/TypeConvertingMethodAdapter
Event: 0.164 loading class java/lang/invoke/TypeConvertingMethodAdapter done
Event: 0.164 loading class java/lang/invoke/InnerClassLambdaMetafactory$ForwardingMethodGenerator done
Event: 0.165 loading class jdk/internal/org/objectweb/asm/Handler
Event: 0.165 loading class jdk/internal/org/objectweb/asm/Handler done
Event: 0.166 loading class java/util/ServiceLoader$LazyClassPathLookupIterator
Event: 0.166 Executing VM operation: CollectForMetadataAllocation


Dynamic libraries:
0x00007ff732f90000 - 0x00007ff732f9f000 	C:\Program Files\Java\jdk-13\bin\javaw.exe
0x00007ffdaf720000 - 0x00007ffdaf910000 	C:\WINDOWS\SYSTEM32\ntdll.dll
0x00007ffdaeb90000 - 0x00007ffdaec42000 	C:\WINDOWS\System32\KERNEL32.DLL
0x00007ffdad3f0000 - 0x00007ffdad693000 	C:\WINDOWS\System32\KERNELBASE.dll
0x00007ffdad2c0000 - 0x00007ffdad3ba000 	C:\WINDOWS\System32\ucrtbase.dll
0x00007ffda6d80000 - 0x00007ffda6d98000 	C:\Program Files\Java\jdk-13\bin\jli.dll
0x00007ffda6d60000 - 0x00007ffda6d75000 	C:\Program Files\Java\jdk-13\bin\VCRUNTIME140.dll
0x00007ffdad810000 - 0x00007ffdad8b3000 	C:\WINDOWS\System32\ADVAPI32.dll
0x00007ffdadde0000 - 0x00007ffdade7e000 	C:\WINDOWS\System32\msvcrt.dll
0x00007ffdaeaf0000 - 0x00007ffdaeb87000 	C:\WINDOWS\System32\sechost.dll
0x00007ffdade80000 - 0x00007ffdadfa0000 	C:\WINDOWS\System32\RPCRT4.dll
0x00007ffdaf510000 - 0x00007ffdaf6a3000 	C:\WINDOWS\System32\USER32.dll
0x00007ffdad3c0000 - 0x00007ffdad3e1000 	C:\WINDOWS\System32\win32u.dll
0x00007ffd9e890000 - 0x00007ffd9eb15000 	C:\WINDOWS\WinSxS\amd64_microsoft.windows.common-controls_6595b64144ccf1df_6.0.18362.388_none_e6c6afa5130d5b6d\COMCTL32.dll
0x00007ffdadda0000 - 0x00007ffdaddc6000 	C:\WINDOWS\System32\GDI32.dll
0x00007ffdae6e0000 - 0x00007ffdaea16000 	C:\WINDOWS\System32\combase.dll
0x00007ffdacf80000 - 0x00007ffdad114000 	C:\WINDOWS\System32\gdi32full.dll
0x00007ffdad6a0000 - 0x00007ffdad73e000 	C:\WINDOWS\System32\msvcp_win.dll
0x00007ffdad140000 - 0x00007ffdad1c0000 	C:\WINDOWS\System32\bcryptPrimitives.dll
0x00007ffda9460000 - 0x00007ffda946a000 	C:\WINDOWS\SYSTEM32\VERSION.dll
0x00007ffdae240000 - 0x00007ffdae26e000 	C:\WINDOWS\System32\IMM32.DLL
0x00007ffda0b80000 - 0x00007ffda0c1b000 	C:\Program Files\Java\jdk-13\bin\msvcp140.dll
0x00007ffd79db0000 - 0x00007ffd7a916000 	C:\Program Files\Java\jdk-13\bin\server\jvm.dll
0x00007ffdaf340000 - 0x00007ffdaf348000 	C:\WINDOWS\System32\PSAPI.DLL
0x00007ffda3600000 - 0x00007ffda3609000 	C:\WINDOWS\SYSTEM32\WSOCK32.dll
0x00007ffda36c0000 - 0x00007ffda36e4000 	C:\WINDOWS\SYSTEM32\WINMM.dll
0x00007ffdae1d0000 - 0x00007ffdae23f000 	C:\WINDOWS\System32\WS2_32.dll
0x00007ffda3670000 - 0x00007ffda369d000 	C:\WINDOWS\SYSTEM32\WINMMBASE.dll
0x00007ffdad1c0000 - 0x00007ffdad20a000 	C:\WINDOWS\System32\cfgmgr32.dll
0x00007ffdac5d0000 - 0x00007ffdac5e1000 	C:\WINDOWS\System32\kernel.appcore.dll
0x00007ffd9c010000 - 0x00007ffd9c020000 	C:\Program Files\Java\jdk-13\bin\verify.dll
0x00007ffda6660000 - 0x00007ffda6854000 	C:\WINDOWS\SYSTEM32\DBGHELP.DLL
0x00007ffda6420000 - 0x00007ffda644a000 	C:\WINDOWS\SYSTEM32\dbgcore.DLL
0x00007ffd80d70000 - 0x00007ffd80d96000 	C:\Program Files\Java\jdk-13\bin\java.dll
0x00007ffd84380000 - 0x00007ffd84397000 	C:\Program Files\Java\jdk-13\bin\zip.dll
0x00007ffd9baa0000 - 0x00007ffd9baaa000 	C:\Program Files\Java\jdk-13\bin\jimage.dll
0x00007ffdaec50000 - 0x00007ffdaf335000 	C:\WINDOWS\System32\SHELL32.dll
0x00007ffdaf460000 - 0x00007ffdaf509000 	C:\WINDOWS\System32\shcore.dll
0x00007ffdac7d0000 - 0x00007ffdacf4f000 	C:\WINDOWS\System32\windows.storage.dll
0x00007ffdac5f0000 - 0x00007ffdac60f000 	C:\WINDOWS\System32\profapi.dll
0x00007ffdac610000 - 0x00007ffdac65a000 	C:\WINDOWS\System32\powrprof.dll
0x00007ffdac5c0000 - 0x00007ffdac5d0000 	C:\WINDOWS\System32\UMPDC.dll
0x00007ffdae3d0000 - 0x00007ffdae422000 	C:\WINDOWS\System32\shlwapi.dll
0x00007ffdad120000 - 0x00007ffdad137000 	C:\WINDOWS\System32\cryptsp.dll

dbghelp: loaded successfully - version: 4.0.5 - missing functions: none
symbol engine: initialized successfully - sym options: 0x614 - pdb path: .;C:\Program Files\Java\jdk-13\bin;C:\WINDOWS\SYSTEM32;C:\WINDOWS\WinSxS\amd64_microsoft.windows.common-controls_6595b64144ccf1df_6.0.18362.388_none_e6c6afa5130d5b6d;C:\Program Files\Java\jdk-13\bin\server

VM Arguments:
jvm_args: -Dfile.encoding=Cp1251 
java_command: yolocha.pr1
java_class_path (initial): F:\worcks\yolocha\bin
Launcher Type: SUN_STANDARD

[Global flags]
     intx CICompilerCount                          = 4                                         {product} {ergonomic}
     uint ConcGCThreads                            = 2                                         {product} {ergonomic}
     uint G1ConcRefinementThreads                  = 8                                         {product} {ergonomic}
   size_t G1HeapRegionSize                         = 1048576                                   {product} {ergonomic}
    uintx GCDrainStackTargetSize                   = 64                                        {product} {ergonomic}
   size_t InitialHeapSize                          = 134217728                                 {product} {ergonomic}
   size_t MarkStackSize                            = 4194304                                   {product} {ergonomic}
   size_t MaxHeapSize                              = 2134900736                                {product} {ergonomic}
   size_t MaxNewSize                               = 1280311296                                {product} {ergonomic}
   size_t MinHeapDeltaBytes                        = 1048576                                   {product} {ergonomic}
   size_t MinHeapSize                              = 8388608                                   {product} {ergonomic}
    uintx NonNMethodCodeHeapSize                   = 5836300                                {pd product} {ergonomic}
    uintx NonProfiledCodeHeapSize                  = 122910970                              {pd product} {ergonomic}
    uintx ProfiledCodeHeapSize                     = 122910970                              {pd product} {ergonomic}
    uintx ReservedCodeCacheSize                    = 251658240                              {pd product} {ergonomic}
     bool SegmentedCodeCache                       = true                                      {product} {ergonomic}
   size_t SoftMaxHeapSize                          = 2134900736                             {manageable} {ergonomic}
     bool UseCompressedClassPointers               = true                                 {lp64_product} {ergonomic}
     bool UseCompressedOops                        = true                                 {lp64_product} {ergonomic}
     bool UseG1GC                                  = true                                      {product} {ergonomic}
     bool UseLargePagesIndividualAllocation        = false                                  {pd product} {ergonomic}

Logging:
Log output configuration:
 #0: stdout all=warning uptime,level,tags
 #1: stderr all=off uptime,level,tags

Environment Variables:
PATH=C:/Program Files/Java/jdk-13/bin/server;C:/Program Files/Java/jdk-13/bin;C:\Program Files (x86)\Common Files\Oracle\Java\javapath;C:\Windows\system32;C:\Windows;C:\Windows\System32\Wbem;C:\Windows\System32\WindowsPowerShell\v1.0\;C:\Windows\System32\OpenSSH\;C:\WINDOWS\system32;C:\WINDOWS;C:\WINDOWS\System32\Wbem;C:\WINDOWS\System32\WindowsPowerShell\v1.0\;C:\WINDOWS\System32\OpenSSH\;C:\Program Files\NVIDIA Corporation\NVIDIA NGX;C:\Program Files (x86)\NVIDIA Corporation\PhysX\Common;%SystemRoot%\system32;%SystemRoot%;%SystemRoot%\System32\Wbem;%SYSTEMROOT%\System32\WindowsPowerShell\v1.0\;%SYSTEMROOT%\System32\OpenSSH\;C:\Program Files\NVIDIA Corporation\NVIDIA NvDLISR;F:\Scripts\;F:\;C:\Users\Дом\AppData\Local\Microsoft\WindowsApps;;C:\Users\Дом\Desktop;
USERNAME=Дом
OS=Windows_NT
PROCESSOR_IDENTIFIER=AMD64 Family 21 Model 2 Stepping 0, AuthenticAMD



---------------  S Y S T E M  ---------------

OS: Windows 10 , 64 bit Build 18362 (10.0.18362.329)

CPU:total 8 (initial active 8) (8 cores per cpu, 1 threads per core) family 21 model 2 stepping 0, cmov, cx8, fxsr, mmx, sse, sse2, sse3, ssse3, sse4.1, sse4.2, popcnt, avx, aes, clmul, mmxext, 3dnowpref, lzcnt, sse4a, tsc, tscinvbit, tscinv, bmi1, fma

Memory: 4k page, system-wide physical 8137M (2657M free)
TotalPageFile size 22408M (AvailPageFile size 3M)
current process WorkingSet (physical memory assigned to process): 29M, peak: 29M
current process commit charge ("private bytes"): 204M, peak: 205M

vm_info: Java HotSpot(TM) 64-Bit Server VM (13+33) for windows-amd64 JRE (13+33), built on Sep 18 2019 21:38:00 by "mach5one" with unknown MS VC++:1916

END.
