#
# There is insufficient memory for the Java Runtime Environment to continue.
# Native memory allocation (mmap) failed to map 134217728 bytes for Failed to commit area from 0x0000000080c00000 to 0x0000000088c00000 of length 134217728.
# Possible reasons:
#   The system is out of physical RAM or swap space
#   The process is running with CompressedOops enabled, and the Java Heap may be blocking the growth of the native heap
# Possible solutions:
#   Reduce memory load on the system
#   Increase physical memory or swap space
#   Check if swap backing store is full
#   Decrease Java heap size (-Xmx/-Xms)
#   Decrease number of Java threads
#   Decrease Java thread stack sizes (-Xss)
#   Set larger code cache with -XX:ReservedCodeCacheSize=
# This output file may be truncated or incomplete.
#
#  Out of Memory Error (t:/workspace/open/src/hotspot/os/windows/os_windows.cpp:3301), pid=1924, tid=11016
#
# JRE version:  (13.0+33) (build )
# Java VM: Java HotSpot(TM) 64-Bit Server VM (13+33, mixed mode, aot, sharing, tiered, compressed oops, g1 gc, windows-amd64)
# No core dump will be written. Minidumps are not enabled by default on client versions of Windows
#

---------------  S U M M A R Y ------------

Command Line: -Dfile.encoding=Cp1251 yolocha.pr1

Host: AMD FX-8320E Eight-Core Processor              , 8 cores, 7G,  Windows 10 , 64 bit Build 18362 (10.0.18362.329)
Time: Sun Oct  6 20:41:48 2019 RTZ 2 (ceia) elapsed time: 0 seconds (0d 0h 0m 0s)

---------------  T H R E A D  ---------------

Current thread (0x000001cb9a43d800):  JavaThread "Unknown thread" [_thread_in_vm, id=11016, stack(0x00000039ede00000,0x00000039edf00000)]

Stack: [0x00000039ede00000,0x00000039edf00000]
Native frames: (J=compiled Java code, j=interpreted, Vv=VM code, C=native code)
V  [jvm.dll+0x626eaa]
V  [jvm.dll+0x772c4a]
V  [jvm.dll+0x7743ff]
V  [jvm.dll+0x774a03]
V  [jvm.dll+0x24da38]
V  [jvm.dll+0x62436a]
V  [jvm.dll+0x618f55]
V  [jvm.dll+0x30c5fc]
V  [jvm.dll+0x30c432]
V  [jvm.dll+0x311ba6]
V  [jvm.dll+0x355cc6]
V  [jvm.dll+0x3554a0]
V  [jvm.dll+0x2e727a]
V  [jvm.dll+0x2e8512]
V  [jvm.dll+0x74fcb8]
V  [jvm.dll+0x363719]
V  [jvm.dll+0x732da5]
V  [jvm.dll+0x3ce2cf]
V  [jvm.dll+0x3d05f1]
C  [jli.dll+0x51ff]
C  [ucrtbase.dll+0x20e72]
C  [KERNEL32.DLL+0x17bd4]
C  [ntdll.dll+0x6ced1]


---------------  P R O C E S S  ---------------

Threads class SMR info:
_java_thread_list=0x00007ffd7a8746b8, length=0, elements={
}

Java Threads: ( => current thread )

Other Threads:
  0x000001cb9a482000 GCTaskThread "GC Thread#0" [stack: 0x00000039edf00000,0x00000039ee000000] [id=18116]
  0x000001cb9a494000 ConcurrentGCThread "G1 Main Marker" [stack: 0x00000039ee000000,0x00000039ee100000] [id=19720]
  0x000001cb9a495000 ConcurrentGCThread "G1 Conc#0" [stack: 0x00000039ee100000,0x00000039ee200000] [id=19460]

[error occurred during error reporting (printing all threads), id 0xc0000005, EXCEPTION_ACCESS_VIOLATION (0xc0000005) at pc=0x00007ffd7a0a6f47]

VM state:not at safepoint (not fully initialized)

VM Mutex/Monitor currently owned by a thread:  ([mutex/lock_event])
[0x000001cb9a43a2e0] Heap_lock - owner thread: 0x000001cb9a43d800

Heap address: 0x0000000080c00000, size: 2036 MB, Compressed Oops mode: Non-zero based: 0x0000000080c00000
Narrow klass base: 0x0000000000000000, Narrow klass shift: 0

GC Heap History (0 events):
No events

Deoptimization events (0 events):
No events

Classes unloaded (0 events):
No events

Classes redefined (0 events):
No events

Internal exceptions (0 events):
No events

Events (8 events):
Event: 0.009 Loaded shared library C:\Program Files\Java\jdk-13\bin\zip.dll
Event: 0.010 Loaded shared library C:\Program Files\Java\jdk-13\bin\jimage.dll
Event: 0.011 Loading shared library C:\Program Files\Java\jdk-13\lib\libjava.base-coop.dll failed, error code 126
Event: 0.011 Loading shared library C:\Program Files\Java\jdk-13\lib\libjava.logging-coop.dll failed, error code 126
Event: 0.011 Loading shared library C:\Program Files\Java\jdk-13\lib\libjdk.compiler-coop.dll failed, error code 126
Event: 0.011 Loading shared library C:\Program Files\Java\jdk-13\lib\libjdk.scripting.nashorn-coop.dll failed, error code 126
Event: 0.012 Loading shared library C:\Program Files\Java\jdk-13\lib\libjdk.internal.vm.ci-coop.dll failed, error code 126
Event: 0.012 Loading shared library C:\Program Files\Java\jdk-13\lib\libjdk.internal.vm.compiler-coop.dll failed, error code 126


Dynamic libraries:
0x00007ff732f90000 - 0x00007ff732f9f000 	C:\Program Files\Java\jdk-13\bin\javaw.exe
0x00007ffdaf720000 - 0x00007ffdaf910000 	C:\WINDOWS\SYSTEM32\ntdll.dll
0x00007ffdaeb90000 - 0x00007ffdaec42000 	C:\WINDOWS\System32\KERNEL32.DLL
0x00007ffdad3f0000 - 0x00007ffdad693000 	C:\WINDOWS\System32\KERNELBASE.dll
0x00007ffdad2c0000 - 0x00007ffdad3ba000 	C:\WINDOWS\System32\ucrtbase.dll
0x00007ffda6d80000 - 0x00007ffda6d98000 	C:\Program Files\Java\jdk-13\bin\jli.dll
0x00007ffda6d60000 - 0x00007ffda6d75000 	C:\Program Files\Java\jdk-13\bin\VCRUNTIME140.dll
0x00007ffdad810000 - 0x00007ffdad8b3000 	C:\WINDOWS\System32\ADVAPI32.dll
0x00007ffdadde0000 - 0x00007ffdade7e000 	C:\WINDOWS\System32\msvcrt.dll
0x00007ffdaeaf0000 - 0x00007ffdaeb87000 	C:\WINDOWS\System32\sechost.dll
0x00007ffdade80000 - 0x00007ffdadfa0000 	C:\WINDOWS\System32\RPCRT4.dll
0x00007ffdaf510000 - 0x00007ffdaf6a3000 	C:\WINDOWS\System32\USER32.dll
0x00007ffd9e890000 - 0x00007ffd9eb15000 	C:\WINDOWS\WinSxS\amd64_microsoft.windows.common-controls_6595b64144ccf1df_6.0.18362.388_none_e6c6afa5130d5b6d\COMCTL32.dll
0x00007ffdad3c0000 - 0x00007ffdad3e1000 	C:\WINDOWS\System32\win32u.dll
0x00007ffdae6e0000 - 0x00007ffdaea16000 	C:\WINDOWS\System32\combase.dll
0x00007ffdadda0000 - 0x00007ffdaddc6000 	C:\WINDOWS\System32\GDI32.dll
0x00007ffdacf80000 - 0x00007ffdad114000 	C:\WINDOWS\System32\gdi32full.dll
0x00007ffdad140000 - 0x00007ffdad1c0000 	C:\WINDOWS\System32\bcryptPrimitives.dll
0x00007ffdad6a0000 - 0x00007ffdad73e000 	C:\WINDOWS\System32\msvcp_win.dll
0x00007ffda9460000 - 0x00007ffda946a000 	C:\WINDOWS\SYSTEM32\VERSION.dll
0x00007ffdae240000 - 0x00007ffdae26e000 	C:\WINDOWS\System32\IMM32.DLL
0x00007ffda0b80000 - 0x00007ffda0c1b000 	C:\Program Files\Java\jdk-13\bin\msvcp140.dll
0x00007ffd79db0000 - 0x00007ffd7a916000 	C:\Program Files\Java\jdk-13\bin\server\jvm.dll
0x00007ffdaf340000 - 0x00007ffdaf348000 	C:\WINDOWS\System32\PSAPI.DLL
0x00007ffda3600000 - 0x00007ffda3609000 	C:\WINDOWS\SYSTEM32\WSOCK32.dll
0x00007ffda36c0000 - 0x00007ffda36e4000 	C:\WINDOWS\SYSTEM32\WINMM.dll
0x000001cb99ba0000 - 0x000001cb99c0f000 	C:\WINDOWS\System32\ws2_32.DLL
0x00007ffda3670000 - 0x00007ffda369d000 	C:\WINDOWS\SYSTEM32\WINMMBASE.dll
0x00007ffdad1c0000 - 0x00007ffdad20a000 	C:\WINDOWS\System32\cfgmgr32.dll
0x00007ffdac5d0000 - 0x00007ffdac5e1000 	C:\WINDOWS\System32\kernel.appcore.dll
0x00007ffd9c010000 - 0x00007ffd9c020000 	C:\Program Files\Java\jdk-13\bin\verify.dll
0x00007ffda6660000 - 0x00007ffda6854000 	C:\WINDOWS\SYSTEM32\DBGHELP.DLL
0x00007ffda6420000 - 0x00007ffda644a000 	C:\WINDOWS\SYSTEM32\dbgcore.DLL
0x00007ffd80d70000 - 0x00007ffd80d96000 	C:\Program Files\Java\jdk-13\bin\java.dll
0x00007ffd84380000 - 0x00007ffd84397000 	C:\Program Files\Java\jdk-13\bin\zip.dll
0x00007ffd9baa0000 - 0x00007ffd9baaa000 	C:\Program Files\Java\jdk-13\bin\jimage.dll

dbghelp: loaded successfully - version: 4.0.5 - missing functions: none
symbol engine: initialized successfully - sym options: 0x614 - pdb path: .;C:\Program Files\Java\jdk-13\bin;C:\WINDOWS\SYSTEM32;C:\WINDOWS\WinSxS\amd64_microsoft.windows.common-controls_6595b64144ccf1df_6.0.18362.388_none_e6c6afa5130d5b6d;C:\Program Files\Java\jdk-13\bin\server

VM Arguments:
jvm_args: -Dfile.encoding=Cp1251 
java_command: yolocha.pr1
java_class_path (initial): F:\worcks\yolocha\bin
Launcher Type: SUN_STANDARD

[Global flags]
     intx CICompilerCount                          = 4                                         {product} {ergonomic}
     uint ConcGCThreads                            = 2                                         {product} {ergonomic}
     uint G1ConcRefinementThreads                  = 8                                         {product} {ergonomic}
   size_t G1HeapRegionSize                         = 1048576                                   {product} {ergonomic}
    uintx GCDrainStackTargetSize                   = 64                                        {product} {ergonomic}
   size_t InitialHeapSize                          = 134217728                                 {product} {ergonomic}
   size_t MarkStackSize                            = 4194304                                   {product} {ergonomic}
   size_t MaxHeapSize                              = 2134900736                                {product} {ergonomic}
   size_t MinHeapDeltaBytes                        = 1048576                                   {product} {ergonomic}
   size_t MinHeapSize                              = 8388608                                   {product} {ergonomic}
    uintx NonNMethodCodeHeapSize                   = 5836300                                {pd product} {ergonomic}
    uintx NonProfiledCodeHeapSize                  = 122910970                              {pd product} {ergonomic}
    uintx ProfiledCodeHeapSize                     = 122910970                              {pd product} {ergonomic}
    uintx ReservedCodeCacheSize                    = 251658240                              {pd product} {ergonomic}
     bool SegmentedCodeCache                       = true                                      {product} {ergonomic}
   size_t SoftMaxHeapSize                          = 2134900736                             {manageable} {ergonomic}
     bool UseCompressedClassPointers               = true                                 {lp64_product} {ergonomic}
     bool UseCompressedOops                        = true                                 {lp64_product} {ergonomic}
     bool UseG1GC                                  = true                                      {product} {ergonomic}
     bool UseLargePagesIndividualAllocation        = false                                  {pd product} {ergonomic}

Logging:
Log output configuration:
 #0: stdout all=warning uptime,level,tags
 #1: stderr all=off uptime,level,tags

Environment Variables:
PATH=C:/Program Files/Java/jdk-13/bin/server;C:/Program Files/Java/jdk-13/bin;C:\Program Files (x86)\Common Files\Oracle\Java\javapath;C:\Windows\system32;C:\Windows;C:\Windows\System32\Wbem;C:\Windows\System32\WindowsPowerShell\v1.0\;C:\Windows\System32\OpenSSH\;C:\WINDOWS\system32;C:\WINDOWS;C:\WINDOWS\System32\Wbem;C:\WINDOWS\System32\WindowsPowerShell\v1.0\;C:\WINDOWS\System32\OpenSSH\;C:\Program Files\NVIDIA Corporation\NVIDIA NGX;C:\Program Files (x86)\NVIDIA Corporation\PhysX\Common;%SystemRoot%\system32;%SystemRoot%;%SystemRoot%\System32\Wbem;%SYSTEMROOT%\System32\WindowsPowerShell\v1.0\;%SYSTEMROOT%\System32\OpenSSH\;C:\Program Files\NVIDIA Corporation\NVIDIA NvDLISR;F:\Scripts\;F:\;C:\Users\Дом\AppData\Local\Microsoft\WindowsApps;;C:\Users\Дом\Desktop;
USERNAME=Дом
OS=Windows_NT
PROCESSOR_IDENTIFIER=AMD64 Family 21 Model 2 Stepping 0, AuthenticAMD



---------------  S Y S T E M  ---------------

OS: Windows 10 , 64 bit Build 18362 (10.0.18362.329)

CPU:total 8 (initial active 8) (8 cores per cpu, 1 threads per core) family 21 model 2 stepping 0, cmov, cx8, fxsr, mmx, sse, sse2, sse3, ssse3, sse4.1, sse4.2, popcnt, avx, aes, clmul, mmxext, 3dnowpref, lzcnt, sse4a, tsc, tscinvbit, tscinv, bmi1, fma

Memory: 4k page, system-wide physical 8137M (2976M free)
TotalPageFile size 22408M (AvailPageFile size 28M)
current process WorkingSet (physical memory assigned to process): 10M, peak: 10M
current process commit charge ("private bytes"): 60M, peak: 188M

vm_info: Java HotSpot(TM) 64-Bit Server VM (13+33) for windows-amd64 JRE (13+33), built on Sep 18 2019 21:38:00 by "mach5one" with unknown MS VC++:1916

END.
